2017-09-05 16:29:38,821 - Velocimacro : allowInlineToOverride = false : VMs defined inline may NOT replace previous VM definitions
2017-09-05 16:29:38,821 - Velocimacro : allowInlineLocal = false : VMs defined inline will be global in scope if allowed.
2017-09-05 16:29:38,821 - Velocimacro : autoload off : VM system will not automatically reload global library macros
2017-09-05 16:29:38,828 - ResourceManager : found tmp.entity.vm with loader org.apache.velocity.runtime.resource.loader.FileResourceLoader
2017-09-05 16:29:38,966 - Log4JLogChute initialized using file 'velocity.log'
2017-09-05 16:29:38,966 - Initializing Velocity, Calling init()...
2017-09-05 16:29:38,967 - Starting Apache Velocity v1.7 (compiled: 2010-11-19 12:14:37)
2017-09-05 16:29:38,967 - Default Properties File: org\apache\velocity\runtime\defaults\velocity.properties
2017-09-05 16:29:38,967 - Trying to use logger class org.apache.velocity.runtime.log.AvalonLogChute
2017-09-05 16:29:38,967 - Target log system for org.apache.velocity.runtime.log.AvalonLogChute is not available (java.lang.NoClassDefFoundError: org/apache/log/format/Formatter).  Falling back to next log system...
2017-09-05 16:29:38,968 - Trying to use logger class org.apache.velocity.runtime.log.Log4JLogChute
2017-09-05 16:29:38,968 - Using logger class org.apache.velocity.runtime.log.Log4JLogChute
2017-09-05 16:29:38,968 - ResourceLoader instantiated: org.apache.velocity.runtime.resource.loader.FileResourceLoader
2017-09-05 16:29:38,968 - Do unicode file recognition:  false
2017-09-05 16:29:38,968 - FileResourceLoader : adding path '/D:/IdeaProjects/monitor/target/test-classes/'
2017-09-05 16:29:38,968 - ResourceCache: initialized (class org.apache.velocity.runtime.resource.ResourceCacheImpl) with class java.util.Collections$SynchronizedMap cache map.
2017-09-05 16:29:38,968 - Loaded System Directive: org.apache.velocity.runtime.directive.Stop
2017-09-05 16:29:38,968 - Loaded System Directive: org.apache.velocity.runtime.directive.Define
2017-09-05 16:29:38,968 - Loaded System Directive: org.apache.velocity.runtime.directive.Break
2017-09-05 16:29:38,968 - Loaded System Directive: org.apache.velocity.runtime.directive.Evaluate
2017-09-05 16:29:38,968 - Loaded System Directive: org.apache.velocity.runtime.directive.Literal
2017-09-05 16:29:38,968 - Loaded System Directive: org.apache.velocity.runtime.directive.Macro
2017-09-05 16:29:38,968 - Loaded System Directive: org.apache.velocity.runtime.directive.Parse
2017-09-05 16:29:38,968 - Loaded System Directive: org.apache.velocity.runtime.directive.Include
2017-09-05 16:29:38,968 - Loaded System Directive: org.apache.velocity.runtime.directive.Foreach
2017-09-05 16:29:38,969 - Created '20' parsers.
2017-09-05 16:29:38,969 - Velocimacro : "velocimacro.library" is not set.  Trying default library: VM_global_library.vm
2017-09-05 16:29:38,969 - Velocimacro : Default library not found.
2017-09-05 16:29:38,969 - Velocimacro : allowInline = true : VMs can be defined inline in templates
2017-09-05 16:29:38,969 - Velocimacro : allowInlineToOverride = false : VMs defined inline may NOT replace previous VM definitions
2017-09-05 16:29:38,969 - Velocimacro : allowInlineLocal = false : VMs defined inline will be global in scope if allowed.
2017-09-05 16:29:38,969 - Velocimacro : autoload off : VM system will not automatically reload global library macros
2017-09-05 16:29:38,979 - ResourceManager : found tmp.sqlmap.vm with loader org.apache.velocity.runtime.resource.loader.FileResourceLoader
toload off : VM system will not automatically reload global library macros
2017-09-05 16:29:38,979 - ResourceManager : found tmp.sqlmap.vm with loader org.apache.velocity.runtime.resource.loader.FileResourceLoader
2017-09-07 11:33:37,086 - Log4JLogChute initialized using file 'velocity.log'
2017-09-07 11:33:37,087 - Initializing Velocity, Calling init()...
2017-09-07 11:33:37,087 - Starting Apache Velocity v1.7 (compiled: 2010-11-19 12:14:37)
2017-09-07 11:33:37,087 - Default Properties File: org\apache\velocity\runtime\defaults\velocity.properties
2017-09-07 11:33:37,087 - Trying to use logger class org.apache.velocity.runtime.log.AvalonLogChute
2017-09-07 11:33:37,087 - Target log system for org.apache.velocity.runtime.log.AvalonLogChute is not available (java.lang.NoClassDefFoundError: org/apache/log/format/Formatter).  Falling back to next log system...
2017-09-07 11:33:37,087 - Trying to use logger class org.apache.velocity.runtime.log.Log4JLogChute
2017-09-07 11:33:37,087 - Using logger class org.apache.velocity.runtime.log.Log4JLogChute
2017-09-07 11:33:37,087 - ResourceLoader instantiated: org.apache.velocity.runtime.resource.loader.FileResourceLoader
2017-09-07 11:33:37,087 - Do unicode file recognition:  false
2017-09-07 11:33:37,087 - FileResourceLoader : adding path '/D:/code/monitor/target/test-classes/'
2017-09-07 11:33:37,087 - ResourceCache: initialized (class org.apache.velocity.runtime.resource.ResourceCacheImpl) with class java.util.Collections$SynchronizedMap cache map.
2017-09-07 11:33:37,088 - Loaded System Directive: org.apache.velocity.runtime.directive.Stop
2017-09-07 11:33:37,089 - Loaded System Directive: org.apache.velocity.runtime.directive.Define
2017-09-07 11:33:37,089 - Loaded System Directive: org.apache.velocity.runtime.directive.Break
2017-09-07 11:33:37,089 - Loaded System Directive: org.apache.velocity.runtime.directive.Evaluate
2017-09-07 11:33:37,089 - Loaded System Directive: org.apache.velocity.runtime.directive.Literal
2017-09-07 11:33:37,089 - Loaded System Directive: org.apache.velocity.runtime.directive.Macro
2017-09-07 11:33:37,089 - Loaded System Directive: org.apache.velocity.runtime.directive.Parse
2017-09-07 11:33:37,089 - Loaded System Directive: org.apache.velocity.runtime.directive.Include
2017-09-07 11:33:37,089 - Loaded System Directive: org.apache.velocity.runtime.directive.Foreach
2017-09-07 11:33:37,089 - Created '20' parsers.
2017-09-07 11:33:37,089 - Velocimacro : "velocimacro.library" is not set.  Trying default library: VM_global_library.vm
2017-09-07 11:33:37,089 - Velocimacro : Default library not found.
2017-09-07 11:33:37,089 - Velocimacro : allowInline = true : VMs can be defined inline in templates
2017-09-07 11:33:37,089 - Velocimacro : allowInlineToOverride = false : VMs defined inline may NOT replace previous VM definitions
2017-09-07 11:33:37,089 - Velocimacro : allowInlineLocal = false : VMs defined inline will be global in scope if allowed.
2017-09-07 11:33:37,089 - Velocimacro : autoload off : VM system will not automatically reload global library macros
2017-09-07 11:33:37,105 - ResourceManager : found tmp.entity.vm with loader org.apache.velocity.runtime.resource.loader.FileResourceLoader
2017-09-07 11:33:37,121 - Log4JLogChute initialized using file 'velocity.log'
2017-09-07 11:33:37,121 - Log4JLogChute initialized using file 'velocity.log'
2017-09-07 11:33:37,121 - Initializing Velocity, Calling init()...
2017-09-07 11:33:37,121 - Initializing Velocity, Calling init()...
2017-09-07 11:33:37,121 - Starting Apache Velocity v1.7 (compiled: 2010-11-19 12:14:37)
2017-09-07 11:33:37,121 - Starting Apache Velocity v1.7 (compiled: 2010-11-19 12:14:37)
2017-09-07 11:33:37,122 - Default Properties File: org\apache\velocity\runtime\defaults\velocity.properties
2017-09-07 11:33:37,122 - Default Properties File: org\apache\velocity\runtime\defaults\velocity.properties
2017-09-07 11:33:37,122 - Trying to use logger class org.apache.velocity.runtime.log.AvalonLogChute
2017-09-07 11:33:37,122 - Trying to use logger class org.apache.velocity.runtime.log.AvalonLogChute
2017-09-07 11:33:37,122 - Target log system for org.apache.velocity.runtime.log.AvalonLogChute is not available (java.lang.NoClassDefFoundError: org/apache/log/format/Formatter).  Falling back to next log system...
2017-09-07 11:33:37,122 - Target log system for org.apache.velocity.runtime.log.AvalonLogChute is not available (java.lang.NoClassDefFoundError: org/apache/log/format/Formatter).  Falling back to next log system...
2017-09-07 11:33:37,122 - Trying to use logger class org.apache.velocity.runtime.log.Log4JLogChute
2017-09-07 11:33:37,122 - Trying to use logger class org.apache.velocity.runtime.log.Log4JLogChute
2017-09-07 11:33:37,122 - Using logger class org.apache.velocity.runtime.log.Log4JLogChute
2017-09-07 11:33:37,122 - Using logger class org.apache.velocity.runtime.log.Log4JLogChute
2017-09-07 11:33:37,122 - ResourceLoader instantiated: org.apache.velocity.runtime.resource.loader.FileResourceLoader
2017-09-07 11:33:37,122 - ResourceLoader instantiated: org.apache.velocity.runtime.resource.loader.FileResourceLoader
2017-09-07 11:33:37,122 - Do unicode file recognition:  false
2017-09-07 11:33:37,122 - Do unicode file recognition:  false
2017-09-07 11:33:37,122 - FileResourceLoader : adding path '/D:/code/monitor/target/test-classes/'
2017-09-07 11:33:37,122 - FileResourceLoader : adding path '/D:/code/monitor/target/test-classes/'
2017-09-07 11:33:37,122 - ResourceCache: initialized (class org.apache.velocity.runtime.resource.ResourceCacheImpl) with class java.util.Collections$SynchronizedMap cache map.
2017-09-07 11:33:37,122 - ResourceCache: initialized (class org.apache.velocity.runtime.resource.ResourceCacheImpl) with class java.util.Collections$SynchronizedMap cache map.
2017-09-07 11:33:37,122 - Loaded System Directive: org.apache.velocity.runtime.directive.Stop
2017-09-07 11:33:37,122 - Loaded System Directive: org.apache.velocity.runtime.directive.Stop
2017-09-07 11:33:37,122 - Loaded System Directive: org.apache.velocity.runtime.directive.Define
2017-09-07 11:33:37,122 - Loaded System Directive: org.apache.velocity.runtime.directive.Define
2017-09-07 11:33:37,122 - Loaded System Directive: org.apache.velocity.runtime.directive.Break
2017-09-07 11:33:37,122 - Loaded System Directive: org.apache.velocity.runtime.directive.Break
2017-09-07 11:33:37,122 - Loaded System Directive: org.apache.velocity.runtime.directive.Evaluate
2017-09-07 11:33:37,122 - Loaded System Directive: org.apache.velocity.runtime.directive.Evaluate
2017-09-07 11:33:37,122 - Loaded System Directive: org.apache.velocity.runtime.directive.Literal
2017-09-07 11:33:37,122 - Loaded System Directive: org.apache.velocity.runtime.directive.Literal
2017-09-07 11:33:37,122 - Loaded System Directive: org.apache.velocity.runtime.directive.Macro
2017-09-07 11:33:37,122 - Loaded System Directive: org.apache.velocity.runtime.directive.Macro
2017-09-07 11:33:37,122 - Loaded System Directive: org.apache.velocity.runtime.directive.Parse
2017-09-07 11:33:37,122 - Loaded System Directive: org.apache.velocity.runtime.directive.Parse
2017-09-07 11:33:37,122 - Loaded System Directive: org.apache.velocity.runtime.directive.Include
2017-09-07 11:33:37,122 - Loaded System Directive: org.apache.velocity.runtime.directive.Include
2017-09-07 11:33:37,122 - Loaded System Directive: org.apache.velocity.runtime.directive.Foreach
2017-09-07 11:33:37,122 - Loaded System Directive: org.apache.velocity.runtime.directive.Foreach
2017-09-07 11:33:37,123 - Created '20' parsers.
2017-09-07 11:33:37,123 - Created '20' parsers.
2017-09-07 11:33:37,123 - Velocimacro : "velocimacro.library" is not set.  Trying default library: VM_global_library.vm
2017-09-07 11:33:37,123 - Velocimacro : "velocimacro.library" is not set.  Trying default library: VM_global_library.vm
2017-09-07 11:33:37,123 - Velocimacro : Default library not found.
2017-09-07 11:33:37,123 - Velocimacro : Default library not found.
2017-09-07 11:33:37,125 - Velocimacro : allowInline = true : VMs can be defined inline in templates
2017-09-07 11:33:37,125 - Velocimacro : allowInline = true : VMs can be defined inline in templates
2017-09-07 11:33:37,126 - Velocimacro : allowInlineToOverride = false : VMs defined inline may NOT replace previous VM definitions
2017-09-07 11:33:37,126 - Velocimacro : allowInlineToOverride = false : VMs defined inline may NOT replace previous VM definitions
2017-09-07 11:33:37,126 - Velocimacro : allowInlineLocal = false : VMs defined inline will be global in scope if allowed.
2017-09-07 11:33:37,126 - Velocimacro : allowInlineLocal = false : VMs defined inline will be global in scope if allowed.
2017-09-07 11:33:37,126 - Velocimacro : autoload off : VM system will not automatically reload global library macros
2017-09-07 11:33:37,126 - Velocimacro : autoload off : VM system will not automatically reload global library macros
2017-09-07 11:33:37,135 - ResourceManager : found tmp.sqlmap.vm with loader org.apache.velocity.runtime.resource.loader.FileResourceLoader
2017-09-07 11:33:37,135 - ResourceManager : found tmp.sqlmap.vm with loader org.apache.velocity.runtime.resource.loader.FileResourceLoader
2017-09-07 11:40:39,768 - Log4JLogChute initialized using file 'velocity.log'
2017-09-07 11:40:39,768 - Initializing Velocity, Calling init()...
2017-09-07 11:40:39,768 - Starting Apache Velocity v1.7 (compiled: 2010-11-19 12:14:37)
2017-09-07 11:40:39,768 - Default Properties File: org\apache\velocity\runtime\defaults\velocity.properties
2017-09-07 11:40:39,768 - Trying to use logger class org.apache.velocity.runtime.log.AvalonLogChute
2017-09-07 11:40:39,768 - Target log system for org.apache.velocity.runtime.log.AvalonLogChute is not available (java.lang.NoClassDefFoundError: org/apache/log/format/Formatter).  Falling back to next log system...
2017-09-07 11:40:39,768 - Trying to use logger class org.apache.velocity.runtime.log.Log4JLogChute
2017-09-07 11:40:39,768 - Using logger class org.apache.velocity.runtime.log.Log4JLogChute
2017-09-07 11:40:39,769 - ResourceLoader instantiated: org.apache.velocity.runtime.resource.loader.FileResourceLoader
2017-09-07 11:40:39,769 - Do unicode file recognition:  false
2017-09-07 11:40:39,769 - FileResourceLoader : adding path '/D:/code/monitor/target/test-classes/'
2017-09-07 11:40:39,769 - ResourceCache: initialized (class org.apache.velocity.runtime.resource.ResourceCacheImpl) with class java.util.Collections$SynchronizedMap cache map.
2017-09-07 11:40:39,769 - Loaded System Directive: org.apache.velocity.runtime.directive.Stop
2017-09-07 11:40:39,769 - Loaded System Directive: org.apache.velocity.runtime.directive.Define
2017-09-07 11:40:39,769 - Loaded System Directive: org.apache.velocity.runtime.directive.Break
2017-09-07 11:40:39,769 - Loaded System Directive: org.apache.velocity.runtime.directive.Evaluate
2017-09-07 11:40:39,769 - Loaded System Directive: org.apache.velocity.runtime.directive.Literal
2017-09-07 11:40:39,769 - Loaded System Directive: org.apache.velocity.runtime.directive.Macro
2017-09-07 11:40:39,769 - Loaded System Directive: org.apache.velocity.runtime.directive.Parse
2017-09-07 11:40:39,769 - Loaded System Directive: org.apache.velocity.runtime.directive.Include
2017-09-07 11:40:39,769 - Loaded System Directive: org.apache.velocity.runtime.directive.Foreach
2017-09-07 11:40:39,773 - Created '20' parsers.
2017-09-07 11:40:39,773 - Velocimacro : "velocimacro.library" is not set.  Trying default library: VM_global_library.vm
2017-09-07 11:40:39,773 - Velocimacro : Default library not found.
2017-09-07 11:40:39,773 - Velocimacro : allowInline = true : VMs can be defined inline in templates
2017-09-07 11:40:39,773 - Velocimacro : allowInlineToOverride = false : VMs defined inline may NOT replace previous VM definitions
2017-09-07 11:40:39,773 - Velocimacro : allowInlineLocal = false : VMs defined inline will be global in scope if allowed.
2017-09-07 11:40:39,773 - Velocimacro : autoload off : VM system will not automatically reload global library macros
2017-09-07 11:40:39,795 - ResourceManager : found tmp.entity.vm with loader org.apache.velocity.runtime.resource.loader.FileResourceLoader
2017-09-07 11:40:39,826 - Log4JLogChute initialized using file 'velocity.log'
2017-09-07 11:40:39,826 - Log4JLogChute initialized using file 'velocity.log'
2017-09-07 11:40:39,826 - Initializing Velocity, Calling init()...
2017-09-07 11:40:39,826 - Initializing Velocity, Calling init()...
2017-09-07 11:40:39,826 - Starting Apache Velocity v1.7 (compiled: 2010-11-19 12:14:37)
2017-09-07 11:40:39,826 - Starting Apache Velocity v1.7 (compiled: 2010-11-19 12:14:37)
2017-09-07 11:40:39,826 - Default Properties File: org\apache\velocity\runtime\defaults\velocity.properties
2017-09-07 11:40:39,826 - Default Properties File: org\apache\velocity\runtime\defaults\velocity.properties
2017-09-07 11:40:39,826 - Trying to use logger class org.apache.velocity.runtime.log.AvalonLogChute
2017-09-07 11:40:39,826 - Trying to use logger class org.apache.velocity.runtime.log.AvalonLogChute
2017-09-07 11:40:39,826 - Target log system for org.apache.velocity.runtime.log.AvalonLogChute is not available (java.lang.NoClassDefFoundError: org/apache/log/format/Formatter).  Falling back to next log system...
2017-09-07 11:40:39,826 - Target log system for org.apache.velocity.runtime.log.AvalonLogChute is not available (java.lang.NoClassDefFoundError: org/apache/log/format/Formatter).  Falling back to next log system...
2017-09-07 11:40:39,826 - Trying to use logger class org.apache.velocity.runtime.log.Log4JLogChute
2017-09-07 11:40:39,826 - Trying to use logger class org.apache.velocity.runtime.log.Log4JLogChute
2017-09-07 11:40:39,826 - Using logger class org.apache.velocity.runtime.log.Log4JLogChute
2017-09-07 11:40:39,826 - Using logger class org.apache.velocity.runtime.log.Log4JLogChute
2017-09-07 11:40:39,826 - ResourceLoader instantiated: org.apache.velocity.runtime.resource.loader.FileResourceLoader
2017-09-07 11:40:39,826 - ResourceLoader instantiated: org.apache.velocity.runtime.resource.loader.FileResourceLoader
2017-09-07 11:40:39,826 - Do unicode file recognition:  false
2017-09-07 11:40:39,826 - Do unicode file recognition:  false
2017-09-07 11:40:39,826 - FileResourceLoader : adding path '/D:/code/monitor/target/test-classes/'
2017-09-07 11:40:39,826 - FileResourceLoader : adding path '/D:/code/monitor/target/test-classes/'
2017-09-07 11:40:39,827 - ResourceCache: initialized (class org.apache.velocity.runtime.resource.ResourceCacheImpl) with class java.util.Collections$SynchronizedMap cache map.
2017-09-07 11:40:39,827 - ResourceCache: initialized (class org.apache.velocity.runtime.resource.ResourceCacheImpl) with class java.util.Collections$SynchronizedMap cache map.
2017-09-07 11:40:39,827 - Loaded System Directive: org.apache.velocity.runtime.directive.Stop
2017-09-07 11:40:39,827 - Loaded System Directive: org.apache.velocity.runtime.directive.Stop
2017-09-07 11:40:39,827 - Loaded System Directive: org.apache.velocity.runtime.directive.Define
2017-09-07 11:40:39,827 - Loaded System Directive: org.apache.velocity.runtime.directive.Define
2017-09-07 11:40:39,827 - Loaded System Directive: org.apache.velocity.runtime.directive.Break
2017-09-07 11:40:39,827 - Loaded System Directive: org.apache.velocity.runtime.directive.Break
2017-09-07 11:40:39,827 - Loaded System Directive: org.apache.velocity.runtime.directive.Evaluate
2017-09-07 11:40:39,827 - Loaded System Directive: org.apache.velocity.runtime.directive.Evaluate
2017-09-07 11:40:39,827 - Loaded System Directive: org.apache.velocity.runtime.directive.Literal
2017-09-07 11:40:39,827 - Loaded System Directive: org.apache.velocity.runtime.directive.Literal
2017-09-07 11:40:39,827 - Loaded System Directive: org.apache.velocity.runtime.directive.Macro
2017-09-07 11:40:39,827 - Loaded System Directive: org.apache.velocity.runtime.directive.Macro
2017-09-07 11:40:39,827 - Loaded System Directive: org.apache.velocity.runtime.directive.Parse
2017-09-07 11:40:39,827 - Loaded System Directive: org.apache.velocity.runtime.directive.Parse
2017-09-07 11:40:39,827 - Loaded System Directive: org.apache.velocity.runtime.directive.Include
2017-09-07 11:40:39,827 - Loaded System Directive: org.apache.velocity.runtime.directive.Include
2017-09-07 11:40:39,827 - Loaded System Directive: org.apache.velocity.runtime.directive.Foreach
2017-09-07 11:40:39,827 - Loaded System Directive: org.apache.velocity.runtime.directive.Foreach
2017-09-07 11:40:39,828 - Created '20' parsers.
2017-09-07 11:40:39,828 - Created '20' parsers.
2017-09-07 11:40:39,828 - Velocimacro : "velocimacro.library" is not set.  Trying default library: VM_global_library.vm
2017-09-07 11:40:39,828 - Velocimacro : "velocimacro.library" is not set.  Trying default library: VM_global_library.vm
2017-09-07 11:40:39,828 - Velocimacro : Default library not found.
2017-09-07 11:40:39,828 - Velocimacro : Default library not found.
2017-09-07 11:40:39,828 - Velocimacro : allowInline = true : VMs can be defined inline in templates
2017-09-07 11:40:39,828 - Velocimacro : allowInline = true : VMs can be defined inline in templates
2017-09-07 11:40:39,828 - Velocimacro : allowInlineToOverride = false : VMs defined inline may NOT replace previous VM definitions
2017-09-07 11:40:39,828 - Velocimacro : allowInlineToOverride = false : VMs defined inline may NOT replace previous VM definitions
2017-09-07 11:40:39,828 - Velocimacro : allowInlineLocal = false : VMs defined inline will be global in scope if allowed.
2017-09-07 11:40:39,828 - Velocimacro : allowInlineLocal = false : VMs defined inline will be global in scope if allowed.
2017-09-07 11:40:39,828 - Velocimacro : autoload off : VM system will not automatically reload global library macros
2017-09-07 11:40:39,828 - Velocimacro : autoload off : VM system will not automatically reload global library macros
2017-09-07 11:40:39,835 - ResourceManager : found tmp.sqlmap.vm with loader org.apache.velocity.runtime.resource.loader.FileResourceLoader
2017-09-07 11:40:39,835 - ResourceManager : found tmp.sqlmap.vm with loader org.apache.velocity.runtime.resource.loader.FileResourceLoader
2017-09-07 11:57:06,292 - Log4JLogChute initialized using file 'velocity.log'
2017-09-07 11:57:06,293 - Initializing Velocity, Calling init()...
2017-09-07 11:57:06,293 - Starting Apache Velocity v1.7 (compiled: 2010-11-19 12:14:37)
2017-09-07 11:57:06,293 - Default Properties File: org\apache\velocity\runtime\defaults\velocity.properties
2017-09-07 11:57:06,293 - Trying to use logger class org.apache.velocity.runtime.log.AvalonLogChute
2017-09-07 11:57:06,293 - Target log system for org.apache.velocity.runtime.log.AvalonLogChute is not available (java.lang.NoClassDefFoundError: org/apache/log/format/Formatter).  Falling back to next log system...
2017-09-07 11:57:06,293 - Trying to use logger class org.apache.velocity.runtime.log.Log4JLogChute
2017-09-07 11:57:06,293 - Using logger class org.apache.velocity.runtime.log.Log4JLogChute
2017-09-07 11:57:06,293 - ResourceLoader instantiated: org.apache.velocity.runtime.resource.loader.FileResourceLoader
2017-09-07 11:57:06,293 - Do unicode file recognition:  false
2017-09-07 11:57:06,293 - FileResourceLoader : adding path '/D:/code/monitor/target/test-classes/'
2017-09-07 11:57:06,293 - ResourceCache: initialized (class org.apache.velocity.runtime.resource.ResourceCacheImpl) with class java.util.Collections$SynchronizedMap cache map.
2017-09-07 11:57:06,294 - Loaded System Directive: org.apache.velocity.runtime.directive.Stop
2017-09-07 11:57:06,294 - Loaded System Directive: org.apache.velocity.runtime.directive.Define
2017-09-07 11:57:06,294 - Loaded System Directive: org.apache.velocity.runtime.directive.Break
2017-09-07 11:57:06,295 - Loaded System Directive: org.apache.velocity.runtime.directive.Evaluate
2017-09-07 11:57:06,295 - Loaded System Directive: org.apache.velocity.runtime.directive.Literal
2017-09-07 11:57:06,295 - Loaded System Directive: org.apache.velocity.runtime.directive.Macro
2017-09-07 11:57:06,295 - Loaded System Directive: org.apache.velocity.runtime.directive.Parse
2017-09-07 11:57:06,295 - Loaded System Directive: org.apache.velocity.runtime.directive.Include
2017-09-07 11:57:06,295 - Loaded System Directive: org.apache.velocity.runtime.directive.Foreach
2017-09-07 11:57:06,296 - Created '20' parsers.
2017-09-07 11:57:06,296 - Velocimacro : "velocimacro.library" is not set.  Trying default library: VM_global_library.vm
2017-09-07 11:57:06,296 - Velocimacro : Default library not found.
2017-09-07 11:57:06,296 - Velocimacro : allowInline = true : VMs can be defined inline in templates
2017-09-07 11:57:06,296 - Velocimacro : allowInlineToOverride = false : VMs defined inline may NOT replace previous VM definitions
2017-09-07 11:57:06,296 - Velocimacro : allowInlineLocal = false : VMs defined inline will be global in scope if allowed.
2017-09-07 11:57:06,296 - Velocimacro : autoload off : VM system will not automatically reload global library macros
2017-09-07 11:57:06,314 - ResourceManager : found tmp.entity.vm with loader org.apache.velocity.runtime.resource.loader.FileResourceLoader
