2017-09-14 18:27:48.300 [main] INFO  org.springframework.test.context.web.WebTestContextBootstrapper - Using TestExecutionListeners: [org.springframework.test.context.support.DependencyInjectionTestExecutionListener@5fdba6f9]
2017-09-14 18:27:48.548 [main] INFO  org.springframework.beans.factory.xml.XmlBeanDefinitionReader - Loading XML bean definitions from file [D:\code\monitor\trunk\monitor\target\classes\META-INF\spring\app-dataSource.xml]
2017-09-14 18:27:48.648 [main] INFO  org.springframework.beans.factory.xml.XmlBeanDefinitionReader - Loading XML bean definitions from file [D:\code\monitor\trunk\monitor\target\classes\META-INF\spring\app-framework.xml]
2017-09-14 18:27:48.867 [main] INFO  org.springframework.beans.factory.xml.XmlBeanDefinitionReader - Loading XML bean definitions from URL [file:src/main/webapp/WEB-INF/webmvc-servlet.xml]
2017-09-14 18:27:49.099 [main] INFO  org.springframework.web.context.support.GenericWebApplicationContext - Refreshing org.springframework.web.context.support.GenericWebApplicationContext@70beb599: startup date [Thu Sep 14 18:27:49 CST 2017]; root of context hierarchy
2017-09-14 18:27:49.377 [main] INFO  com.lycheeframework.core.common.placeholder.CustomPlaceholder - Local Mac Address is: 408d5cec61f0
2017-09-14 18:27:49.556 [main] INFO  org.springframework.scheduling.concurrent.ThreadPoolTaskScheduler - Initializing ExecutorService  'qbScheduler'
2017-09-14 18:27:49.556 [main] INFO  org.springframework.context.support.PostProcessorRegistrationDelegate$BeanPostProcessorChecker - Bean 'qbScheduler' of type [class org.springframework.scheduling.concurrent.ThreadPoolTaskScheduler] is not eligible for getting processed by all BeanPostProcessors (for example: not eligible for auto-proxying)
2017-09-14 18:27:51.054 [main] INFO  org.springframework.cache.ehcache.EhCacheManagerFactoryBean - Initializing EhCache CacheManager
2017-09-14 18:27:51.994 [main] INFO  org.springframework.web.servlet.handler.SimpleUrlHandlerMapping - Mapped URL path [/source/**] onto handler 'org.springframework.web.servlet.resource.ResourceHttpRequestHandler#0'
2017-09-14 18:27:52.043 [main] INFO  org.springframework.web.servlet.handler.SimpleUrlHandlerMapping - Mapped URL path [/source/**] onto handler 'resourceHttpRequestHandler'
2017-09-14 18:27:52.089 [main] INFO  org.springframework.web.servlet.mvc.method.annotation.RequestMappingHandlerMapping - Mapped "{[/data/getTHinfo]}" onto public java.util.Map<java.lang.String, java.util.List> com.micropower.manager.controller.DataParseController.getTHinfo(java.lang.Integer)
2017-09-14 18:27:52.090 [main] INFO  org.springframework.web.servlet.mvc.method.annotation.RequestMappingHandlerMapping - Mapped "{[/data/allinfo]}" onto public java.util.Map<java.lang.String, java.lang.String> com.micropower.manager.controller.DataParseController.allinfo(javax.servlet.http.HttpServletRequest)
2017-09-14 18:27:52.093 [main] INFO  org.springframework.web.servlet.mvc.method.annotation.RequestMappingHandlerMapping - Mapped "{[/device/delete]}" onto public java.lang.Integer com.micropower.manager.controller.DeviceController.delete(java.lang.Integer)
2017-09-14 18:27:52.093 [main] INFO  org.springframework.web.servlet.mvc.method.annotation.RequestMappingHandlerMapping - Mapped "{[/device/list]}" onto public java.util.List<java.util.Map<java.lang.String, java.lang.Object>> com.micropower.manager.controller.DeviceController.list()
2017-09-14 18:27:52.093 [main] INFO  org.springframework.web.servlet.mvc.method.annotation.RequestMappingHandlerMapping - Mapped "{[/device/getdevicepojolist]}" onto public java.util.List<com.micropower.manager.model.pojo.DevicePojo> com.micropower.manager.controller.DeviceController.getdevicepojolist()
2017-09-14 18:27:52.093 [main] INFO  org.springframework.web.servlet.mvc.method.annotation.RequestMappingHandlerMapping - Mapped "{[/device/pauseDeviceWarnConfig]}" onto public java.lang.Integer com.micropower.manager.controller.DeviceController.pauseDeviceWarnConfig(java.lang.Integer,java.lang.Integer)
2017-09-14 18:27:52.093 [main] INFO  org.springframework.web.servlet.mvc.method.annotation.RequestMappingHandlerMapping - Mapped "{[/device/saveadd]}" onto public java.lang.Integer com.micropower.manager.controller.DeviceController.saveadd(com.micropower.manager.model.po.Device)
2017-09-14 18:27:52.093 [main] INFO  org.springframework.web.servlet.mvc.method.annotation.RequestMappingHandlerMapping - Mapped "{[/device/saveedit]}" onto public java.lang.Integer com.micropower.manager.controller.DeviceController.saveedit(com.micropower.manager.model.po.Device)
2017-09-14 18:27:52.094 [main] INFO  org.springframework.web.servlet.mvc.method.annotation.RequestMappingHandlerMapping - Mapped "{[/device/toadd]}" onto public java.util.Map<java.lang.String, java.util.List<com.micropower.manager.model.po.Warntimeperiod>> com.micropower.manager.controller.DeviceController.toadd()
2017-09-14 18:27:52.094 [main] INFO  org.springframework.web.servlet.mvc.method.annotation.RequestMappingHandlerMapping - Mapped "{[/device/getDeviceById]}" onto public com.micropower.manager.model.pojo.DevicePojo com.micropower.manager.controller.DeviceController.getDeviceById(java.lang.Integer)
2017-09-14 18:27:52.170 [main] INFO  org.springframework.web.servlet.mvc.method.annotation.RequestMappingHandlerMapping - Mapped "{[/labor/add]}" onto public java.lang.Integer com.micropower.manager.controller.LaborController.add(com.micropower.manager.model.po.User)
2017-09-14 18:27:52.170 [main] INFO  org.springframework.web.servlet.mvc.method.annotation.RequestMappingHandlerMapping - Mapped "{[/labor/delete]}" onto public java.lang.Integer com.micropower.manager.controller.LaborController.delete(java.lang.Integer)
2017-09-14 18:27:52.170 [main] INFO  org.springframework.web.servlet.mvc.method.annotation.RequestMappingHandlerMapping - Mapped "{[/labor/saveEdit]}" onto public java.lang.Integer com.micropower.manager.controller.LaborController.saveEdit(com.micropower.manager.model.po.User)
2017-09-14 18:27:52.171 [main] INFO  org.springframework.web.servlet.mvc.method.annotation.RequestMappingHandlerMapping - Mapped "{[/labor/toEditUI]}" onto public java.lang.String com.micropower.manager.controller.LaborController.toEditUI(java.lang.Integer,org.springframework.ui.Model)
2017-09-14 18:27:52.171 [main] INFO  org.springframework.web.servlet.mvc.method.annotation.RequestMappingHandlerMapping - Mapped "{[/labor/page]}" onto public com.lycheeframework.core.cmp.api.http.GsonData com.micropower.manager.controller.LaborController.page(com.micropower.manager.common.EasyPage)
2017-09-14 18:27:52.182 [main] INFO  org.springframework.web.servlet.mvc.method.annotation.RequestMappingHandlerMapping - Mapped "{[/saveconfig/update]}" onto public java.lang.Integer com.micropower.manager.controller.SaveConfigController.update(com.micropower.manager.model.po.Saveconfig)
2017-09-14 18:27:52.182 [main] INFO  org.springframework.web.servlet.mvc.method.annotation.RequestMappingHandlerMapping - Mapped "{[/saveconfig/list]}" onto public java.util.List<com.micropower.manager.model.po.Saveconfig> com.micropower.manager.controller.SaveConfigController.list()
2017-09-14 18:27:52.182 [main] INFO  org.springframework.web.servlet.mvc.method.annotation.RequestMappingHandlerMapping - Mapped "{[/saveconfig/toEditUI]}" onto public java.lang.String com.micropower.manager.controller.SaveConfigController.toEditUI(java.lang.Integer,org.springframework.ui.Model)
2017-09-14 18:27:52.182 [main] INFO  org.springframework.web.servlet.mvc.method.annotation.RequestMappingHandlerMapping - Mapped "{[/saveconfig/page]}" onto public com.lycheeframework.core.cmp.api.http.GsonData com.micropower.manager.controller.SaveConfigController.page(com.micropower.manager.common.EasyPage)
2017-09-14 18:27:52.186 [main] INFO  org.springframework.web.servlet.mvc.method.annotation.RequestMappingHandlerMapping - Mapped "{[/threshold/saveEdit]}" onto public java.lang.Integer com.micropower.manager.controller.ThresholdController.saveEdit(com.micropower.manager.model.po.Threshold)
2017-09-14 18:27:52.186 [main] INFO  org.springframework.web.servlet.mvc.method.annotation.RequestMappingHandlerMapping - Mapped "{[/threshold/recoverDefault]}" onto public java.lang.Integer com.micropower.manager.controller.ThresholdController.recoverDefault(java.lang.Integer)
2017-09-14 18:27:52.187 [main] INFO  org.springframework.web.servlet.mvc.method.annotation.RequestMappingHandlerMapping - Mapped "{[/threshold/toEditUI]}" onto public java.lang.String com.micropower.manager.controller.ThresholdController.toEditUI(java.lang.Integer,org.springframework.ui.Model)
2017-09-14 18:27:52.187 [main] INFO  org.springframework.web.servlet.mvc.method.annotation.RequestMappingHandlerMapping - Mapped "{[/threshold/page]}" onto public com.lycheeframework.core.cmp.api.http.GsonData com.micropower.manager.controller.ThresholdController.page(com.micropower.manager.common.EasyPage)
2017-09-14 18:27:52.188 [main] INFO  org.springframework.web.servlet.mvc.method.annotation.RequestMappingHandlerMapping - Mapped "{[/index]}" onto public java.lang.String com.micropower.manager.controller.ToUIController.index()
2017-09-14 18:27:52.188 [main] INFO  org.springframework.web.servlet.mvc.method.annotation.RequestMappingHandlerMapping - Mapped "{[/keySet]}" onto public java.lang.String com.micropower.manager.controller.ToUIController.keySet()
2017-09-14 18:27:52.189 [main] INFO  org.springframework.web.servlet.mvc.method.annotation.RequestMappingHandlerMapping - Mapped "{[/report]}" onto public java.lang.String com.micropower.manager.controller.ToUIController.report()
2017-09-14 18:27:52.189 [main] INFO  org.springframework.web.servlet.mvc.method.annotation.RequestMappingHandlerMapping - Mapped "{[/huanj]}" onto public java.lang.String com.micropower.manager.controller.ToUIController.huanj()
2017-09-14 18:27:52.189 [main] INFO  org.springframework.web.servlet.mvc.method.annotation.RequestMappingHandlerMapping - Mapped "{[/evenC]}" onto public java.lang.String com.micropower.manager.controller.ToUIController.evenC()
2017-09-14 18:27:52.189 [main] INFO  org.springframework.web.servlet.mvc.method.annotation.RequestMappingHandlerMapping - Mapped "{[/setTimt]}" onto public java.lang.String com.micropower.manager.controller.ToUIController.setTimt()
2017-09-14 18:27:52.189 [main] INFO  org.springframework.web.servlet.mvc.method.annotation.RequestMappingHandlerMapping - Mapped "{[/userSet]}" onto public java.lang.String com.micropower.manager.controller.ToUIController.userSet()
2017-09-14 18:27:52.189 [main] INFO  org.springframework.web.servlet.mvc.method.annotation.RequestMappingHandlerMapping - Mapped "{[/powerSet]}" onto public java.lang.String com.micropower.manager.controller.ToUIController.powerSet()
2017-09-14 18:27:52.189 [main] INFO  org.springframework.web.servlet.mvc.method.annotation.RequestMappingHandlerMapping - Mapped "{[/jizu]}" onto public java.lang.String com.micropower.manager.controller.ToUIController.jizu()
2017-09-14 18:27:52.189 [main] INFO  org.springframework.web.servlet.mvc.method.annotation.RequestMappingHandlerMapping - Mapped "{[/huanjing]}" onto public java.lang.String com.micropower.manager.controller.ToUIController.huanjing()
2017-09-14 18:27:52.190 [main] INFO  org.springframework.web.servlet.mvc.method.annotation.RequestMappingHandlerMapping - Mapped "{[/evenR]}" onto public java.lang.String com.micropower.manager.controller.ToUIController.evenR()
2017-09-14 18:27:52.190 [main] INFO  org.springframework.web.servlet.mvc.method.annotation.RequestMappingHandlerMapping - Mapped "{[/policeSet]}" onto public java.lang.String com.micropower.manager.controller.ToUIController.policeSet()
2017-09-14 18:27:52.190 [main] INFO  org.springframework.web.servlet.mvc.method.annotation.RequestMappingHandlerMapping - Mapped "{[/caseSet]}" onto public java.lang.String com.micropower.manager.controller.ToUIController.caseSet()
2017-09-14 18:27:52.191 [main] INFO  org.springframework.web.servlet.mvc.method.annotation.RequestMappingHandlerMapping - Mapped "{[/user/add]}" onto public java.lang.Integer com.micropower.manager.controller.UserController.add(com.micropower.manager.model.po.User)
2017-09-14 18:27:52.192 [main] INFO  org.springframework.web.servlet.mvc.method.annotation.RequestMappingHandlerMapping - Mapped "{[/user/delete]}" onto public java.lang.Integer com.micropower.manager.controller.UserController.delete(java.lang.Integer)
2017-09-14 18:27:52.192 [main] INFO  org.springframework.web.servlet.mvc.method.annotation.RequestMappingHandlerMapping - Mapped "{[/user/list]}" onto public java.util.List<com.micropower.manager.model.pojo.UserPojo> com.micropower.manager.controller.UserController.list()
2017-09-14 18:27:52.192 [main] INFO  org.springframework.web.servlet.mvc.method.annotation.RequestMappingHandlerMapping - Mapped "{[/user/saveEdit]}" onto public java.lang.Integer com.micropower.manager.controller.UserController.saveEdit(com.micropower.manager.model.po.User)
2017-09-14 18:27:52.192 [main] INFO  org.springframework.web.servlet.mvc.method.annotation.RequestMappingHandlerMapping - Mapped "{[/user/toEditUI]}" onto public java.lang.String com.micropower.manager.controller.UserController.toEditUI(java.lang.Integer,org.springframework.ui.Model)
2017-09-14 18:27:52.192 [main] INFO  org.springframework.web.servlet.mvc.method.annotation.RequestMappingHandlerMapping - Mapped "{[/user/page]}" onto public com.lycheeframework.core.cmp.api.http.GsonData com.micropower.manager.controller.UserController.page(com.micropower.manager.common.EasyPage)
2017-09-14 18:27:52.194 [main] INFO  org.springframework.web.servlet.mvc.method.annotation.RequestMappingHandlerMapping - Mapped "{[/warnlog/delete]}" onto public java.lang.Integer com.micropower.manager.controller.WarnLogController.delete(java.lang.Integer)
2017-09-14 18:27:52.194 [main] INFO  org.springframework.web.servlet.mvc.method.annotation.RequestMappingHandlerMapping - Mapped "{[/warnlog/list]}" onto public com.lycheeframework.core.cmp.api.http.GsonData com.micropower.manager.controller.WarnLogController.list(javax.servlet.http.HttpServletRequest,com.micropower.manager.common.EasyPage)
2017-09-14 18:27:52.195 [main] INFO  org.springframework.web.servlet.mvc.method.annotation.RequestMappingHandlerMapping - Mapped "{[/warnlog/saveRepair]}" onto public java.lang.Integer com.micropower.manager.controller.WarnLogController.saveRepair(com.micropower.manager.model.po.Warnlog)
2017-09-14 18:27:52.195 [main] INFO  org.springframework.web.servlet.mvc.method.annotation.RequestMappingHandlerMapping - Mapped "{[/warnlog/getwarninfo]}" onto public java.lang.String com.micropower.manager.controller.WarnLogController.getwarninfo(javax.servlet.http.HttpServletRequest)
2017-09-14 18:27:52.195 [main] INFO  org.springframework.web.servlet.mvc.method.annotation.RequestMappingHandlerMapping - Mapped "{[/warnlog/initwarntype]}" onto public java.util.List<com.micropower.manager.model.po.Warntype> com.micropower.manager.controller.WarnLogController.initwarntype()
2017-09-14 18:27:52.195 [main] INFO  org.springframework.web.servlet.mvc.method.annotation.RequestMappingHandlerMapping - Mapped "{[/warnlog/page]}" onto public com.lycheeframework.core.cmp.api.http.GsonData com.micropower.manager.controller.WarnLogController.page(javax.servlet.http.HttpServletRequest,com.micropower.manager.common.EasyPage)
2017-09-14 18:27:52.197 [main] INFO  org.springframework.web.servlet.mvc.method.annotation.RequestMappingHandlerMapping - Mapped "{[/warntimeperiod/add]}" onto public java.lang.Integer com.micropower.manager.controller.WarnTimePeriodController.add(com.micropower.manager.model.po.Warntimeperiod)
2017-09-14 18:27:52.199 [main] INFO  org.springframework.web.servlet.mvc.method.annotation.RequestMappingHandlerMapping - Mapped "{[/warntimeperiod/delete]}" onto public java.lang.Integer com.micropower.manager.controller.WarnTimePeriodController.delete(java.lang.Integer)
2017-09-14 18:27:52.199 [main] INFO  org.springframework.web.servlet.mvc.method.annotation.RequestMappingHandlerMapping - Mapped "{[/warntimeperiod/saveEdit]}" onto public java.lang.Integer com.micropower.manager.controller.WarnTimePeriodController.saveEdit(com.micropower.manager.model.po.User)
2017-09-14 18:27:52.199 [main] INFO  org.springframework.web.servlet.mvc.method.annotation.RequestMappingHandlerMapping - Mapped "{[/warntimeperiod/toEditUI]}" onto public java.lang.String com.micropower.manager.controller.WarnTimePeriodController.toEditUI(java.lang.Integer,org.springframework.ui.Model)
2017-09-14 18:27:52.199 [main] INFO  org.springframework.web.servlet.mvc.method.annotation.RequestMappingHandlerMapping - Mapped "{[/warntimeperiod/page]}" onto public com.lycheeframework.core.cmp.api.http.GsonData com.micropower.manager.controller.WarnTimePeriodController.page(com.micropower.manager.common.EasyPage)
2017-09-14 18:27:52.820 [main] INFO  org.springframework.web.servlet.mvc.method.annotation.RequestMappingHandlerAdapter - Looking for @ControllerAdvice: org.springframework.web.context.support.GenericWebApplicationContext@70beb599: startup date [Thu Sep 14 18:27:49 CST 2017]; root of context hierarchy
2017-09-14 18:27:52.903 [main] INFO  org.springframework.web.servlet.mvc.method.annotation.RequestMappingHandlerAdapter - Looking for @ControllerAdvice: org.springframework.web.context.support.GenericWebApplicationContext@70beb599: startup date [Thu Sep 14 18:27:49 CST 2017]; root of context hierarchy
2017-09-14 18:27:52.994 [main] INFO  org.springframework.web.servlet.view.velocity.VelocityConfigurer - ClasspathResourceLoader with name 'springMacro' added to configured VelocityEngine
2017-09-14 18:27:53.281 [main] INFO  org.springframework.web.servlet.view.velocity.VelocityViewResolver - Using VelocityToolboxView instead of default VelocityView due to specified toolboxConfigLocation
2017-09-14 18:27:53.377 [main] INFO  org.springframework.mock.web.MockServletContext - Initializing Spring FrameworkServlet ''
2017-09-14 18:27:53.377 [main] INFO  org.springframework.test.web.servlet.TestDispatcherServlet - FrameworkServlet '': initialization started
2017-09-14 18:27:53.548 [main] INFO  org.springframework.test.web.servlet.TestDispatcherServlet - FrameworkServlet '': initialization completed in 171 ms
2017-09-14 18:27:53.681 [Thread-3] INFO  org.springframework.web.context.support.GenericWebApplicationContext - Closing org.springframework.web.context.support.GenericWebApplicationContext@70beb599: startup date [Thu Sep 14 18:27:49 CST 2017]; root of context hierarchy
2017-09-14 18:27:53.685 [Thread-3] INFO  org.springframework.cache.ehcache.EhCacheManagerFactoryBean - Shutting down EhCache CacheManager
2017-09-14 18:27:53.692 [Thread-3] INFO  org.springframework.scheduling.concurrent.ThreadPoolTaskScheduler - Shutting down ExecutorService 'qbScheduler'
2017-09-14 19:23:13.374 [main] INFO  org.springframework.test.context.web.WebTestContextBootstrapper - Using TestExecutionListeners: [org.springframework.test.context.support.DependencyInjectionTestExecutionListener@2aa27288]
2017-09-14 19:23:13.962 [main] INFO  org.springframework.beans.factory.xml.XmlBeanDefinitionReader - Loading XML bean definitions from file [D:\code\monitor\trunk\monitor\target\classes\META-INF\spring\app-dataSource.xml]
2017-09-14 19:23:14.236 [main] INFO  org.springframework.beans.factory.xml.XmlBeanDefinitionReader - Loading XML bean definitions from file [D:\code\monitor\trunk\monitor\target\classes\META-INF\spring\app-framework.xml]
2017-09-14 19:23:14.497 [main] INFO  org.springframework.beans.factory.xml.XmlBeanDefinitionReader - Loading XML bean definitions from URL [file:src/main/webapp/WEB-INF/webmvc-servlet.xml]
2017-09-14 19:23:15.020 [main] INFO  org.springframework.web.context.support.GenericWebApplicationContext - Refreshing org.springframework.web.context.support.GenericWebApplicationContext@4dd94a58: startup date [Thu Sep 14 19:23:15 CST 2017]; root of context hierarchy
2017-09-14 19:23:15.482 [main] INFO  com.lycheeframework.core.common.placeholder.CustomPlaceholder - Local Mac Address is: 408d5cec61f0
2017-09-14 19:23:15.831 [main] INFO  org.springframework.scheduling.concurrent.ThreadPoolTaskScheduler - Initializing ExecutorService  'qbScheduler'
2017-09-14 19:23:15.832 [main] INFO  org.springframework.context.support.PostProcessorRegistrationDelegate$BeanPostProcessorChecker - Bean 'qbScheduler' of type [class org.springframework.scheduling.concurrent.ThreadPoolTaskScheduler] is not eligible for getting processed by all BeanPostProcessors (for example: not eligible for auto-proxying)
2017-09-14 19:23:17.921 [main] INFO  org.springframework.cache.ehcache.EhCacheManagerFactoryBean - Initializing EhCache CacheManager
2017-09-14 19:23:19.301 [main] INFO  org.springframework.web.servlet.handler.SimpleUrlHandlerMapping - Mapped URL path [/source/**] onto handler 'org.springframework.web.servlet.resource.ResourceHttpRequestHandler#0'
2017-09-14 19:23:19.344 [main] INFO  org.springframework.web.servlet.handler.SimpleUrlHandlerMapping - Mapped URL path [/source/**] onto handler 'resourceHttpRequestHandler'
2017-09-14 19:23:19.425 [main] INFO  org.springframework.web.servlet.mvc.method.annotation.RequestMappingHandlerMapping - Mapped "{[/data/allinfo]}" onto public java.util.Map<java.lang.String, java.lang.String> com.micropower.manager.controller.DataParseController.allinfo(javax.servlet.http.HttpServletRequest)
2017-09-14 19:23:19.426 [main] INFO  org.springframework.web.servlet.mvc.method.annotation.RequestMappingHandlerMapping - Mapped "{[/data/getTHinfo]}" onto public java.util.Map<java.lang.String, java.util.List> com.micropower.manager.controller.DataParseController.getTHinfo(java.lang.Integer)
2017-09-14 19:23:19.430 [main] INFO  org.springframework.web.servlet.mvc.method.annotation.RequestMappingHandlerMapping - Mapped "{[/device/delete]}" onto public java.lang.Integer com.micropower.manager.controller.DeviceController.delete(java.lang.Integer)
2017-09-14 19:23:19.430 [main] INFO  org.springframework.web.servlet.mvc.method.annotation.RequestMappingHandlerMapping - Mapped "{[/device/list]}" onto public java.util.List<java.util.Map<java.lang.String, java.lang.Object>> com.micropower.manager.controller.DeviceController.list()
2017-09-14 19:23:19.430 [main] INFO  org.springframework.web.servlet.mvc.method.annotation.RequestMappingHandlerMapping - Mapped "{[/device/getdevicepojolist]}" onto public java.util.List<com.micropower.manager.model.pojo.DevicePojo> com.micropower.manager.controller.DeviceController.getdevicepojolist()
2017-09-14 19:23:19.430 [main] INFO  org.springframework.web.servlet.mvc.method.annotation.RequestMappingHandlerMapping - Mapped "{[/device/pauseDeviceWarnConfig]}" onto public java.lang.Integer com.micropower.manager.controller.DeviceController.pauseDeviceWarnConfig(java.lang.Integer,java.lang.Integer)
2017-09-14 19:23:19.430 [main] INFO  org.springframework.web.servlet.mvc.method.annotation.RequestMappingHandlerMapping - Mapped "{[/device/getDeviceById]}" onto public com.micropower.manager.model.pojo.DevicePojo com.micropower.manager.controller.DeviceController.getDeviceById(java.lang.Integer)
2017-09-14 19:23:19.430 [main] INFO  org.springframework.web.servlet.mvc.method.annotation.RequestMappingHandlerMapping - Mapped "{[/device/toadd]}" onto public java.util.Map<java.lang.String, java.util.List<com.micropower.manager.model.po.Warntimeperiod>> com.micropower.manager.controller.DeviceController.toadd()
2017-09-14 19:23:19.430 [main] INFO  org.springframework.web.servlet.mvc.method.annotation.RequestMappingHandlerMapping - Mapped "{[/device/saveedit]}" onto public java.lang.Integer com.micropower.manager.controller.DeviceController.saveedit(com.micropower.manager.model.po.Device)
2017-09-14 19:23:19.430 [main] INFO  org.springframework.web.servlet.mvc.method.annotation.RequestMappingHandlerMapping - Mapped "{[/device/saveadd]}" onto public java.lang.Integer com.micropower.manager.controller.DeviceController.saveadd(com.micropower.manager.model.po.Device)
2017-09-14 19:23:19.435 [main] INFO  org.springframework.web.servlet.mvc.method.annotation.RequestMappingHandlerMapping - Mapped "{[/labor/add]}" onto public java.lang.Integer com.micropower.manager.controller.LaborController.add(com.micropower.manager.model.po.User)
2017-09-14 19:23:19.435 [main] INFO  org.springframework.web.servlet.mvc.method.annotation.RequestMappingHandlerMapping - Mapped "{[/labor/delete]}" onto public java.lang.Integer com.micropower.manager.controller.LaborController.delete(java.lang.Integer)
2017-09-14 19:23:19.435 [main] INFO  org.springframework.web.servlet.mvc.method.annotation.RequestMappingHandlerMapping - Mapped "{[/labor/page]}" onto public com.lycheeframework.core.cmp.api.http.GsonData com.micropower.manager.controller.LaborController.page(com.micropower.manager.common.EasyPage)
2017-09-14 19:23:19.435 [main] INFO  org.springframework.web.servlet.mvc.method.annotation.RequestMappingHandlerMapping - Mapped "{[/labor/saveEdit]}" onto public java.lang.Integer com.micropower.manager.controller.LaborController.saveEdit(com.micropower.manager.model.po.User)
2017-09-14 19:23:19.436 [main] INFO  org.springframework.web.servlet.mvc.method.annotation.RequestMappingHandlerMapping - Mapped "{[/labor/toEditUI]}" onto public java.lang.String com.micropower.manager.controller.LaborController.toEditUI(java.lang.Integer,org.springframework.ui.Model)
2017-09-14 19:23:19.447 [main] INFO  org.springframework.web.servlet.mvc.method.annotation.RequestMappingHandlerMapping - Mapped "{[/saveconfig/update]}" onto public java.lang.Integer com.micropower.manager.controller.SaveConfigController.update(com.micropower.manager.model.po.Saveconfig)
2017-09-14 19:23:19.447 [main] INFO  org.springframework.web.servlet.mvc.method.annotation.RequestMappingHandlerMapping - Mapped "{[/saveconfig/list]}" onto public java.util.List<com.micropower.manager.model.po.Saveconfig> com.micropower.manager.controller.SaveConfigController.list()
2017-09-14 19:23:19.447 [main] INFO  org.springframework.web.servlet.mvc.method.annotation.RequestMappingHandlerMapping - Mapped "{[/saveconfig/page]}" onto public com.lycheeframework.core.cmp.api.http.GsonData com.micropower.manager.controller.SaveConfigController.page(com.micropower.manager.common.EasyPage)
2017-09-14 19:23:19.447 [main] INFO  org.springframework.web.servlet.mvc.method.annotation.RequestMappingHandlerMapping - Mapped "{[/saveconfig/toEditUI]}" onto public java.lang.String com.micropower.manager.controller.SaveConfigController.toEditUI(java.lang.Integer,org.springframework.ui.Model)
2017-09-14 19:23:19.448 [main] INFO  org.springframework.web.servlet.mvc.method.annotation.RequestMappingHandlerMapping - Mapped "{[/threshold/page]}" onto public com.lycheeframework.core.cmp.api.http.GsonData com.micropower.manager.controller.ThresholdController.page(com.micropower.manager.common.EasyPage)
2017-09-14 19:23:19.449 [main] INFO  org.springframework.web.servlet.mvc.method.annotation.RequestMappingHandlerMapping - Mapped "{[/threshold/saveEdit]}" onto public java.lang.Integer com.micropower.manager.controller.ThresholdController.saveEdit(com.micropower.manager.model.po.Threshold)
2017-09-14 19:23:19.449 [main] INFO  org.springframework.web.servlet.mvc.method.annotation.RequestMappingHandlerMapping - Mapped "{[/threshold/recoverDefault]}" onto public java.lang.Integer com.micropower.manager.controller.ThresholdController.recoverDefault(java.lang.Integer)
2017-09-14 19:23:19.449 [main] INFO  org.springframework.web.servlet.mvc.method.annotation.RequestMappingHandlerMapping - Mapped "{[/threshold/toEditUI]}" onto public java.lang.String com.micropower.manager.controller.ThresholdController.toEditUI(java.lang.Integer,org.springframework.ui.Model)
2017-09-14 19:23:19.451 [main] INFO  org.springframework.web.servlet.mvc.method.annotation.RequestMappingHandlerMapping - Mapped "{[/index]}" onto public java.lang.String com.micropower.manager.controller.ToUIController.index()
2017-09-14 19:23:19.451 [main] INFO  org.springframework.web.servlet.mvc.method.annotation.RequestMappingHandlerMapping - Mapped "{[/keySet]}" onto public java.lang.String com.micropower.manager.controller.ToUIController.keySet()
2017-09-14 19:23:19.451 [main] INFO  org.springframework.web.servlet.mvc.method.annotation.RequestMappingHandlerMapping - Mapped "{[/report]}" onto public java.lang.String com.micropower.manager.controller.ToUIController.report()
2017-09-14 19:23:19.451 [main] INFO  org.springframework.web.servlet.mvc.method.annotation.RequestMappingHandlerMapping - Mapped "{[/huanj]}" onto public java.lang.String com.micropower.manager.controller.ToUIController.huanj()
2017-09-14 19:23:19.451 [main] INFO  org.springframework.web.servlet.mvc.method.annotation.RequestMappingHandlerMapping - Mapped "{[/powerSet]}" onto public java.lang.String com.micropower.manager.controller.ToUIController.powerSet()
2017-09-14 19:23:19.451 [main] INFO  org.springframework.web.servlet.mvc.method.annotation.RequestMappingHandlerMapping - Mapped "{[/huanjing]}" onto public java.lang.String com.micropower.manager.controller.ToUIController.huanjing()
2017-09-14 19:23:19.452 [main] INFO  org.springframework.web.servlet.mvc.method.annotation.RequestMappingHandlerMapping - Mapped "{[/policeSet]}" onto public java.lang.String com.micropower.manager.controller.ToUIController.policeSet()
2017-09-14 19:23:19.452 [main] INFO  org.springframework.web.servlet.mvc.method.annotation.RequestMappingHandlerMapping - Mapped "{[/jizu]}" onto public java.lang.String com.micropower.manager.controller.ToUIController.jizu()
2017-09-14 19:23:19.452 [main] INFO  org.springframework.web.servlet.mvc.method.annotation.RequestMappingHandlerMapping - Mapped "{[/evenR]}" onto public java.lang.String com.micropower.manager.controller.ToUIController.evenR()
2017-09-14 19:23:19.452 [main] INFO  org.springframework.web.servlet.mvc.method.annotation.RequestMappingHandlerMapping - Mapped "{[/evenC]}" onto public java.lang.String com.micropower.manager.controller.ToUIController.evenC()
2017-09-14 19:23:19.452 [main] INFO  org.springframework.web.servlet.mvc.method.annotation.RequestMappingHandlerMapping - Mapped "{[/userSet]}" onto public java.lang.String com.micropower.manager.controller.ToUIController.userSet()
2017-09-14 19:23:19.452 [main] INFO  org.springframework.web.servlet.mvc.method.annotation.RequestMappingHandlerMapping - Mapped "{[/setTimt]}" onto public java.lang.String com.micropower.manager.controller.ToUIController.setTimt()
2017-09-14 19:23:19.456 [main] INFO  org.springframework.web.servlet.mvc.method.annotation.RequestMappingHandlerMapping - Mapped "{[/caseSet]}" onto public java.lang.String com.micropower.manager.controller.ToUIController.caseSet()
2017-09-14 19:23:19.458 [main] INFO  org.springframework.web.servlet.mvc.method.annotation.RequestMappingHandlerMapping - Mapped "{[/user/save]}" onto public java.lang.Integer com.micropower.manager.controller.UserController.add(com.micropower.manager.model.po.User,java.lang.String)
2017-09-14 19:23:19.458 [main] INFO  org.springframework.web.servlet.mvc.method.annotation.RequestMappingHandlerMapping - Mapped "{[/user/delete]}" onto public java.lang.Integer com.micropower.manager.controller.UserController.delete(java.lang.Integer)
2017-09-14 19:23:19.458 [main] INFO  org.springframework.web.servlet.mvc.method.annotation.RequestMappingHandlerMapping - Mapped "{[/user/list]}" onto public java.util.List<com.micropower.manager.model.pojo.UserPojo> com.micropower.manager.controller.UserController.list()
2017-09-14 19:23:19.458 [main] INFO  org.springframework.web.servlet.mvc.method.annotation.RequestMappingHandlerMapping - Mapped "{[/user/page]}" onto public com.lycheeframework.core.cmp.api.http.GsonData com.micropower.manager.controller.UserController.page(com.micropower.manager.common.EasyPage)
2017-09-14 19:23:19.458 [main] INFO  org.springframework.web.servlet.mvc.method.annotation.RequestMappingHandlerMapping - Mapped "{[/user/saveEdit]}" onto public java.lang.Integer com.micropower.manager.controller.UserController.saveEdit(com.micropower.manager.model.po.User)
2017-09-14 19:23:19.458 [main] INFO  org.springframework.web.servlet.mvc.method.annotation.RequestMappingHandlerMapping - Mapped "{[/user/toEditUI]}" onto public java.lang.String com.micropower.manager.controller.UserController.toEditUI(java.lang.Integer,org.springframework.ui.Model)
2017-09-14 19:23:19.458 [main] INFO  org.springframework.web.servlet.mvc.method.annotation.RequestMappingHandlerMapping - Mapped "{[/user/listrole]}" onto public java.util.List<com.micropower.manager.model.po.Role> com.micropower.manager.controller.UserController.listrole()
2017-09-14 19:23:19.460 [main] INFO  org.springframework.web.servlet.mvc.method.annotation.RequestMappingHandlerMapping - Mapped "{[/warnlog/delete]}" onto public java.lang.Integer com.micropower.manager.controller.WarnLogController.delete(java.lang.Integer)
2017-09-14 19:23:19.461 [main] INFO  org.springframework.web.servlet.mvc.method.annotation.RequestMappingHandlerMapping - Mapped "{[/warnlog/list]}" onto public com.lycheeframework.core.cmp.api.http.GsonData com.micropower.manager.controller.WarnLogController.list(javax.servlet.http.HttpServletRequest,com.micropower.manager.common.EasyPage)
2017-09-14 19:23:19.461 [main] INFO  org.springframework.web.servlet.mvc.method.annotation.RequestMappingHandlerMapping - Mapped "{[/warnlog/page]}" onto public com.lycheeframework.core.cmp.api.http.GsonData com.micropower.manager.controller.WarnLogController.page(javax.servlet.http.HttpServletRequest,com.micropower.manager.common.EasyPage)
2017-09-14 19:23:19.461 [main] INFO  org.springframework.web.servlet.mvc.method.annotation.RequestMappingHandlerMapping - Mapped "{[/warnlog/getwarninfo]}" onto public java.lang.String com.micropower.manager.controller.WarnLogController.getwarninfo(javax.servlet.http.HttpServletRequest)
2017-09-14 19:23:19.461 [main] INFO  org.springframework.web.servlet.mvc.method.annotation.RequestMappingHandlerMapping - Mapped "{[/warnlog/initwarntype]}" onto public java.util.List<com.micropower.manager.model.po.Warntype> com.micropower.manager.controller.WarnLogController.initwarntype()
2017-09-14 19:23:19.461 [main] INFO  org.springframework.web.servlet.mvc.method.annotation.RequestMappingHandlerMapping - Mapped "{[/warnlog/saveRepair]}" onto public java.lang.Integer com.micropower.manager.controller.WarnLogController.saveRepair(com.micropower.manager.model.po.Warnlog)
2017-09-14 19:23:19.463 [main] INFO  org.springframework.web.servlet.mvc.method.annotation.RequestMappingHandlerMapping - Mapped "{[/warntimeperiod/add]}" onto public java.lang.Integer com.micropower.manager.controller.WarnTimePeriodController.add(com.micropower.manager.model.po.Warntimeperiod)
2017-09-14 19:23:19.465 [main] INFO  org.springframework.web.servlet.mvc.method.annotation.RequestMappingHandlerMapping - Mapped "{[/warntimeperiod/delete]}" onto public java.lang.Integer com.micropower.manager.controller.WarnTimePeriodController.delete(java.lang.Integer)
2017-09-14 19:23:19.465 [main] INFO  org.springframework.web.servlet.mvc.method.annotation.RequestMappingHandlerMapping - Mapped "{[/warntimeperiod/page]}" onto public com.lycheeframework.core.cmp.api.http.GsonData com.micropower.manager.controller.WarnTimePeriodController.page(com.micropower.manager.common.EasyPage)
2017-09-14 19:23:19.465 [main] INFO  org.springframework.web.servlet.mvc.method.annotation.RequestMappingHandlerMapping - Mapped "{[/warntimeperiod/saveEdit]}" onto public java.lang.Integer com.micropower.manager.controller.WarnTimePeriodController.saveEdit(com.micropower.manager.model.po.User)
2017-09-14 19:23:19.465 [main] INFO  org.springframework.web.servlet.mvc.method.annotation.RequestMappingHandlerMapping - Mapped "{[/warntimeperiod/toEditUI]}" onto public java.lang.String com.micropower.manager.controller.WarnTimePeriodController.toEditUI(java.lang.Integer,org.springframework.ui.Model)
2017-09-14 19:23:20.020 [main] INFO  org.springframework.web.servlet.mvc.method.annotation.RequestMappingHandlerAdapter - Looking for @ControllerAdvice: org.springframework.web.context.support.GenericWebApplicationContext@4dd94a58: startup date [Thu Sep 14 19:23:15 CST 2017]; root of context hierarchy
2017-09-14 19:23:20.147 [main] INFO  org.springframework.web.servlet.mvc.method.annotation.RequestMappingHandlerAdapter - Looking for @ControllerAdvice: org.springframework.web.context.support.GenericWebApplicationContext@4dd94a58: startup date [Thu Sep 14 19:23:15 CST 2017]; root of context hierarchy
2017-09-14 19:23:20.270 [main] INFO  org.springframework.web.servlet.view.velocity.VelocityConfigurer - ClasspathResourceLoader with name 'springMacro' added to configured VelocityEngine
2017-09-14 19:23:20.557 [main] INFO  org.springframework.web.servlet.view.velocity.VelocityViewResolver - Using VelocityToolboxView instead of default VelocityView due to specified toolboxConfigLocation
2017-09-14 19:23:20.793 [main] INFO  org.springframework.mock.web.MockServletContext - Initializing Spring FrameworkServlet ''
2017-09-14 19:23:20.793 [main] INFO  org.springframework.test.web.servlet.TestDispatcherServlet - FrameworkServlet '': initialization started
2017-09-14 19:23:20.828 [main] INFO  org.springframework.test.web.servlet.TestDispatcherServlet - FrameworkServlet '': initialization completed in 35 ms
