2017-09-19 14:54:28.824 [main] INFO  org.springframework.test.context.web.WebTestContextBootstrapper - Using TestExecutionListeners: [org.springframework.test.context.support.DependencyInjectionTestExecutionListener@134593bf]
2017-09-19 14:54:29.032 [main] INFO  org.springframework.beans.factory.xml.XmlBeanDefinitionReader - Loading XML bean definitions from file [D:\code\monitor\trunk\monitor\target\classes\META-INF\spring\app-dataSource.xml]
2017-09-19 14:54:29.184 [main] INFO  org.springframework.beans.factory.xml.XmlBeanDefinitionReader - Loading XML bean definitions from file [D:\code\monitor\trunk\monitor\target\classes\META-INF\spring\app-framework.xml]
2017-09-19 14:54:29.363 [main] INFO  org.springframework.beans.factory.xml.XmlBeanDefinitionReader - Loading XML bean definitions from URL [file:src/main/webapp/WEB-INF/webmvc-servlet.xml]
2017-09-19 14:54:29.742 [main] INFO  org.springframework.web.context.support.GenericWebApplicationContext - Refreshing org.springframework.web.context.support.GenericWebApplicationContext@37574691: startup date [Tue Sep 19 14:54:29 CST 2017]; root of context hierarchy
2017-09-19 14:54:30.349 [main] INFO  com.lycheeframework.core.common.placeholder.CustomPlaceholder - Local Mac Address is: 408d5cec61f0
2017-09-19 14:54:30.503 [main] INFO  org.springframework.scheduling.concurrent.ThreadPoolTaskScheduler - Initializing ExecutorService  'qbScheduler'
2017-09-19 14:54:30.503 [main] INFO  org.springframework.context.support.PostProcessorRegistrationDelegate$BeanPostProcessorChecker - Bean 'qbScheduler' of type [class org.springframework.scheduling.concurrent.ThreadPoolTaskScheduler] is not eligible for getting processed by all BeanPostProcessors (for example: not eligible for auto-proxying)
2017-09-19 14:54:32.342 [main] INFO  org.springframework.cache.ehcache.EhCacheManagerFactoryBean - Initializing EhCache CacheManager
2017-09-19 14:54:34.017 [main] INFO  org.springframework.web.servlet.handler.SimpleUrlHandlerMapping - Mapped URL path [/source/**] onto handler 'org.springframework.web.servlet.resource.ResourceHttpRequestHandler#0'
2017-09-19 14:54:34.054 [main] INFO  org.springframework.web.servlet.handler.SimpleUrlHandlerMapping - Mapped URL path [/source/**] onto handler 'resourceHttpRequestHandler'
2017-09-19 14:54:34.104 [main] INFO  org.springframework.web.servlet.mvc.method.annotation.RequestMappingHandlerMapping - Mapped "{[/alarmthreshold/updateAlarmThreshold]}" onto public java.lang.Integer com.micropower.manager.controller.AlarmthresholdController.updateAlarmThreshold(com.micropower.manager.model.po.Alarmthreshold)
2017-09-19 14:54:34.104 [main] INFO  org.springframework.web.servlet.mvc.method.annotation.RequestMappingHandlerMapping - Mapped "{[/alarmthreshold/recoverDefault]}" onto public java.lang.Integer com.micropower.manager.controller.AlarmthresholdController.recoverDefault()
2017-09-19 14:54:34.105 [main] INFO  org.springframework.web.servlet.mvc.method.annotation.RequestMappingHandlerMapping - Mapped "{[/alarmthreshold/queryOnlyOne]}" onto public com.micropower.manager.model.po.Alarmthreshold com.micropower.manager.controller.AlarmthresholdController.queryOnlyOne()
2017-09-19 14:54:34.106 [main] INFO  org.springframework.web.servlet.mvc.method.annotation.RequestMappingHandlerMapping - Mapped "{[/cabinetSet/updateCabinet]}" onto public java.lang.Integer com.micropower.manager.controller.CabinetSetController.updateAlarmThreshold(com.micropower.manager.model.po.Cabinetparamter)
2017-09-19 14:54:34.106 [main] INFO  org.springframework.web.servlet.mvc.method.annotation.RequestMappingHandlerMapping - Mapped "{[/cabinetSet/recoverDefault]}" onto public java.lang.Integer com.micropower.manager.controller.CabinetSetController.recoverDefault()
2017-09-19 14:54:34.106 [main] INFO  org.springframework.web.servlet.mvc.method.annotation.RequestMappingHandlerMapping - Mapped "{[/cabinetSet/queryOnlyOne]}" onto public com.micropower.manager.model.po.Cabinetparamter com.micropower.manager.controller.CabinetSetController.queryOnlyOne()
2017-09-19 14:54:34.107 [main] INFO  org.springframework.web.servlet.mvc.method.annotation.RequestMappingHandlerMapping - Mapped "{[/data/getTHinfo]}" onto public java.util.Map<java.lang.String, java.util.List> com.micropower.manager.controller.DataParseController.getTHinfo(java.lang.Integer)
2017-09-19 14:54:34.108 [main] INFO  org.springframework.web.servlet.mvc.method.annotation.RequestMappingHandlerMapping - Mapped "{[/data/allinfo]}" onto public java.util.Map<java.lang.String, java.lang.String> com.micropower.manager.controller.DataParseController.allinfo(javax.servlet.http.HttpServletRequest)
2017-09-19 14:54:34.113 [main] INFO  org.springframework.web.servlet.mvc.method.annotation.RequestMappingHandlerMapping - Mapped "{[/device/delete]}" onto public java.lang.Integer com.micropower.manager.controller.DeviceController.delete(java.lang.Integer)
2017-09-19 14:54:34.113 [main] INFO  org.springframework.web.servlet.mvc.method.annotation.RequestMappingHandlerMapping - Mapped "{[/device/list]}" onto public java.util.List<java.util.Map<java.lang.String, java.lang.Object>> com.micropower.manager.controller.DeviceController.list()
2017-09-19 14:54:34.113 [main] INFO  org.springframework.web.servlet.mvc.method.annotation.RequestMappingHandlerMapping - Mapped "{[/device/getdevicepojoselflist]}" onto public java.util.List<com.micropower.manager.model.pojo.DevicePojo> com.micropower.manager.controller.DeviceController.getdevicepojoselflist()
2017-09-19 14:54:34.113 [main] INFO  org.springframework.web.servlet.mvc.method.annotation.RequestMappingHandlerMapping - Mapped "{[/device/getdevicepojolist]}" onto public java.util.List<com.micropower.manager.model.pojo.DevicePojo> com.micropower.manager.controller.DeviceController.getdevicepojolist()
2017-09-19 14:54:34.114 [main] INFO  org.springframework.web.servlet.mvc.method.annotation.RequestMappingHandlerMapping - Mapped "{[/device/pauseDeviceWarnConfig]}" onto public java.lang.Integer com.micropower.manager.controller.DeviceController.pauseDeviceWarnConfig(java.lang.Integer,java.lang.Integer)
2017-09-19 14:54:34.114 [main] INFO  org.springframework.web.servlet.mvc.method.annotation.RequestMappingHandlerMapping - Mapped "{[/device/getDeviceById]}" onto public com.micropower.manager.model.pojo.DevicePojo com.micropower.manager.controller.DeviceController.getDeviceById(java.lang.Integer)
2017-09-19 14:54:34.114 [main] INFO  org.springframework.web.servlet.mvc.method.annotation.RequestMappingHandlerMapping - Mapped "{[/device/saveedit]}" onto public java.lang.Integer com.micropower.manager.controller.DeviceController.saveedit(com.micropower.manager.model.po.Device)
2017-09-19 14:54:34.114 [main] INFO  org.springframework.web.servlet.mvc.method.annotation.RequestMappingHandlerMapping - Mapped "{[/device/saveadd]}" onto public java.lang.Integer com.micropower.manager.controller.DeviceController.saveadd(com.micropower.manager.model.po.Device)
2017-09-19 14:54:34.114 [main] INFO  org.springframework.web.servlet.mvc.method.annotation.RequestMappingHandlerMapping - Mapped "{[/device/toadd]}" onto public java.util.Map<java.lang.String, java.util.List<com.micropower.manager.model.po.Warntimeperiod>> com.micropower.manager.controller.DeviceController.toadd()
2017-09-19 14:54:34.122 [main] INFO  org.springframework.web.servlet.mvc.method.annotation.RequestMappingHandlerMapping - Mapped "{[/labor/add]}" onto public java.lang.Integer com.micropower.manager.controller.LaborController.add(com.micropower.manager.model.po.User)
2017-09-19 14:54:34.122 [main] INFO  org.springframework.web.servlet.mvc.method.annotation.RequestMappingHandlerMapping - Mapped "{[/labor/delete]}" onto public java.lang.Integer com.micropower.manager.controller.LaborController.delete(java.lang.Integer)
2017-09-19 14:54:34.122 [main] INFO  org.springframework.web.servlet.mvc.method.annotation.RequestMappingHandlerMapping - Mapped "{[/labor/toEditUI]}" onto public java.lang.String com.micropower.manager.controller.LaborController.toEditUI(java.lang.Integer,org.springframework.ui.Model)
2017-09-19 14:54:34.122 [main] INFO  org.springframework.web.servlet.mvc.method.annotation.RequestMappingHandlerMapping - Mapped "{[/labor/saveEdit]}" onto public java.lang.Integer com.micropower.manager.controller.LaborController.saveEdit(com.micropower.manager.model.po.User)
2017-09-19 14:54:34.122 [main] INFO  org.springframework.web.servlet.mvc.method.annotation.RequestMappingHandlerMapping - Mapped "{[/labor/page]}" onto public com.lycheeframework.core.cmp.api.http.GsonData com.micropower.manager.controller.LaborController.page(com.micropower.manager.common.EasyPage)
2017-09-19 14:54:34.125 [main] INFO  org.springframework.web.servlet.mvc.method.annotation.RequestMappingHandlerMapping - Mapped "{[/saveconfig/update]}" onto public java.lang.Integer com.micropower.manager.controller.SaveConfigController.update(com.micropower.manager.model.po.Saveconfig)
2017-09-19 14:54:34.126 [main] INFO  org.springframework.web.servlet.mvc.method.annotation.RequestMappingHandlerMapping - Mapped "{[/saveconfig/list]}" onto public java.util.List<com.micropower.manager.model.po.Saveconfig> com.micropower.manager.controller.SaveConfigController.list()
2017-09-19 14:54:34.126 [main] INFO  org.springframework.web.servlet.mvc.method.annotation.RequestMappingHandlerMapping - Mapped "{[/saveconfig/toEditUI]}" onto public java.lang.String com.micropower.manager.controller.SaveConfigController.toEditUI(java.lang.Integer,org.springframework.ui.Model)
2017-09-19 14:54:34.126 [main] INFO  org.springframework.web.servlet.mvc.method.annotation.RequestMappingHandlerMapping - Mapped "{[/saveconfig/page]}" onto public com.lycheeframework.core.cmp.api.http.GsonData com.micropower.manager.controller.SaveConfigController.page(com.micropower.manager.common.EasyPage)
2017-09-19 14:54:34.131 [main] INFO  org.springframework.web.servlet.mvc.method.annotation.RequestMappingHandlerMapping - Mapped "{[/index]}" onto public java.lang.String com.micropower.manager.controller.ToUIController.index()
2017-09-19 14:54:34.131 [main] INFO  org.springframework.web.servlet.mvc.method.annotation.RequestMappingHandlerMapping - Mapped "{[/keySet]}" onto public java.lang.String com.micropower.manager.controller.ToUIController.keySet()
2017-09-19 14:54:34.131 [main] INFO  org.springframework.web.servlet.mvc.method.annotation.RequestMappingHandlerMapping - Mapped "{[/report]}" onto public java.lang.String com.micropower.manager.controller.ToUIController.report()
2017-09-19 14:54:34.131 [main] INFO  org.springframework.web.servlet.mvc.method.annotation.RequestMappingHandlerMapping - Mapped "{[/powerSet]}" onto public java.lang.String com.micropower.manager.controller.ToUIController.powerSet()
2017-09-19 14:54:34.131 [main] INFO  org.springframework.web.servlet.mvc.method.annotation.RequestMappingHandlerMapping - Mapped "{[/huanjing]}" onto public java.lang.String com.micropower.manager.controller.ToUIController.huanjing()
2017-09-19 14:54:34.131 [main] INFO  org.springframework.web.servlet.mvc.method.annotation.RequestMappingHandlerMapping - Mapped "{[/evenC]}" onto public java.lang.String com.micropower.manager.controller.ToUIController.evenC()
2017-09-19 14:54:34.131 [main] INFO  org.springframework.web.servlet.mvc.method.annotation.RequestMappingHandlerMapping - Mapped "{[/policeSet]}" onto public java.lang.String com.micropower.manager.controller.ToUIController.policeSet()
2017-09-19 14:54:34.131 [main] INFO  org.springframework.web.servlet.mvc.method.annotation.RequestMappingHandlerMapping - Mapped "{[/jizu]}" onto public java.lang.String com.micropower.manager.controller.ToUIController.jizu()
2017-09-19 14:54:34.131 [main] INFO  org.springframework.web.servlet.mvc.method.annotation.RequestMappingHandlerMapping - Mapped "{[/evenR]}" onto public java.lang.String com.micropower.manager.controller.ToUIController.evenR()
2017-09-19 14:54:34.131 [main] INFO  org.springframework.web.servlet.mvc.method.annotation.RequestMappingHandlerMapping - Mapped "{[/logo]}" onto public java.lang.String com.micropower.manager.controller.ToUIController.login()
2017-09-19 14:54:34.131 [main] INFO  org.springframework.web.servlet.mvc.method.annotation.RequestMappingHandlerMapping - Mapped "{[/caseSet]}" onto public java.lang.String com.micropower.manager.controller.ToUIController.caseSet()
2017-09-19 14:54:34.131 [main] INFO  org.springframework.web.servlet.mvc.method.annotation.RequestMappingHandlerMapping - Mapped "{[/huanj]}" onto public java.lang.String com.micropower.manager.controller.ToUIController.huanj()
2017-09-19 14:54:34.133 [main] INFO  org.springframework.web.servlet.mvc.method.annotation.RequestMappingHandlerMapping - Mapped "{[/userSet]}" onto public java.lang.String com.micropower.manager.controller.ToUIController.userSet()
2017-09-19 14:54:34.133 [main] INFO  org.springframework.web.servlet.mvc.method.annotation.RequestMappingHandlerMapping - Mapped "{[/setTimt]}" onto public java.lang.String com.micropower.manager.controller.ToUIController.setTimt()
2017-09-19 14:54:34.134 [main] INFO  org.springframework.web.servlet.mvc.method.annotation.RequestMappingHandlerMapping - Mapped "{[/user/save]}" onto public java.lang.Integer com.micropower.manager.controller.UserController.add(com.micropower.manager.model.po.User,java.lang.String)
2017-09-19 14:54:34.134 [main] INFO  org.springframework.web.servlet.mvc.method.annotation.RequestMappingHandlerMapping - Mapped "{[/user/delete]}" onto public java.lang.Integer com.micropower.manager.controller.UserController.delete(java.lang.Integer)
2017-09-19 14:54:34.134 [main] INFO  org.springframework.web.servlet.mvc.method.annotation.RequestMappingHandlerMapping - Mapped "{[/user/list]}" onto public java.util.List<com.micropower.manager.model.pojo.UserPojo> com.micropower.manager.controller.UserController.list()
2017-09-19 14:54:34.134 [main] INFO  org.springframework.web.servlet.mvc.method.annotation.RequestMappingHandlerMapping - Mapped "{[/user/toEditUI]}" onto public java.lang.String com.micropower.manager.controller.UserController.toEditUI(java.lang.Integer,org.springframework.ui.Model)
2017-09-19 14:54:34.134 [main] INFO  org.springframework.web.servlet.mvc.method.annotation.RequestMappingHandlerMapping - Mapped "{[/user/saveEdit]}" onto public java.lang.Integer com.micropower.manager.controller.UserController.saveEdit(com.micropower.manager.model.po.User)
2017-09-19 14:54:34.135 [main] INFO  org.springframework.web.servlet.mvc.method.annotation.RequestMappingHandlerMapping - Mapped "{[/user/listusers]}" onto public java.util.List<com.micropower.manager.model.po.User> com.micropower.manager.controller.UserController.listusers()
2017-09-19 14:54:34.135 [main] INFO  org.springframework.web.servlet.mvc.method.annotation.RequestMappingHandlerMapping - Mapped "{[/user/listrole]}" onto public java.util.List<com.micropower.manager.model.po.Role> com.micropower.manager.controller.UserController.listrole()
2017-09-19 14:54:34.135 [main] INFO  org.springframework.web.servlet.mvc.method.annotation.RequestMappingHandlerMapping - Mapped "{[/user/page]}" onto public com.lycheeframework.core.cmp.api.http.GsonData com.micropower.manager.controller.UserController.page(com.micropower.manager.common.EasyPage)
2017-09-19 14:54:34.139 [main] INFO  org.springframework.web.servlet.mvc.method.annotation.RequestMappingHandlerMapping - Mapped "{[/warnlog/delete]}" onto public java.lang.Integer com.micropower.manager.controller.WarnLogController.delete(java.lang.Integer)
2017-09-19 14:54:34.139 [main] INFO  org.springframework.web.servlet.mvc.method.annotation.RequestMappingHandlerMapping - Mapped "{[/warnlog/list]}" onto public com.lycheeframework.core.cmp.api.http.GsonData com.micropower.manager.controller.WarnLogController.list(javax.servlet.http.HttpServletRequest,com.micropower.manager.common.EasyPage)
2017-09-19 14:54:34.139 [main] INFO  org.springframework.web.servlet.mvc.method.annotation.RequestMappingHandlerMapping - Mapped "{[/warnlog/updateWarnLogStatus]}" onto public java.lang.Integer com.micropower.manager.controller.WarnLogController.updateWarnLogStatus(javax.servlet.http.HttpServletRequest)
2017-09-19 14:54:34.139 [main] INFO  org.springframework.web.servlet.mvc.method.annotation.RequestMappingHandlerMapping - Mapped "{[/warnlog/currentWarnlog]}" onto public java.util.List<com.micropower.manager.model.po.Warnlog> com.micropower.manager.controller.WarnLogController.currentWarnlog()
2017-09-19 14:54:34.139 [main] INFO  org.springframework.web.servlet.mvc.method.annotation.RequestMappingHandlerMapping - Mapped "{[/warnlog/getWarntype]}" onto public java.util.List<com.micropower.manager.model.po.Warntype> com.micropower.manager.controller.WarnLogController.getWarntype()
2017-09-19 14:54:34.139 [main] INFO  org.springframework.web.servlet.mvc.method.annotation.RequestMappingHandlerMapping - Mapped "{[/warnlog/initwarntype]}" onto public java.util.List<com.micropower.manager.model.po.Warntype> com.micropower.manager.controller.WarnLogController.initwarntype()
2017-09-19 14:54:34.139 [main] INFO  org.springframework.web.servlet.mvc.method.annotation.RequestMappingHandlerMapping - Mapped "{[/warnlog/getwarninfo]}" onto public java.lang.String com.micropower.manager.controller.WarnLogController.getwarninfo(javax.servlet.http.HttpServletRequest)
2017-09-19 14:54:34.140 [main] INFO  org.springframework.web.servlet.mvc.method.annotation.RequestMappingHandlerMapping - Mapped "{[/warnlog/saveRepair]}" onto public java.lang.Integer com.micropower.manager.controller.WarnLogController.saveRepair(com.micropower.manager.model.po.Warnlog)
2017-09-19 14:54:34.140 [main] INFO  org.springframework.web.servlet.mvc.method.annotation.RequestMappingHandlerMapping - Mapped "{[/warnlog/historyWarnlog]}" onto public java.util.List<com.micropower.manager.model.po.Warnlog> com.micropower.manager.controller.WarnLogController.historyWarnlog()
2017-09-19 14:54:34.140 [main] INFO  org.springframework.web.servlet.mvc.method.annotation.RequestMappingHandlerMapping - Mapped "{[/warnlog/page]}" onto public com.lycheeframework.core.cmp.api.http.GsonData com.micropower.manager.controller.WarnLogController.page(javax.servlet.http.HttpServletRequest,com.micropower.manager.common.EasyPage)
2017-09-19 14:54:34.141 [main] INFO  org.springframework.web.servlet.mvc.method.annotation.RequestMappingHandlerMapping - Mapped "{[/warntimeperiod/add]}" onto public java.lang.Integer com.micropower.manager.controller.WarnTimePeriodController.add(com.micropower.manager.model.po.Warntimeperiod)
2017-09-19 14:54:34.141 [main] INFO  org.springframework.web.servlet.mvc.method.annotation.RequestMappingHandlerMapping - Mapped "{[/warntimeperiod/delete]}" onto public java.lang.Integer com.micropower.manager.controller.WarnTimePeriodController.delete(java.lang.Integer)
2017-09-19 14:54:34.141 [main] INFO  org.springframework.web.servlet.mvc.method.annotation.RequestMappingHandlerMapping - Mapped "{[/warntimeperiod/list]}" onto public java.util.List<com.micropower.manager.model.po.Warntimeperiod> com.micropower.manager.controller.WarnTimePeriodController.list()
2017-09-19 14:54:34.141 [main] INFO  org.springframework.web.servlet.mvc.method.annotation.RequestMappingHandlerMapping - Mapped "{[/warntimeperiod/toEditUI]}" onto public java.lang.String com.micropower.manager.controller.WarnTimePeriodController.toEditUI(java.lang.Integer,org.springframework.ui.Model)
2017-09-19 14:54:34.141 [main] INFO  org.springframework.web.servlet.mvc.method.annotation.RequestMappingHandlerMapping - Mapped "{[/warntimeperiod/saveEdit]}" onto public java.lang.Integer com.micropower.manager.controller.WarnTimePeriodController.saveEdit(com.micropower.manager.model.pojo.WarntimeperiodPojo)
2017-09-19 14:54:34.141 [main] INFO  org.springframework.web.servlet.mvc.method.annotation.RequestMappingHandlerMapping - Mapped "{[/warntimeperiod/listpojo]}" onto public java.util.List<com.micropower.manager.model.pojo.WarntimeperiodPojo> com.micropower.manager.controller.WarnTimePeriodController.listpojo()
2017-09-19 14:54:34.688 [main] INFO  org.springframework.web.servlet.mvc.method.annotation.RequestMappingHandlerAdapter - Looking for @ControllerAdvice: org.springframework.web.context.support.GenericWebApplicationContext@37574691: startup date [Tue Sep 19 14:54:29 CST 2017]; root of context hierarchy
2017-09-19 14:54:34.756 [main] INFO  org.springframework.web.servlet.mvc.method.annotation.RequestMappingHandlerAdapter - Looking for @ControllerAdvice: org.springframework.web.context.support.GenericWebApplicationContext@37574691: startup date [Tue Sep 19 14:54:29 CST 2017]; root of context hierarchy
2017-09-19 14:54:34.870 [main] INFO  org.springframework.web.servlet.view.velocity.VelocityConfigurer - ClasspathResourceLoader with name 'springMacro' added to configured VelocityEngine
2017-09-19 14:54:35.054 [main] INFO  org.springframework.web.servlet.view.velocity.VelocityViewResolver - Using VelocityToolboxView instead of default VelocityView due to specified toolboxConfigLocation
2017-09-19 14:54:35.133 [main] INFO  org.springframework.mock.web.MockServletContext - Initializing Spring FrameworkServlet ''
2017-09-19 14:54:35.133 [main] INFO  org.springframework.test.web.servlet.TestDispatcherServlet - FrameworkServlet '': initialization started
2017-09-19 14:54:35.156 [main] INFO  org.springframework.test.web.servlet.TestDispatcherServlet - FrameworkServlet '': initialization completed in 23 ms
2017-09-19 14:54:35.166 [Thread-3] INFO  org.springframework.web.context.support.GenericWebApplicationContext - Closing org.springframework.web.context.support.GenericWebApplicationContext@37574691: startup date [Tue Sep 19 14:54:29 CST 2017]; root of context hierarchy
2017-09-19 14:54:35.171 [Thread-3] INFO  org.springframework.cache.ehcache.EhCacheManagerFactoryBean - Shutting down EhCache CacheManager
2017-09-19 14:54:35.179 [Thread-3] INFO  org.springframework.scheduling.concurrent.ThreadPoolTaskScheduler - Shutting down ExecutorService 'qbScheduler'
