2017-09-07 11:33:31.278 [main] INFO  org.springframework.test.context.web.WebTestContextBootstrapper - Using TestExecutionListeners: [org.springframework.test.context.support.DependencyInjectionTestExecutionListener@5d11346a]
2017-09-07 11:33:31.442 [main] INFO  org.springframework.beans.factory.xml.XmlBeanDefinitionReader - Loading XML bean definitions from file [D:\code\monitor\target\classes\META-INF\spring\app-dataSource.xml]
2017-09-07 11:33:31.579 [main] INFO  org.springframework.beans.factory.xml.XmlBeanDefinitionReader - Loading XML bean definitions from file [D:\code\monitor\target\classes\META-INF\spring\app-framework.xml]
2017-09-07 11:33:31.706 [main] INFO  org.springframework.beans.factory.xml.XmlBeanDefinitionReader - Loading XML bean definitions from URL [file:src/main/webapp/WEB-INF/webmvc-servlet.xml]
2017-09-07 11:33:32.204 [main] INFO  org.springframework.web.context.support.GenericWebApplicationContext - Refreshing org.springframework.web.context.support.GenericWebApplicationContext@69a10787: startup date [Thu Sep 07 11:33:32 CST 2017]; root of context hierarchy
2017-09-07 11:33:32.430 [main] INFO  com.lycheeframework.core.common.placeholder.CustomPlaceholder - Local Mac Address is: 408d5cec61f0
2017-09-07 11:33:32.584 [main] INFO  org.springframework.scheduling.concurrent.ThreadPoolTaskScheduler - Initializing ExecutorService  'qbScheduler'
2017-09-07 11:33:32.584 [main] INFO  org.springframework.context.support.PostProcessorRegistrationDelegate$BeanPostProcessorChecker - Bean 'qbScheduler' of type [class org.springframework.scheduling.concurrent.ThreadPoolTaskScheduler] is not eligible for getting processed by all BeanPostProcessors (for example: not eligible for auto-proxying)
2017-09-07 11:33:34.301 [main] INFO  org.springframework.cache.ehcache.EhCacheManagerFactoryBean - Initializing EhCache CacheManager
2017-09-07 11:33:35.433 [main] INFO  org.springframework.web.servlet.handler.SimpleUrlHandlerMapping - Mapped URL path [/source/**] onto handler 'org.springframework.web.servlet.resource.ResourceHttpRequestHandler#0'
2017-09-07 11:33:35.472 [main] INFO  org.springframework.web.servlet.handler.SimpleUrlHandlerMapping - Mapped URL path [/source/**] onto handler 'resourceHttpRequestHandler'
2017-09-07 11:33:35.513 [main] INFO  org.springframework.web.servlet.mvc.method.annotation.RequestMappingHandlerMapping - Mapped "{[/data/allinfo]}" onto public java.util.Map<java.lang.String, java.lang.String> com.micropower.manager.controller.DataParseController.allinfo()
2017-09-07 11:33:35.516 [main] INFO  org.springframework.web.servlet.mvc.method.annotation.RequestMappingHandlerMapping - Mapped "{[/device/list]}" onto public java.util.List<java.util.Map<java.lang.String, java.lang.Object>> com.micropower.manager.controller.DeviceController.list()
2017-09-07 11:33:35.516 [main] INFO  org.springframework.web.servlet.mvc.method.annotation.RequestMappingHandlerMapping - Mapped "{[/device/toEditUI]}" onto public java.lang.String com.micropower.manager.controller.DeviceController.toEditUI(java.lang.Integer,org.springframework.ui.Model)
2017-09-07 11:33:35.516 [main] INFO  org.springframework.web.servlet.mvc.method.annotation.RequestMappingHandlerMapping - Mapped "{[/device/saveEdit]}" onto public java.lang.Integer com.micropower.manager.controller.DeviceController.saveEdit(com.micropower.manager.model.po.Device)
2017-09-07 11:33:35.516 [main] INFO  org.springframework.web.servlet.mvc.method.annotation.RequestMappingHandlerMapping - Mapped "{[/device/pauseDeviceWarnConfig]}" onto public java.lang.Integer com.micropower.manager.controller.DeviceController.pauseDeviceWarnConfig(java.lang.Integer,java.lang.Integer)
2017-09-07 11:33:35.519 [main] INFO  org.springframework.web.servlet.mvc.method.annotation.RequestMappingHandlerMapping - Mapped "{[/labor/add]}" onto public java.lang.Integer com.micropower.manager.controller.LaborController.add(com.micropower.manager.model.po.User)
2017-09-07 11:33:35.519 [main] INFO  org.springframework.web.servlet.mvc.method.annotation.RequestMappingHandlerMapping - Mapped "{[/labor/delete]}" onto public java.lang.Integer com.micropower.manager.controller.LaborController.delete(java.lang.Integer)
2017-09-07 11:33:35.519 [main] INFO  org.springframework.web.servlet.mvc.method.annotation.RequestMappingHandlerMapping - Mapped "{[/labor/toEditUI]}" onto public java.lang.String com.micropower.manager.controller.LaborController.toEditUI(java.lang.Integer,org.springframework.ui.Model)
2017-09-07 11:33:35.519 [main] INFO  org.springframework.web.servlet.mvc.method.annotation.RequestMappingHandlerMapping - Mapped "{[/labor/saveEdit]}" onto public java.lang.Integer com.micropower.manager.controller.LaborController.saveEdit(com.micropower.manager.model.po.User)
2017-09-07 11:33:35.519 [main] INFO  org.springframework.web.servlet.mvc.method.annotation.RequestMappingHandlerMapping - Mapped "{[/labor/page]}" onto public com.lycheeframework.core.cmp.api.http.GsonData com.micropower.manager.controller.LaborController.page(com.micropower.manager.common.EasyPage)
2017-09-07 11:33:35.520 [main] INFO  org.springframework.web.servlet.mvc.method.annotation.RequestMappingHandlerMapping - Mapped "{[/saveconfig/toEditUI]}" onto public java.lang.String com.micropower.manager.controller.SaveConfigController.toEditUI(java.lang.Integer,org.springframework.ui.Model)
2017-09-07 11:33:35.520 [main] INFO  org.springframework.web.servlet.mvc.method.annotation.RequestMappingHandlerMapping - Mapped "{[/saveconfig/saveEdit]}" onto public java.lang.Integer com.micropower.manager.controller.SaveConfigController.saveEdit(com.micropower.manager.model.po.Saveconfig)
2017-09-07 11:33:35.520 [main] INFO  org.springframework.web.servlet.mvc.method.annotation.RequestMappingHandlerMapping - Mapped "{[/saveconfig/page]}" onto public com.lycheeframework.core.cmp.api.http.GsonData com.micropower.manager.controller.SaveConfigController.page(com.micropower.manager.common.EasyPage)
2017-09-07 11:33:35.524 [main] INFO  org.springframework.web.servlet.mvc.method.annotation.RequestMappingHandlerMapping - Mapped "{[/threshold/toEditUI]}" onto public java.lang.String com.micropower.manager.controller.ThresholdController.toEditUI(java.lang.Integer,org.springframework.ui.Model)
2017-09-07 11:33:35.524 [main] INFO  org.springframework.web.servlet.mvc.method.annotation.RequestMappingHandlerMapping - Mapped "{[/threshold/saveEdit]}" onto public java.lang.Integer com.micropower.manager.controller.ThresholdController.saveEdit(com.micropower.manager.model.po.Threshold)
2017-09-07 11:33:35.524 [main] INFO  org.springframework.web.servlet.mvc.method.annotation.RequestMappingHandlerMapping - Mapped "{[/threshold/recoverDefault]}" onto public java.lang.Integer com.micropower.manager.controller.ThresholdController.recoverDefault(java.lang.Integer)
2017-09-07 11:33:35.524 [main] INFO  org.springframework.web.servlet.mvc.method.annotation.RequestMappingHandlerMapping - Mapped "{[/threshold/page]}" onto public com.lycheeframework.core.cmp.api.http.GsonData com.micropower.manager.controller.ThresholdController.page(com.micropower.manager.common.EasyPage)
2017-09-07 11:33:35.527 [main] INFO  org.springframework.web.servlet.mvc.method.annotation.RequestMappingHandlerMapping - Mapped "{[/index]}" onto public java.lang.String com.micropower.manager.controller.ToUIController.index()
2017-09-07 11:33:35.527 [main] INFO  org.springframework.web.servlet.mvc.method.annotation.RequestMappingHandlerMapping - Mapped "{[/keySet]}" onto public java.lang.String com.micropower.manager.controller.ToUIController.keySet()
2017-09-07 11:33:35.528 [main] INFO  org.springframework.web.servlet.mvc.method.annotation.RequestMappingHandlerMapping - Mapped "{[/report]}" onto public java.lang.String com.micropower.manager.controller.ToUIController.report()
2017-09-07 11:33:35.528 [main] INFO  org.springframework.web.servlet.mvc.method.annotation.RequestMappingHandlerMapping - Mapped "{[/huanj]}" onto public java.lang.String com.micropower.manager.controller.ToUIController.huanj()
2017-09-07 11:33:35.528 [main] INFO  org.springframework.web.servlet.mvc.method.annotation.RequestMappingHandlerMapping - Mapped "{[/jizu]}" onto public java.lang.String com.micropower.manager.controller.ToUIController.jizu()
2017-09-07 11:33:35.529 [main] INFO  org.springframework.web.servlet.mvc.method.annotation.RequestMappingHandlerMapping - Mapped "{[/evenR]}" onto public java.lang.String com.micropower.manager.controller.ToUIController.evenR()
2017-09-07 11:33:35.529 [main] INFO  org.springframework.web.servlet.mvc.method.annotation.RequestMappingHandlerMapping - Mapped "{[/setTimt]}" onto public java.lang.String com.micropower.manager.controller.ToUIController.setTimt()
2017-09-07 11:33:35.529 [main] INFO  org.springframework.web.servlet.mvc.method.annotation.RequestMappingHandlerMapping - Mapped "{[/policeSet]}" onto public java.lang.String com.micropower.manager.controller.ToUIController.policeSet()
2017-09-07 11:33:35.529 [main] INFO  org.springframework.web.servlet.mvc.method.annotation.RequestMappingHandlerMapping - Mapped "{[/evenC]}" onto public java.lang.String com.micropower.manager.controller.ToUIController.evenC()
2017-09-07 11:33:35.529 [main] INFO  org.springframework.web.servlet.mvc.method.annotation.RequestMappingHandlerMapping - Mapped "{[/userSet]}" onto public java.lang.String com.micropower.manager.controller.ToUIController.userSet()
2017-09-07 11:33:35.529 [main] INFO  org.springframework.web.servlet.mvc.method.annotation.RequestMappingHandlerMapping - Mapped "{[/powerSet]}" onto public java.lang.String com.micropower.manager.controller.ToUIController.powerSet()
2017-09-07 11:33:35.529 [main] INFO  org.springframework.web.servlet.mvc.method.annotation.RequestMappingHandlerMapping - Mapped "{[/huanjing]}" onto public java.lang.String com.micropower.manager.controller.ToUIController.huanjing()
2017-09-07 11:33:35.532 [main] INFO  org.springframework.web.servlet.mvc.method.annotation.RequestMappingHandlerMapping - Mapped "{[/caseSet]}" onto public java.lang.String com.micropower.manager.controller.ToUIController.caseSet()
2017-09-07 11:33:35.533 [main] INFO  org.springframework.web.servlet.mvc.method.annotation.RequestMappingHandlerMapping - Mapped "{[/user/add]}" onto public java.lang.Integer com.micropower.manager.controller.UserController.add(com.micropower.manager.model.po.User)
2017-09-07 11:33:35.533 [main] INFO  org.springframework.web.servlet.mvc.method.annotation.RequestMappingHandlerMapping - Mapped "{[/user/delete]}" onto public java.lang.Integer com.micropower.manager.controller.UserController.delete(java.lang.Integer)
2017-09-07 11:33:35.533 [main] INFO  org.springframework.web.servlet.mvc.method.annotation.RequestMappingHandlerMapping - Mapped "{[/user/toEditUI]}" onto public java.lang.String com.micropower.manager.controller.UserController.toEditUI(java.lang.Integer,org.springframework.ui.Model)
2017-09-07 11:33:35.533 [main] INFO  org.springframework.web.servlet.mvc.method.annotation.RequestMappingHandlerMapping - Mapped "{[/user/saveEdit]}" onto public java.lang.Integer com.micropower.manager.controller.UserController.saveEdit(com.micropower.manager.model.po.User)
2017-09-07 11:33:35.533 [main] INFO  org.springframework.web.servlet.mvc.method.annotation.RequestMappingHandlerMapping - Mapped "{[/user/page]}" onto public com.lycheeframework.core.cmp.api.http.GsonData com.micropower.manager.controller.UserController.page(com.micropower.manager.common.EasyPage)
2017-09-07 11:33:35.534 [main] INFO  org.springframework.web.servlet.mvc.method.annotation.RequestMappingHandlerMapping - Mapped "{[/warnlog/delete]}" onto public java.lang.Integer com.micropower.manager.controller.WarnLogController.delete(java.lang.Integer)
2017-09-07 11:33:35.534 [main] INFO  org.springframework.web.servlet.mvc.method.annotation.RequestMappingHandlerMapping - Mapped "{[/warnlog/toRepairUI]}" onto public java.lang.String com.micropower.manager.controller.WarnLogController.toRepairUI(java.lang.Integer,org.springframework.ui.Model)
2017-09-07 11:33:35.535 [main] INFO  org.springframework.web.servlet.mvc.method.annotation.RequestMappingHandlerMapping - Mapped "{[/warnlog/saveRepair]}" onto public java.lang.Integer com.micropower.manager.controller.WarnLogController.saveRepair(com.micropower.manager.model.po.Warnlog)
2017-09-07 11:33:35.535 [main] INFO  org.springframework.web.servlet.mvc.method.annotation.RequestMappingHandlerMapping - Mapped "{[/warnlog/page]}" onto public com.lycheeframework.core.cmp.api.http.GsonData com.micropower.manager.controller.WarnLogController.page(com.micropower.manager.common.EasyPage)
2017-09-07 11:33:35.536 [main] INFO  org.springframework.web.servlet.mvc.method.annotation.RequestMappingHandlerMapping - Mapped "{[/warntimeperiod/add]}" onto public java.lang.Integer com.micropower.manager.controller.WarnTimePeriodController.add(com.micropower.manager.model.po.Warntimeperiod)
2017-09-07 11:33:35.536 [main] INFO  org.springframework.web.servlet.mvc.method.annotation.RequestMappingHandlerMapping - Mapped "{[/warntimeperiod/delete]}" onto public java.lang.Integer com.micropower.manager.controller.WarnTimePeriodController.delete(java.lang.Integer)
2017-09-07 11:33:35.536 [main] INFO  org.springframework.web.servlet.mvc.method.annotation.RequestMappingHandlerMapping - Mapped "{[/warntimeperiod/toEditUI]}" onto public java.lang.String com.micropower.manager.controller.WarnTimePeriodController.toEditUI(java.lang.Integer,org.springframework.ui.Model)
2017-09-07 11:33:35.536 [main] INFO  org.springframework.web.servlet.mvc.method.annotation.RequestMappingHandlerMapping - Mapped "{[/warntimeperiod/saveEdit]}" onto public java.lang.Integer com.micropower.manager.controller.WarnTimePeriodController.saveEdit(com.micropower.manager.model.po.User)
2017-09-07 11:33:35.537 [main] INFO  org.springframework.web.servlet.mvc.method.annotation.RequestMappingHandlerMapping - Mapped "{[/warntimeperiod/page]}" onto public com.lycheeframework.core.cmp.api.http.GsonData com.micropower.manager.controller.WarnTimePeriodController.page(com.micropower.manager.common.EasyPage)
2017-09-07 11:33:36.383 [main] INFO  org.springframework.web.servlet.mvc.method.annotation.RequestMappingHandlerAdapter - Looking for @ControllerAdvice: org.springframework.web.context.support.GenericWebApplicationContext@69a10787: startup date [Thu Sep 07 11:33:32 CST 2017]; root of context hierarchy
2017-09-07 11:33:36.514 [main] INFO  org.springframework.web.servlet.mvc.method.annotation.RequestMappingHandlerAdapter - Looking for @ControllerAdvice: org.springframework.web.context.support.GenericWebApplicationContext@69a10787: startup date [Thu Sep 07 11:33:32 CST 2017]; root of context hierarchy
2017-09-07 11:33:36.742 [main] INFO  org.springframework.web.servlet.view.velocity.VelocityConfigurer - ClasspathResourceLoader with name 'springMacro' added to configured VelocityEngine
2017-09-07 11:33:36.922 [main] INFO  org.springframework.web.servlet.view.velocity.VelocityViewResolver - Using VelocityToolboxView instead of default VelocityView due to specified toolboxConfigLocation
2017-09-07 11:33:37.012 [main] INFO  org.springframework.mock.web.MockServletContext - Initializing Spring FrameworkServlet ''
2017-09-07 11:33:37.012 [main] INFO  org.springframework.test.web.servlet.TestDispatcherServlet - FrameworkServlet '': initialization started
2017-09-07 11:33:37.031 [main] INFO  org.springframework.test.web.servlet.TestDispatcherServlet - FrameworkServlet '': initialization completed in 19 ms
2017-09-07 11:33:37.142 [Thread-3] INFO  org.springframework.web.context.support.GenericWebApplicationContext - Closing org.springframework.web.context.support.GenericWebApplicationContext@69a10787: startup date [Thu Sep 07 11:33:32 CST 2017]; root of context hierarchy
2017-09-07 11:33:37.145 [Thread-3] INFO  org.springframework.cache.ehcache.EhCacheManagerFactoryBean - Shutting down EhCache CacheManager
2017-09-07 11:33:37.152 [Thread-3] INFO  org.springframework.scheduling.concurrent.ThreadPoolTaskScheduler - Shutting down ExecutorService 'qbScheduler'
2017-09-07 11:40:35.118 [main] INFO  org.springframework.test.context.web.WebTestContextBootstrapper - Using TestExecutionListeners: [org.springframework.test.context.support.DependencyInjectionTestExecutionListener@5d11346a]
2017-09-07 11:40:35.360 [main] INFO  org.springframework.beans.factory.xml.XmlBeanDefinitionReader - Loading XML bean definitions from file [D:\code\monitor\target\classes\META-INF\spring\app-dataSource.xml]
2017-09-07 11:40:35.496 [main] INFO  org.springframework.beans.factory.xml.XmlBeanDefinitionReader - Loading XML bean definitions from file [D:\code\monitor\target\classes\META-INF\spring\app-framework.xml]
2017-09-07 11:40:35.627 [main] INFO  org.springframework.beans.factory.xml.XmlBeanDefinitionReader - Loading XML bean definitions from URL [file:src/main/webapp/WEB-INF/webmvc-servlet.xml]
2017-09-07 11:40:35.877 [main] INFO  org.springframework.web.context.support.GenericWebApplicationContext - Refreshing org.springframework.web.context.support.GenericWebApplicationContext@69a10787: startup date [Thu Sep 07 11:40:35 CST 2017]; root of context hierarchy
2017-09-07 11:40:36.126 [main] INFO  com.lycheeframework.core.common.placeholder.CustomPlaceholder - Local Mac Address is: 408d5cec61f0
2017-09-07 11:40:36.271 [main] INFO  org.springframework.scheduling.concurrent.ThreadPoolTaskScheduler - Initializing ExecutorService  'qbScheduler'
2017-09-07 11:40:36.272 [main] INFO  org.springframework.context.support.PostProcessorRegistrationDelegate$BeanPostProcessorChecker - Bean 'qbScheduler' of type [class org.springframework.scheduling.concurrent.ThreadPoolTaskScheduler] is not eligible for getting processed by all BeanPostProcessors (for example: not eligible for auto-proxying)
2017-09-07 11:40:37.746 [main] INFO  org.springframework.cache.ehcache.EhCacheManagerFactoryBean - Initializing EhCache CacheManager
2017-09-07 11:40:38.654 [main] INFO  org.springframework.web.servlet.handler.SimpleUrlHandlerMapping - Mapped URL path [/source/**] onto handler 'org.springframework.web.servlet.resource.ResourceHttpRequestHandler#0'
2017-09-07 11:40:38.693 [main] INFO  org.springframework.web.servlet.handler.SimpleUrlHandlerMapping - Mapped URL path [/source/**] onto handler 'resourceHttpRequestHandler'
2017-09-07 11:40:38.750 [main] INFO  org.springframework.web.servlet.mvc.method.annotation.RequestMappingHandlerMapping - Mapped "{[/data/allinfo]}" onto public java.util.Map<java.lang.String, java.lang.String> com.micropower.manager.controller.DataParseController.allinfo()
2017-09-07 11:40:38.762 [main] INFO  org.springframework.web.servlet.mvc.method.annotation.RequestMappingHandlerMapping - Mapped "{[/device/list]}" onto public java.util.List<java.util.Map<java.lang.String, java.lang.Object>> com.micropower.manager.controller.DeviceController.list()
2017-09-07 11:40:38.762 [main] INFO  org.springframework.web.servlet.mvc.method.annotation.RequestMappingHandlerMapping - Mapped "{[/device/toEditUI]}" onto public java.lang.String com.micropower.manager.controller.DeviceController.toEditUI(java.lang.Integer,org.springframework.ui.Model)
2017-09-07 11:40:38.762 [main] INFO  org.springframework.web.servlet.mvc.method.annotation.RequestMappingHandlerMapping - Mapped "{[/device/saveEdit]}" onto public java.lang.Integer com.micropower.manager.controller.DeviceController.saveEdit(com.micropower.manager.model.po.Device)
2017-09-07 11:40:38.762 [main] INFO  org.springframework.web.servlet.mvc.method.annotation.RequestMappingHandlerMapping - Mapped "{[/device/pauseDeviceWarnConfig]}" onto public java.lang.Integer com.micropower.manager.controller.DeviceController.pauseDeviceWarnConfig(java.lang.Integer,java.lang.Integer)
2017-09-07 11:40:38.763 [main] INFO  org.springframework.web.servlet.mvc.method.annotation.RequestMappingHandlerMapping - Mapped "{[/labor/add]}" onto public java.lang.Integer com.micropower.manager.controller.LaborController.add(com.micropower.manager.model.po.User)
2017-09-07 11:40:38.764 [main] INFO  org.springframework.web.servlet.mvc.method.annotation.RequestMappingHandlerMapping - Mapped "{[/labor/delete]}" onto public java.lang.Integer com.micropower.manager.controller.LaborController.delete(java.lang.Integer)
2017-09-07 11:40:38.764 [main] INFO  org.springframework.web.servlet.mvc.method.annotation.RequestMappingHandlerMapping - Mapped "{[/labor/page]}" onto public com.lycheeframework.core.cmp.api.http.GsonData com.micropower.manager.controller.LaborController.page(com.micropower.manager.common.EasyPage)
2017-09-07 11:40:38.764 [main] INFO  org.springframework.web.servlet.mvc.method.annotation.RequestMappingHandlerMapping - Mapped "{[/labor/toEditUI]}" onto public java.lang.String com.micropower.manager.controller.LaborController.toEditUI(java.lang.Integer,org.springframework.ui.Model)
2017-09-07 11:40:38.764 [main] INFO  org.springframework.web.servlet.mvc.method.annotation.RequestMappingHandlerMapping - Mapped "{[/labor/saveEdit]}" onto public java.lang.Integer com.micropower.manager.controller.LaborController.saveEdit(com.micropower.manager.model.po.User)
2017-09-07 11:40:38.765 [main] INFO  org.springframework.web.servlet.mvc.method.annotation.RequestMappingHandlerMapping - Mapped "{[/saveconfig/page]}" onto public com.lycheeframework.core.cmp.api.http.GsonData com.micropower.manager.controller.SaveConfigController.page(com.micropower.manager.common.EasyPage)
2017-09-07 11:40:38.766 [main] INFO  org.springframework.web.servlet.mvc.method.annotation.RequestMappingHandlerMapping - Mapped "{[/saveconfig/toEditUI]}" onto public java.lang.String com.micropower.manager.controller.SaveConfigController.toEditUI(java.lang.Integer,org.springframework.ui.Model)
2017-09-07 11:40:38.766 [main] INFO  org.springframework.web.servlet.mvc.method.annotation.RequestMappingHandlerMapping - Mapped "{[/saveconfig/saveEdit]}" onto public java.lang.Integer com.micropower.manager.controller.SaveConfigController.saveEdit(com.micropower.manager.model.po.Saveconfig)
2017-09-07 11:40:38.769 [main] INFO  org.springframework.web.servlet.mvc.method.annotation.RequestMappingHandlerMapping - Mapped "{[/threshold/recoverDefault]}" onto public java.lang.Integer com.micropower.manager.controller.ThresholdController.recoverDefault(java.lang.Integer)
2017-09-07 11:40:38.769 [main] INFO  org.springframework.web.servlet.mvc.method.annotation.RequestMappingHandlerMapping - Mapped "{[/threshold/page]}" onto public com.lycheeframework.core.cmp.api.http.GsonData com.micropower.manager.controller.ThresholdController.page(com.micropower.manager.common.EasyPage)
2017-09-07 11:40:38.769 [main] INFO  org.springframework.web.servlet.mvc.method.annotation.RequestMappingHandlerMapping - Mapped "{[/threshold/toEditUI]}" onto public java.lang.String com.micropower.manager.controller.ThresholdController.toEditUI(java.lang.Integer,org.springframework.ui.Model)
2017-09-07 11:40:38.769 [main] INFO  org.springframework.web.servlet.mvc.method.annotation.RequestMappingHandlerMapping - Mapped "{[/threshold/saveEdit]}" onto public java.lang.Integer com.micropower.manager.controller.ThresholdController.saveEdit(com.micropower.manager.model.po.Threshold)
2017-09-07 11:40:38.771 [main] INFO  org.springframework.web.servlet.mvc.method.annotation.RequestMappingHandlerMapping - Mapped "{[/index]}" onto public java.lang.String com.micropower.manager.controller.ToUIController.index()
2017-09-07 11:40:38.771 [main] INFO  org.springframework.web.servlet.mvc.method.annotation.RequestMappingHandlerMapping - Mapped "{[/keySet]}" onto public java.lang.String com.micropower.manager.controller.ToUIController.keySet()
2017-09-07 11:40:38.771 [main] INFO  org.springframework.web.servlet.mvc.method.annotation.RequestMappingHandlerMapping - Mapped "{[/report]}" onto public java.lang.String com.micropower.manager.controller.ToUIController.report()
2017-09-07 11:40:38.772 [main] INFO  org.springframework.web.servlet.mvc.method.annotation.RequestMappingHandlerMapping - Mapped "{[/caseSet]}" onto public java.lang.String com.micropower.manager.controller.ToUIController.caseSet()
2017-09-07 11:40:38.773 [main] INFO  org.springframework.web.servlet.mvc.method.annotation.RequestMappingHandlerMapping - Mapped "{[/evenC]}" onto public java.lang.String com.micropower.manager.controller.ToUIController.evenC()
2017-09-07 11:40:38.773 [main] INFO  org.springframework.web.servlet.mvc.method.annotation.RequestMappingHandlerMapping - Mapped "{[/evenR]}" onto public java.lang.String com.micropower.manager.controller.ToUIController.evenR()
2017-09-07 11:40:38.773 [main] INFO  org.springframework.web.servlet.mvc.method.annotation.RequestMappingHandlerMapping - Mapped "{[/huanj]}" onto public java.lang.String com.micropower.manager.controller.ToUIController.huanj()
2017-09-07 11:40:38.773 [main] INFO  org.springframework.web.servlet.mvc.method.annotation.RequestMappingHandlerMapping - Mapped "{[/huanjing]}" onto public java.lang.String com.micropower.manager.controller.ToUIController.huanjing()
2017-09-07 11:40:38.773 [main] INFO  org.springframework.web.servlet.mvc.method.annotation.RequestMappingHandlerMapping - Mapped "{[/policeSet]}" onto public java.lang.String com.micropower.manager.controller.ToUIController.policeSet()
2017-09-07 11:40:38.773 [main] INFO  org.springframework.web.servlet.mvc.method.annotation.RequestMappingHandlerMapping - Mapped "{[/jizu]}" onto public java.lang.String com.micropower.manager.controller.ToUIController.jizu()
2017-09-07 11:40:38.773 [main] INFO  org.springframework.web.servlet.mvc.method.annotation.RequestMappingHandlerMapping - Mapped "{[/setTimt]}" onto public java.lang.String com.micropower.manager.controller.ToUIController.setTimt()
2017-09-07 11:40:38.773 [main] INFO  org.springframework.web.servlet.mvc.method.annotation.RequestMappingHandlerMapping - Mapped "{[/userSet]}" onto public java.lang.String com.micropower.manager.controller.ToUIController.userSet()
2017-09-07 11:40:38.773 [main] INFO  org.springframework.web.servlet.mvc.method.annotation.RequestMappingHandlerMapping - Mapped "{[/powerSet]}" onto public java.lang.String com.micropower.manager.controller.ToUIController.powerSet()
2017-09-07 11:40:38.774 [main] INFO  org.springframework.web.servlet.mvc.method.annotation.RequestMappingHandlerMapping - Mapped "{[/user/add]}" onto public java.lang.Integer com.micropower.manager.controller.UserController.add(com.micropower.manager.model.po.User)
2017-09-07 11:40:38.775 [main] INFO  org.springframework.web.servlet.mvc.method.annotation.RequestMappingHandlerMapping - Mapped "{[/user/delete]}" onto public java.lang.Integer com.micropower.manager.controller.UserController.delete(java.lang.Integer)
2017-09-07 11:40:38.775 [main] INFO  org.springframework.web.servlet.mvc.method.annotation.RequestMappingHandlerMapping - Mapped "{[/user/page]}" onto public com.lycheeframework.core.cmp.api.http.GsonData com.micropower.manager.controller.UserController.page(com.micropower.manager.common.EasyPage)
2017-09-07 11:40:38.775 [main] INFO  org.springframework.web.servlet.mvc.method.annotation.RequestMappingHandlerMapping - Mapped "{[/user/toEditUI]}" onto public java.lang.String com.micropower.manager.controller.UserController.toEditUI(java.lang.Integer,org.springframework.ui.Model)
2017-09-07 11:40:38.775 [main] INFO  org.springframework.web.servlet.mvc.method.annotation.RequestMappingHandlerMapping - Mapped "{[/user/saveEdit]}" onto public java.lang.Integer com.micropower.manager.controller.UserController.saveEdit(com.micropower.manager.model.po.User)
2017-09-07 11:40:38.776 [main] INFO  org.springframework.web.servlet.mvc.method.annotation.RequestMappingHandlerMapping - Mapped "{[/warnlog/delete]}" onto public java.lang.Integer com.micropower.manager.controller.WarnLogController.delete(java.lang.Integer)
2017-09-07 11:40:38.776 [main] INFO  org.springframework.web.servlet.mvc.method.annotation.RequestMappingHandlerMapping - Mapped "{[/warnlog/toRepairUI]}" onto public java.lang.String com.micropower.manager.controller.WarnLogController.toRepairUI(java.lang.Integer,org.springframework.ui.Model)
2017-09-07 11:40:38.776 [main] INFO  org.springframework.web.servlet.mvc.method.annotation.RequestMappingHandlerMapping - Mapped "{[/warnlog/saveRepair]}" onto public java.lang.Integer com.micropower.manager.controller.WarnLogController.saveRepair(com.micropower.manager.model.po.Warnlog)
2017-09-07 11:40:38.776 [main] INFO  org.springframework.web.servlet.mvc.method.annotation.RequestMappingHandlerMapping - Mapped "{[/warnlog/page]}" onto public com.lycheeframework.core.cmp.api.http.GsonData com.micropower.manager.controller.WarnLogController.page(com.micropower.manager.common.EasyPage)
2017-09-07 11:40:38.777 [main] INFO  org.springframework.web.servlet.mvc.method.annotation.RequestMappingHandlerMapping - Mapped "{[/warntimeperiod/add]}" onto public java.lang.Integer com.micropower.manager.controller.WarnTimePeriodController.add(com.micropower.manager.model.po.Warntimeperiod)
2017-09-07 11:40:38.777 [main] INFO  org.springframework.web.servlet.mvc.method.annotation.RequestMappingHandlerMapping - Mapped "{[/warntimeperiod/delete]}" onto public java.lang.Integer com.micropower.manager.controller.WarnTimePeriodController.delete(java.lang.Integer)
2017-09-07 11:40:38.777 [main] INFO  org.springframework.web.servlet.mvc.method.annotation.RequestMappingHandlerMapping - Mapped "{[/warntimeperiod/page]}" onto public com.lycheeframework.core.cmp.api.http.GsonData com.micropower.manager.controller.WarnTimePeriodController.page(com.micropower.manager.common.EasyPage)
2017-09-07 11:40:38.777 [main] INFO  org.springframework.web.servlet.mvc.method.annotation.RequestMappingHandlerMapping - Mapped "{[/warntimeperiod/toEditUI]}" onto public java.lang.String com.micropower.manager.controller.WarnTimePeriodController.toEditUI(java.lang.Integer,org.springframework.ui.Model)
2017-09-07 11:40:38.777 [main] INFO  org.springframework.web.servlet.mvc.method.annotation.RequestMappingHandlerMapping - Mapped "{[/warntimeperiod/saveEdit]}" onto public java.lang.Integer com.micropower.manager.controller.WarnTimePeriodController.saveEdit(com.micropower.manager.model.po.User)
2017-09-07 11:40:39.305 [main] INFO  org.springframework.web.servlet.mvc.method.annotation.RequestMappingHandlerAdapter - Looking for @ControllerAdvice: org.springframework.web.context.support.GenericWebApplicationContext@69a10787: startup date [Thu Sep 07 11:40:35 CST 2017]; root of context hierarchy
2017-09-07 11:40:39.386 [main] INFO  org.springframework.web.servlet.mvc.method.annotation.RequestMappingHandlerAdapter - Looking for @ControllerAdvice: org.springframework.web.context.support.GenericWebApplicationContext@69a10787: startup date [Thu Sep 07 11:40:35 CST 2017]; root of context hierarchy
2017-09-07 11:40:39.468 [main] INFO  org.springframework.web.servlet.view.velocity.VelocityConfigurer - ClasspathResourceLoader with name 'springMacro' added to configured VelocityEngine
2017-09-07 11:40:39.595 [main] INFO  org.springframework.web.servlet.view.velocity.VelocityViewResolver - Using VelocityToolboxView instead of default VelocityView due to specified toolboxConfigLocation
2017-09-07 11:40:39.711 [main] INFO  org.springframework.mock.web.MockServletContext - Initializing Spring FrameworkServlet ''
2017-09-07 11:40:39.711 [main] INFO  org.springframework.test.web.servlet.TestDispatcherServlet - FrameworkServlet '': initialization started
2017-09-07 11:40:39.731 [main] INFO  org.springframework.test.web.servlet.TestDispatcherServlet - FrameworkServlet '': initialization completed in 20 ms
2017-09-07 11:40:39.843 [Thread-3] INFO  org.springframework.web.context.support.GenericWebApplicationContext - Closing org.springframework.web.context.support.GenericWebApplicationContext@69a10787: startup date [Thu Sep 07 11:40:35 CST 2017]; root of context hierarchy
2017-09-07 11:40:39.858 [Thread-3] INFO  org.springframework.cache.ehcache.EhCacheManagerFactoryBean - Shutting down EhCache CacheManager
2017-09-07 11:40:39.863 [Thread-3] INFO  org.springframework.scheduling.concurrent.ThreadPoolTaskScheduler - Shutting down ExecutorService 'qbScheduler'
2017-09-07 11:56:13.687 [main] INFO  org.springframework.test.context.web.WebTestContextBootstrapper - Using TestExecutionListeners: [org.springframework.test.context.support.DependencyInjectionTestExecutionListener@2892dae4]
2017-09-07 11:56:14.001 [main] INFO  org.springframework.beans.factory.xml.XmlBeanDefinitionReader - Loading XML bean definitions from file [D:\code\monitor\target\classes\META-INF\spring\app-dataSource.xml]
2017-09-07 11:56:14.114 [main] INFO  org.springframework.beans.factory.xml.XmlBeanDefinitionReader - Loading XML bean definitions from file [D:\code\monitor\target\classes\META-INF\spring\app-framework.xml]
2017-09-07 11:56:14.210 [main] INFO  org.springframework.beans.factory.xml.XmlBeanDefinitionReader - Loading XML bean definitions from URL [file:src/main/webapp/WEB-INF/webmvc-servlet.xml]
2017-09-07 11:56:14.628 [main] INFO  org.springframework.web.context.support.GenericWebApplicationContext - Refreshing org.springframework.web.context.support.GenericWebApplicationContext@16610890: startup date [Thu Sep 07 11:56:14 CST 2017]; root of context hierarchy
2017-09-07 11:56:14.844 [main] INFO  com.lycheeframework.core.common.placeholder.CustomPlaceholder - Local Mac Address is: 408d5cec61f0
2017-09-07 11:56:15.015 [main] INFO  org.springframework.scheduling.concurrent.ThreadPoolTaskScheduler - Initializing ExecutorService  'qbScheduler'
2017-09-07 11:56:15.015 [main] INFO  org.springframework.context.support.PostProcessorRegistrationDelegate$BeanPostProcessorChecker - Bean 'qbScheduler' of type [class org.springframework.scheduling.concurrent.ThreadPoolTaskScheduler] is not eligible for getting processed by all BeanPostProcessors (for example: not eligible for auto-proxying)
2017-09-07 11:56:16.352 [main] INFO  org.springframework.cache.ehcache.EhCacheManagerFactoryBean - Initializing EhCache CacheManager
2017-09-07 11:56:16.908 [main] INFO  org.springframework.cache.ehcache.EhCacheManagerFactoryBean - Shutting down EhCache CacheManager
2017-09-07 11:56:16.915 [main] INFO  org.springframework.scheduling.concurrent.ThreadPoolTaskScheduler - Shutting down ExecutorService 'qbScheduler'
2017-09-07 11:57:01.619 [main] INFO  org.springframework.test.context.web.WebTestContextBootstrapper - Using TestExecutionListeners: [org.springframework.test.context.support.DependencyInjectionTestExecutionListener@2892dae4]
2017-09-07 11:57:01.852 [main] INFO  org.springframework.beans.factory.xml.XmlBeanDefinitionReader - Loading XML bean definitions from file [D:\code\monitor\target\classes\META-INF\spring\app-dataSource.xml]
2017-09-07 11:57:01.978 [main] INFO  org.springframework.beans.factory.xml.XmlBeanDefinitionReader - Loading XML bean definitions from file [D:\code\monitor\target\classes\META-INF\spring\app-framework.xml]
2017-09-07 11:57:02.139 [main] INFO  org.springframework.beans.factory.xml.XmlBeanDefinitionReader - Loading XML bean definitions from URL [file:src/main/webapp/WEB-INF/webmvc-servlet.xml]
2017-09-07 11:57:02.354 [main] INFO  org.springframework.web.context.support.GenericWebApplicationContext - Refreshing org.springframework.web.context.support.GenericWebApplicationContext@16610890: startup date [Thu Sep 07 11:57:02 CST 2017]; root of context hierarchy
2017-09-07 11:57:02.584 [main] INFO  com.lycheeframework.core.common.placeholder.CustomPlaceholder - Local Mac Address is: 408d5cec61f0
2017-09-07 11:57:02.723 [main] INFO  org.springframework.scheduling.concurrent.ThreadPoolTaskScheduler - Initializing ExecutorService  'qbScheduler'
2017-09-07 11:57:02.724 [main] INFO  org.springframework.context.support.PostProcessorRegistrationDelegate$BeanPostProcessorChecker - Bean 'qbScheduler' of type [class org.springframework.scheduling.concurrent.ThreadPoolTaskScheduler] is not eligible for getting processed by all BeanPostProcessors (for example: not eligible for auto-proxying)
2017-09-07 11:57:04.135 [main] INFO  org.springframework.cache.ehcache.EhCacheManagerFactoryBean - Initializing EhCache CacheManager
2017-09-07 11:57:04.940 [main] INFO  org.springframework.web.servlet.handler.SimpleUrlHandlerMapping - Mapped URL path [/source/**] onto handler 'org.springframework.web.servlet.resource.ResourceHttpRequestHandler#0'
2017-09-07 11:57:04.970 [main] INFO  org.springframework.web.servlet.handler.SimpleUrlHandlerMapping - Mapped URL path [/source/**] onto handler 'resourceHttpRequestHandler'
2017-09-07 11:57:05.023 [main] INFO  org.springframework.web.servlet.mvc.method.annotation.RequestMappingHandlerMapping - Mapped "{[/data/allinfo]}" onto public java.util.Map<java.lang.String, java.lang.String> com.micropower.manager.controller.DataParseController.allinfo()
2017-09-07 11:57:05.025 [main] INFO  org.springframework.web.servlet.mvc.method.annotation.RequestMappingHandlerMapping - Mapped "{[/device/list]}" onto public java.util.List<java.util.Map<java.lang.String, java.lang.Object>> com.micropower.manager.controller.DeviceController.list()
2017-09-07 11:57:05.025 [main] INFO  org.springframework.web.servlet.mvc.method.annotation.RequestMappingHandlerMapping - Mapped "{[/device/toEditUI]}" onto public java.lang.String com.micropower.manager.controller.DeviceController.toEditUI(java.lang.Integer,org.springframework.ui.Model)
2017-09-07 11:57:05.025 [main] INFO  org.springframework.web.servlet.mvc.method.annotation.RequestMappingHandlerMapping - Mapped "{[/device/saveEdit]}" onto public java.lang.Integer com.micropower.manager.controller.DeviceController.saveEdit(com.micropower.manager.model.po.Device)
2017-09-07 11:57:05.025 [main] INFO  org.springframework.web.servlet.mvc.method.annotation.RequestMappingHandlerMapping - Mapped "{[/device/pauseDeviceWarnConfig]}" onto public java.lang.Integer com.micropower.manager.controller.DeviceController.pauseDeviceWarnConfig(java.lang.Integer,java.lang.Integer)
2017-09-07 11:57:05.029 [main] INFO  org.springframework.web.servlet.mvc.method.annotation.RequestMappingHandlerMapping - Mapped "{[/labor/add]}" onto public java.lang.Integer com.micropower.manager.controller.LaborController.add(com.micropower.manager.model.po.User)
2017-09-07 11:57:05.029 [main] INFO  org.springframework.web.servlet.mvc.method.annotation.RequestMappingHandlerMapping - Mapped "{[/labor/delete]}" onto public java.lang.Integer com.micropower.manager.controller.LaborController.delete(java.lang.Integer)
2017-09-07 11:57:05.029 [main] INFO  org.springframework.web.servlet.mvc.method.annotation.RequestMappingHandlerMapping - Mapped "{[/labor/page]}" onto public com.lycheeframework.core.cmp.api.http.GsonData com.micropower.manager.controller.LaborController.page(com.micropower.manager.common.EasyPage)
2017-09-07 11:57:05.030 [main] INFO  org.springframework.web.servlet.mvc.method.annotation.RequestMappingHandlerMapping - Mapped "{[/labor/toEditUI]}" onto public java.lang.String com.micropower.manager.controller.LaborController.toEditUI(java.lang.Integer,org.springframework.ui.Model)
2017-09-07 11:57:05.030 [main] INFO  org.springframework.web.servlet.mvc.method.annotation.RequestMappingHandlerMapping - Mapped "{[/labor/saveEdit]}" onto public java.lang.Integer com.micropower.manager.controller.LaborController.saveEdit(com.micropower.manager.model.po.User)
2017-09-07 11:57:05.032 [main] INFO  org.springframework.web.servlet.mvc.method.annotation.RequestMappingHandlerMapping - Mapped "{[/saveconfig/page]}" onto public com.lycheeframework.core.cmp.api.http.GsonData com.micropower.manager.controller.SaveConfigController.page(com.micropower.manager.common.EasyPage)
2017-09-07 11:57:05.032 [main] INFO  org.springframework.web.servlet.mvc.method.annotation.RequestMappingHandlerMapping - Mapped "{[/saveconfig/toEditUI]}" onto public java.lang.String com.micropower.manager.controller.SaveConfigController.toEditUI(java.lang.Integer,org.springframework.ui.Model)
2017-09-07 11:57:05.032 [main] INFO  org.springframework.web.servlet.mvc.method.annotation.RequestMappingHandlerMapping - Mapped "{[/saveconfig/saveEdit]}" onto public java.lang.Integer com.micropower.manager.controller.SaveConfigController.saveEdit(com.micropower.manager.model.po.Saveconfig)
2017-09-07 11:57:05.036 [main] INFO  org.springframework.web.servlet.mvc.method.annotation.RequestMappingHandlerMapping - Mapped "{[/threshold/page]}" onto public com.lycheeframework.core.cmp.api.http.GsonData com.micropower.manager.controller.ThresholdController.page(com.micropower.manager.common.EasyPage)
2017-09-07 11:57:05.036 [main] INFO  org.springframework.web.servlet.mvc.method.annotation.RequestMappingHandlerMapping - Mapped "{[/threshold/toEditUI]}" onto public java.lang.String com.micropower.manager.controller.ThresholdController.toEditUI(java.lang.Integer,org.springframework.ui.Model)
2017-09-07 11:57:05.036 [main] INFO  org.springframework.web.servlet.mvc.method.annotation.RequestMappingHandlerMapping - Mapped "{[/threshold/recoverDefault]}" onto public java.lang.Integer com.micropower.manager.controller.ThresholdController.recoverDefault(java.lang.Integer)
2017-09-07 11:57:05.036 [main] INFO  org.springframework.web.servlet.mvc.method.annotation.RequestMappingHandlerMapping - Mapped "{[/threshold/saveEdit]}" onto public java.lang.Integer com.micropower.manager.controller.ThresholdController.saveEdit(com.micropower.manager.model.po.Threshold)
2017-09-07 11:57:05.037 [main] INFO  org.springframework.web.servlet.mvc.method.annotation.RequestMappingHandlerMapping - Mapped "{[/index]}" onto public java.lang.String com.micropower.manager.controller.ToUIController.index()
2017-09-07 11:57:05.037 [main] INFO  org.springframework.web.servlet.mvc.method.annotation.RequestMappingHandlerMapping - Mapped "{[/keySet]}" onto public java.lang.String com.micropower.manager.controller.ToUIController.keySet()
2017-09-07 11:57:05.037 [main] INFO  org.springframework.web.servlet.mvc.method.annotation.RequestMappingHandlerMapping - Mapped "{[/report]}" onto public java.lang.String com.micropower.manager.controller.ToUIController.report()
2017-09-07 11:57:05.039 [main] INFO  org.springframework.web.servlet.mvc.method.annotation.RequestMappingHandlerMapping - Mapped "{[/userSet]}" onto public java.lang.String com.micropower.manager.controller.ToUIController.userSet()
2017-09-07 11:57:05.039 [main] INFO  org.springframework.web.servlet.mvc.method.annotation.RequestMappingHandlerMapping - Mapped "{[/policeSet]}" onto public java.lang.String com.micropower.manager.controller.ToUIController.policeSet()
2017-09-07 11:57:05.039 [main] INFO  org.springframework.web.servlet.mvc.method.annotation.RequestMappingHandlerMapping - Mapped "{[/caseSet]}" onto public java.lang.String com.micropower.manager.controller.ToUIController.caseSet()
2017-09-07 11:57:05.039 [main] INFO  org.springframework.web.servlet.mvc.method.annotation.RequestMappingHandlerMapping - Mapped "{[/setTimt]}" onto public java.lang.String com.micropower.manager.controller.ToUIController.setTimt()
2017-09-07 11:57:05.039 [main] INFO  org.springframework.web.servlet.mvc.method.annotation.RequestMappingHandlerMapping - Mapped "{[/huanj]}" onto public java.lang.String com.micropower.manager.controller.ToUIController.huanj()
2017-09-07 11:57:05.039 [main] INFO  org.springframework.web.servlet.mvc.method.annotation.RequestMappingHandlerMapping - Mapped "{[/jizu]}" onto public java.lang.String com.micropower.manager.controller.ToUIController.jizu()
2017-09-07 11:57:05.039 [main] INFO  org.springframework.web.servlet.mvc.method.annotation.RequestMappingHandlerMapping - Mapped "{[/evenC]}" onto public java.lang.String com.micropower.manager.controller.ToUIController.evenC()
2017-09-07 11:57:05.039 [main] INFO  org.springframework.web.servlet.mvc.method.annotation.RequestMappingHandlerMapping - Mapped "{[/powerSet]}" onto public java.lang.String com.micropower.manager.controller.ToUIController.powerSet()
2017-09-07 11:57:05.039 [main] INFO  org.springframework.web.servlet.mvc.method.annotation.RequestMappingHandlerMapping - Mapped "{[/huanjing]}" onto public java.lang.String com.micropower.manager.controller.ToUIController.huanjing()
2017-09-07 11:57:05.040 [main] INFO  org.springframework.web.servlet.mvc.method.annotation.RequestMappingHandlerMapping - Mapped "{[/evenR]}" onto public java.lang.String com.micropower.manager.controller.ToUIController.evenR()
2017-09-07 11:57:05.041 [main] INFO  org.springframework.web.servlet.mvc.method.annotation.RequestMappingHandlerMapping - Mapped "{[/user/add]}" onto public java.lang.Integer com.micropower.manager.controller.UserController.add(com.micropower.manager.model.po.User)
2017-09-07 11:57:05.041 [main] INFO  org.springframework.web.servlet.mvc.method.annotation.RequestMappingHandlerMapping - Mapped "{[/user/delete]}" onto public java.lang.Integer com.micropower.manager.controller.UserController.delete(java.lang.Integer)
2017-09-07 11:57:05.041 [main] INFO  org.springframework.web.servlet.mvc.method.annotation.RequestMappingHandlerMapping - Mapped "{[/user/page]}" onto public com.lycheeframework.core.cmp.api.http.GsonData com.micropower.manager.controller.UserController.page(com.micropower.manager.common.EasyPage)
2017-09-07 11:57:05.041 [main] INFO  org.springframework.web.servlet.mvc.method.annotation.RequestMappingHandlerMapping - Mapped "{[/user/toEditUI]}" onto public java.lang.String com.micropower.manager.controller.UserController.toEditUI(java.lang.Integer,org.springframework.ui.Model)
2017-09-07 11:57:05.041 [main] INFO  org.springframework.web.servlet.mvc.method.annotation.RequestMappingHandlerMapping - Mapped "{[/user/saveEdit]}" onto public java.lang.Integer com.micropower.manager.controller.UserController.saveEdit(com.micropower.manager.model.po.User)
2017-09-07 11:57:05.042 [main] INFO  org.springframework.web.servlet.mvc.method.annotation.RequestMappingHandlerMapping - Mapped "{[/warnlog/delete]}" onto public java.lang.Integer com.micropower.manager.controller.WarnLogController.delete(java.lang.Integer)
2017-09-07 11:57:05.042 [main] INFO  org.springframework.web.servlet.mvc.method.annotation.RequestMappingHandlerMapping - Mapped "{[/warnlog/saveRepair]}" onto public java.lang.Integer com.micropower.manager.controller.WarnLogController.saveRepair(com.micropower.manager.model.po.Warnlog)
2017-09-07 11:57:05.042 [main] INFO  org.springframework.web.servlet.mvc.method.annotation.RequestMappingHandlerMapping - Mapped "{[/warnlog/toRepairUI]}" onto public java.lang.String com.micropower.manager.controller.WarnLogController.toRepairUI(java.lang.Integer,org.springframework.ui.Model)
2017-09-07 11:57:05.042 [main] INFO  org.springframework.web.servlet.mvc.method.annotation.RequestMappingHandlerMapping - Mapped "{[/warnlog/page]}" onto public com.lycheeframework.core.cmp.api.http.GsonData com.micropower.manager.controller.WarnLogController.page(com.micropower.manager.common.EasyPage)
2017-09-07 11:57:05.043 [main] INFO  org.springframework.web.servlet.mvc.method.annotation.RequestMappingHandlerMapping - Mapped "{[/warntimeperiod/add]}" onto public java.lang.Integer com.micropower.manager.controller.WarnTimePeriodController.add(com.micropower.manager.model.po.Warntimeperiod)
2017-09-07 11:57:05.044 [main] INFO  org.springframework.web.servlet.mvc.method.annotation.RequestMappingHandlerMapping - Mapped "{[/warntimeperiod/delete]}" onto public java.lang.Integer com.micropower.manager.controller.WarnTimePeriodController.delete(java.lang.Integer)
2017-09-07 11:57:05.044 [main] INFO  org.springframework.web.servlet.mvc.method.annotation.RequestMappingHandlerMapping - Mapped "{[/warntimeperiod/page]}" onto public com.lycheeframework.core.cmp.api.http.GsonData com.micropower.manager.controller.WarnTimePeriodController.page(com.micropower.manager.common.EasyPage)
2017-09-07 11:57:05.044 [main] INFO  org.springframework.web.servlet.mvc.method.annotation.RequestMappingHandlerMapping - Mapped "{[/warntimeperiod/toEditUI]}" onto public java.lang.String com.micropower.manager.controller.WarnTimePeriodController.toEditUI(java.lang.Integer,org.springframework.ui.Model)
2017-09-07 11:57:05.044 [main] INFO  org.springframework.web.servlet.mvc.method.annotation.RequestMappingHandlerMapping - Mapped "{[/warntimeperiod/saveEdit]}" onto public java.lang.Integer com.micropower.manager.controller.WarnTimePeriodController.saveEdit(com.micropower.manager.model.po.User)
2017-09-07 11:57:05.668 [main] INFO  org.springframework.web.servlet.mvc.method.annotation.RequestMappingHandlerAdapter - Looking for @ControllerAdvice: org.springframework.web.context.support.GenericWebApplicationContext@16610890: startup date [Thu Sep 07 11:57:02 CST 2017]; root of context hierarchy
2017-09-07 11:57:05.762 [main] INFO  org.springframework.web.servlet.mvc.method.annotation.RequestMappingHandlerAdapter - Looking for @ControllerAdvice: org.springframework.web.context.support.GenericWebApplicationContext@16610890: startup date [Thu Sep 07 11:57:02 CST 2017]; root of context hierarchy
2017-09-07 11:57:05.847 [main] INFO  org.springframework.web.servlet.view.velocity.VelocityConfigurer - ClasspathResourceLoader with name 'springMacro' added to configured VelocityEngine
2017-09-07 11:57:06.058 [main] INFO  org.springframework.web.servlet.view.velocity.VelocityViewResolver - Using VelocityToolboxView instead of default VelocityView due to specified toolboxConfigLocation
2017-09-07 11:57:06.197 [main] INFO  org.springframework.mock.web.MockServletContext - Initializing Spring FrameworkServlet ''
2017-09-07 11:57:06.197 [main] INFO  org.springframework.test.web.servlet.TestDispatcherServlet - FrameworkServlet '': initialization started
2017-09-07 11:57:06.218 [main] INFO  org.springframework.test.web.servlet.TestDispatcherServlet - FrameworkServlet '': initialization completed in 21 ms
