2017-09-04 15:25:05.556 [main] INFO  org.springframework.test.context.web.WebTestContextBootstrapper - Using TestExecutionListeners: [org.springframework.test.context.support.DependencyInjectionTestExecutionListener@376b4233]
2017-09-04 15:25:05.746 [main] INFO  org.springframework.beans.factory.xml.XmlBeanDefinitionReader - Loading XML bean definitions from file [D:\IdeaProjects\monitor\target\classes\META-INF\spring\app-dataSource.xml]
2017-09-04 15:25:05.909 [main] INFO  org.springframework.beans.factory.xml.XmlBeanDefinitionReader - Loading XML bean definitions from file [D:\IdeaProjects\monitor\target\classes\META-INF\spring\app-framework.xml]
2017-09-04 15:25:06.041 [main] INFO  org.springframework.beans.factory.xml.XmlBeanDefinitionReader - Loading XML bean definitions from URL [file:src/main/webapp/WEB-INF/webmvc-servlet.xml]
2017-09-04 15:25:06.216 [main] INFO  org.springframework.web.context.support.GenericWebApplicationContext - Refreshing org.springframework.web.context.support.GenericWebApplicationContext@12028586: startup date [Mon Sep 04 15:25:06 CST 2017]; root of context hierarchy
2017-09-04 15:25:06.481 [main] INFO  com.lycheeframework.core.common.placeholder.CustomPlaceholder - Local Mac Address is: 005056c00008
2017-09-04 15:25:06.623 [main] INFO  org.springframework.scheduling.concurrent.ThreadPoolTaskScheduler - Initializing ExecutorService  'qbScheduler'
2017-09-04 15:25:06.623 [main] INFO  org.springframework.context.support.PostProcessorRegistrationDelegate$BeanPostProcessorChecker - Bean 'qbScheduler' of type [class org.springframework.scheduling.concurrent.ThreadPoolTaskScheduler] is not eligible for getting processed by all BeanPostProcessors (for example: not eligible for auto-proxying)
2017-09-04 15:25:07.870 [main] INFO  org.springframework.cache.ehcache.EhCacheManagerFactoryBean - Initializing EhCache CacheManager
2017-09-04 15:25:08.559 [main] INFO  org.springframework.web.servlet.handler.SimpleUrlHandlerMapping - Mapped URL path [/source/**] onto handler 'org.springframework.web.servlet.resource.ResourceHttpRequestHandler#0'
2017-09-04 15:25:08.591 [main] INFO  org.springframework.web.servlet.handler.SimpleUrlHandlerMapping - Mapped URL path [/source/**] onto handler 'resourceHttpRequestHandler'
2017-09-04 15:25:09.112 [main] INFO  org.springframework.web.servlet.mvc.method.annotation.RequestMappingHandlerAdapter - Looking for @ControllerAdvice: org.springframework.web.context.support.GenericWebApplicationContext@12028586: startup date [Mon Sep 04 15:25:06 CST 2017]; root of context hierarchy
2017-09-04 15:25:09.348 [main] INFO  org.springframework.web.servlet.mvc.method.annotation.RequestMappingHandlerAdapter - Looking for @ControllerAdvice: org.springframework.web.context.support.GenericWebApplicationContext@12028586: startup date [Mon Sep 04 15:25:06 CST 2017]; root of context hierarchy
2017-09-04 15:25:09.490 [main] INFO  org.springframework.web.servlet.view.velocity.VelocityConfigurer - ClasspathResourceLoader with name 'springMacro' added to configured VelocityEngine
2017-09-04 15:25:09.703 [main] INFO  org.springframework.web.servlet.view.velocity.VelocityViewResolver - Using VelocityToolboxView instead of default VelocityView due to specified toolboxConfigLocation
2017-09-04 15:25:09.811 [main] INFO  org.springframework.mock.web.MockServletContext - Initializing Spring FrameworkServlet ''
2017-09-04 15:25:09.812 [main] INFO  org.springframework.test.web.servlet.TestDispatcherServlet - FrameworkServlet '': initialization started
2017-09-04 15:25:09.841 [main] INFO  org.springframework.test.web.servlet.TestDispatcherServlet - FrameworkServlet '': initialization completed in 29 ms
2017-09-04 15:25:09.885 [Thread-3] INFO  org.springframework.web.context.support.GenericWebApplicationContext - Closing org.springframework.web.context.support.GenericWebApplicationContext@12028586: startup date [Mon Sep 04 15:25:06 CST 2017]; root of context hierarchy
2017-09-04 15:25:09.888 [Thread-3] INFO  org.springframework.cache.ehcache.EhCacheManagerFactoryBean - Shutting down EhCache CacheManager
2017-09-04 15:25:09.897 [Thread-3] INFO  org.springframework.scheduling.concurrent.ThreadPoolTaskScheduler - Shutting down ExecutorService 'qbScheduler'
2017-09-04 15:25:33.650 [main] INFO  org.springframework.test.context.web.WebTestContextBootstrapper - Using TestExecutionListeners: [org.springframework.test.context.support.DependencyInjectionTestExecutionListener@376b4233]
2017-09-04 15:25:33.775 [main] INFO  org.springframework.beans.factory.xml.XmlBeanDefinitionReader - Loading XML bean definitions from file [D:\IdeaProjects\monitor\target\classes\META-INF\spring\app-dataSource.xml]
2017-09-04 15:25:33.902 [main] INFO  org.springframework.beans.factory.xml.XmlBeanDefinitionReader - Loading XML bean definitions from file [D:\IdeaProjects\monitor\target\classes\META-INF\spring\app-framework.xml]
2017-09-04 15:25:34.013 [main] INFO  org.springframework.beans.factory.xml.XmlBeanDefinitionReader - Loading XML bean definitions from URL [file:src/main/webapp/WEB-INF/webmvc-servlet.xml]
2017-09-04 15:25:34.246 [main] INFO  org.springframework.web.context.support.GenericWebApplicationContext - Refreshing org.springframework.web.context.support.GenericWebApplicationContext@12028586: startup date [Mon Sep 04 15:25:34 CST 2017]; root of context hierarchy
2017-09-04 15:25:34.510 [main] INFO  com.lycheeframework.core.common.placeholder.CustomPlaceholder - Local Mac Address is: 005056c00008
2017-09-04 15:25:34.637 [main] INFO  org.springframework.scheduling.concurrent.ThreadPoolTaskScheduler - Initializing ExecutorService  'qbScheduler'
2017-09-04 15:25:34.637 [main] INFO  org.springframework.context.support.PostProcessorRegistrationDelegate$BeanPostProcessorChecker - Bean 'qbScheduler' of type [class org.springframework.scheduling.concurrent.ThreadPoolTaskScheduler] is not eligible for getting processed by all BeanPostProcessors (for example: not eligible for auto-proxying)
2017-09-04 15:25:35.716 [main] INFO  org.springframework.cache.ehcache.EhCacheManagerFactoryBean - Initializing EhCache CacheManager
2017-09-04 15:25:36.257 [main] INFO  org.springframework.web.servlet.handler.SimpleUrlHandlerMapping - Mapped URL path [/source/**] onto handler 'org.springframework.web.servlet.resource.ResourceHttpRequestHandler#0'
2017-09-04 15:25:36.292 [main] INFO  org.springframework.web.servlet.handler.SimpleUrlHandlerMapping - Mapped URL path [/source/**] onto handler 'resourceHttpRequestHandler'
2017-09-04 15:25:36.796 [main] INFO  org.springframework.web.servlet.mvc.method.annotation.RequestMappingHandlerAdapter - Looking for @ControllerAdvice: org.springframework.web.context.support.GenericWebApplicationContext@12028586: startup date [Mon Sep 04 15:25:34 CST 2017]; root of context hierarchy
2017-09-04 15:25:37.003 [main] INFO  org.springframework.web.servlet.mvc.method.annotation.RequestMappingHandlerAdapter - Looking for @ControllerAdvice: org.springframework.web.context.support.GenericWebApplicationContext@12028586: startup date [Mon Sep 04 15:25:34 CST 2017]; root of context hierarchy
2017-09-04 15:25:37.148 [main] INFO  org.springframework.web.servlet.view.velocity.VelocityConfigurer - ClasspathResourceLoader with name 'springMacro' added to configured VelocityEngine
2017-09-04 15:25:37.286 [main] INFO  org.springframework.web.servlet.view.velocity.VelocityViewResolver - Using VelocityToolboxView instead of default VelocityView due to specified toolboxConfigLocation
2017-09-04 15:25:37.389 [main] INFO  org.springframework.mock.web.MockServletContext - Initializing Spring FrameworkServlet ''
2017-09-04 15:25:37.389 [main] INFO  org.springframework.test.web.servlet.TestDispatcherServlet - FrameworkServlet '': initialization started
2017-09-04 15:25:37.414 [main] INFO  org.springframework.test.web.servlet.TestDispatcherServlet - FrameworkServlet '': initialization completed in 25 ms
2017-09-04 15:25:37.627 [Thread-3] INFO  org.springframework.web.context.support.GenericWebApplicationContext - Closing org.springframework.web.context.support.GenericWebApplicationContext@12028586: startup date [Mon Sep 04 15:25:34 CST 2017]; root of context hierarchy
2017-09-04 15:25:37.631 [Thread-3] INFO  org.springframework.cache.ehcache.EhCacheManagerFactoryBean - Shutting down EhCache CacheManager
2017-09-04 15:25:37.646 [Thread-3] INFO  org.springframework.scheduling.concurrent.ThreadPoolTaskScheduler - Shutting down ExecutorService 'qbScheduler'
2017-09-04 15:26:34.636 [main] INFO  org.springframework.test.context.web.WebTestContextBootstrapper - Using TestExecutionListeners: [org.springframework.test.context.support.DependencyInjectionTestExecutionListener@376b4233]
2017-09-04 15:26:34.746 [main] INFO  org.springframework.beans.factory.xml.XmlBeanDefinitionReader - Loading XML bean definitions from file [D:\IdeaProjects\monitor\target\classes\META-INF\spring\app-dataSource.xml]
2017-09-04 15:26:34.885 [main] INFO  org.springframework.beans.factory.xml.XmlBeanDefinitionReader - Loading XML bean definitions from file [D:\IdeaProjects\monitor\target\classes\META-INF\spring\app-framework.xml]
2017-09-04 15:26:35.006 [main] INFO  org.springframework.beans.factory.xml.XmlBeanDefinitionReader - Loading XML bean definitions from URL [file:src/main/webapp/WEB-INF/webmvc-servlet.xml]
2017-09-04 15:26:35.205 [main] INFO  org.springframework.web.context.support.GenericWebApplicationContext - Refreshing org.springframework.web.context.support.GenericWebApplicationContext@12028586: startup date [Mon Sep 04 15:26:35 CST 2017]; root of context hierarchy
2017-09-04 15:26:35.581 [main] INFO  com.lycheeframework.core.common.placeholder.CustomPlaceholder - Local Mac Address is: 005056c00008
2017-09-04 15:26:35.705 [main] INFO  org.springframework.scheduling.concurrent.ThreadPoolTaskScheduler - Initializing ExecutorService  'qbScheduler'
2017-09-04 15:26:35.706 [main] INFO  org.springframework.context.support.PostProcessorRegistrationDelegate$BeanPostProcessorChecker - Bean 'qbScheduler' of type [class org.springframework.scheduling.concurrent.ThreadPoolTaskScheduler] is not eligible for getting processed by all BeanPostProcessors (for example: not eligible for auto-proxying)
2017-09-04 15:26:36.744 [main] INFO  org.springframework.cache.ehcache.EhCacheManagerFactoryBean - Initializing EhCache CacheManager
2017-09-04 15:26:37.335 [main] INFO  org.springframework.web.servlet.handler.SimpleUrlHandlerMapping - Mapped URL path [/source/**] onto handler 'org.springframework.web.servlet.resource.ResourceHttpRequestHandler#0'
2017-09-04 15:26:37.363 [main] INFO  org.springframework.web.servlet.handler.SimpleUrlHandlerMapping - Mapped URL path [/source/**] onto handler 'resourceHttpRequestHandler'
2017-09-04 15:26:37.846 [main] INFO  org.springframework.web.servlet.mvc.method.annotation.RequestMappingHandlerAdapter - Looking for @ControllerAdvice: org.springframework.web.context.support.GenericWebApplicationContext@12028586: startup date [Mon Sep 04 15:26:35 CST 2017]; root of context hierarchy
2017-09-04 15:26:37.983 [main] INFO  org.springframework.web.servlet.mvc.method.annotation.RequestMappingHandlerAdapter - Looking for @ControllerAdvice: org.springframework.web.context.support.GenericWebApplicationContext@12028586: startup date [Mon Sep 04 15:26:35 CST 2017]; root of context hierarchy
2017-09-04 15:26:38.071 [main] INFO  org.springframework.web.servlet.view.velocity.VelocityConfigurer - ClasspathResourceLoader with name 'springMacro' added to configured VelocityEngine
2017-09-04 15:26:38.180 [main] INFO  org.springframework.web.servlet.view.velocity.VelocityViewResolver - Using VelocityToolboxView instead of default VelocityView due to specified toolboxConfigLocation
2017-09-04 15:26:38.268 [main] INFO  org.springframework.mock.web.MockServletContext - Initializing Spring FrameworkServlet ''
2017-09-04 15:26:38.268 [main] INFO  org.springframework.test.web.servlet.TestDispatcherServlet - FrameworkServlet '': initialization started
2017-09-04 15:26:38.290 [main] INFO  org.springframework.test.web.servlet.TestDispatcherServlet - FrameworkServlet '': initialization completed in 22 ms
2017-09-04 15:26:38.444 [Thread-3] INFO  org.springframework.web.context.support.GenericWebApplicationContext - Closing org.springframework.web.context.support.GenericWebApplicationContext@12028586: startup date [Mon Sep 04 15:26:35 CST 2017]; root of context hierarchy
2017-09-04 15:26:38.445 [Thread-3] INFO  org.springframework.cache.ehcache.EhCacheManagerFactoryBean - Shutting down EhCache CacheManager
2017-09-04 15:26:38.452 [Thread-3] INFO  org.springframework.scheduling.concurrent.ThreadPoolTaskScheduler - Shutting down ExecutorService 'qbScheduler'
2017-09-04 15:43:55.032 [main] INFO  org.springframework.test.context.web.WebTestContextBootstrapper - Using TestExecutionListeners: [org.springframework.test.context.support.DependencyInjectionTestExecutionListener@40cb8df7]
2017-09-04 15:43:55.247 [main] INFO  org.springframework.beans.factory.xml.XmlBeanDefinitionReader - Loading XML bean definitions from file [D:\IdeaProjects\monitor\target\classes\META-INF\spring\app-dataSource.xml]
2017-09-04 15:43:55.420 [main] INFO  org.springframework.beans.factory.xml.XmlBeanDefinitionReader - Loading XML bean definitions from file [D:\IdeaProjects\monitor\target\classes\META-INF\spring\app-framework.xml]
2017-09-04 15:43:55.606 [main] INFO  org.springframework.beans.factory.xml.XmlBeanDefinitionReader - Loading XML bean definitions from URL [file:src/main/webapp/WEB-INF/webmvc-servlet.xml]
2017-09-04 15:43:55.776 [main] INFO  org.springframework.web.context.support.GenericWebApplicationContext - Refreshing org.springframework.web.context.support.GenericWebApplicationContext@156b88f5: startup date [Mon Sep 04 15:43:55 CST 2017]; root of context hierarchy
2017-09-04 15:43:56.154 [main] INFO  com.lycheeframework.core.common.placeholder.CustomPlaceholder - Local Mac Address is: 005056c00008
2017-09-04 15:43:56.379 [main] INFO  org.springframework.scheduling.concurrent.ThreadPoolTaskScheduler - Initializing ExecutorService  'qbScheduler'
2017-09-04 15:43:56.379 [main] INFO  org.springframework.context.support.PostProcessorRegistrationDelegate$BeanPostProcessorChecker - Bean 'qbScheduler' of type [class org.springframework.scheduling.concurrent.ThreadPoolTaskScheduler] is not eligible for getting processed by all BeanPostProcessors (for example: not eligible for auto-proxying)
2017-09-04 15:43:58.462 [main] INFO  org.springframework.cache.ehcache.EhCacheManagerFactoryBean - Initializing EhCache CacheManager
2017-09-04 15:43:59.315 [main] INFO  org.springframework.cache.ehcache.EhCacheManagerFactoryBean - Shutting down EhCache CacheManager
2017-09-04 15:43:59.332 [main] INFO  org.springframework.scheduling.concurrent.ThreadPoolTaskScheduler - Shutting down ExecutorService 'qbScheduler'
2017-09-04 15:48:12.197 [main] INFO  org.springframework.test.context.web.WebTestContextBootstrapper - Using TestExecutionListeners: [org.springframework.test.context.support.DependencyInjectionTestExecutionListener@376b4233]
2017-09-04 15:48:12.326 [main] INFO  org.springframework.beans.factory.xml.XmlBeanDefinitionReader - Loading XML bean definitions from file [D:\IdeaProjects\monitor\target\classes\META-INF\spring\app-dataSource.xml]
2017-09-04 15:48:12.450 [main] INFO  org.springframework.beans.factory.xml.XmlBeanDefinitionReader - Loading XML bean definitions from file [D:\IdeaProjects\monitor\target\classes\META-INF\spring\app-framework.xml]
2017-09-04 15:48:12.568 [main] INFO  org.springframework.beans.factory.xml.XmlBeanDefinitionReader - Loading XML bean definitions from URL [file:src/main/webapp/WEB-INF/webmvc-servlet.xml]
2017-09-04 15:48:12.807 [main] INFO  org.springframework.web.context.support.GenericWebApplicationContext - Refreshing org.springframework.web.context.support.GenericWebApplicationContext@12028586: startup date [Mon Sep 04 15:48:12 CST 2017]; root of context hierarchy
2017-09-04 15:48:13.103 [main] INFO  com.lycheeframework.core.common.placeholder.CustomPlaceholder - Local Mac Address is: 005056c00008
2017-09-04 15:48:13.236 [main] INFO  org.springframework.scheduling.concurrent.ThreadPoolTaskScheduler - Initializing ExecutorService  'qbScheduler'
2017-09-04 15:48:13.236 [main] INFO  org.springframework.context.support.PostProcessorRegistrationDelegate$BeanPostProcessorChecker - Bean 'qbScheduler' of type [class org.springframework.scheduling.concurrent.ThreadPoolTaskScheduler] is not eligible for getting processed by all BeanPostProcessors (for example: not eligible for auto-proxying)
2017-09-04 15:48:14.356 [main] INFO  org.springframework.cache.ehcache.EhCacheManagerFactoryBean - Initializing EhCache CacheManager
2017-09-04 15:48:15.006 [main] INFO  org.springframework.web.servlet.handler.SimpleUrlHandlerMapping - Mapped URL path [/source/**] onto handler 'org.springframework.web.servlet.resource.ResourceHttpRequestHandler#0'
2017-09-04 15:48:15.036 [main] INFO  org.springframework.web.servlet.handler.SimpleUrlHandlerMapping - Mapped URL path [/source/**] onto handler 'resourceHttpRequestHandler'
2017-09-04 15:48:15.078 [main] INFO  org.springframework.web.servlet.mvc.method.annotation.RequestMappingHandlerMapping - Mapped "{[/threshold/list]}" onto public com.lycheeframework.core.cmp.api.http.GsonData com.micropower.manager.controller.ThresholdController.list(com.micropower.manager.common.EasyPage)
2017-09-04 15:48:15.617 [main] INFO  org.springframework.web.servlet.mvc.method.annotation.RequestMappingHandlerAdapter - Looking for @ControllerAdvice: org.springframework.web.context.support.GenericWebApplicationContext@12028586: startup date [Mon Sep 04 15:48:12 CST 2017]; root of context hierarchy
2017-09-04 15:48:15.685 [main] INFO  org.springframework.web.servlet.mvc.method.annotation.RequestMappingHandlerAdapter - Looking for @ControllerAdvice: org.springframework.web.context.support.GenericWebApplicationContext@12028586: startup date [Mon Sep 04 15:48:12 CST 2017]; root of context hierarchy
2017-09-04 15:48:15.791 [main] INFO  org.springframework.web.servlet.view.velocity.VelocityConfigurer - ClasspathResourceLoader with name 'springMacro' added to configured VelocityEngine
2017-09-04 15:48:15.956 [main] INFO  org.springframework.web.servlet.view.velocity.VelocityViewResolver - Using VelocityToolboxView instead of default VelocityView due to specified toolboxConfigLocation
2017-09-04 15:48:16.055 [main] INFO  org.springframework.mock.web.MockServletContext - Initializing Spring FrameworkServlet ''
2017-09-04 15:48:16.055 [main] INFO  org.springframework.test.web.servlet.TestDispatcherServlet - FrameworkServlet '': initialization started
2017-09-04 15:48:16.078 [main] INFO  org.springframework.test.web.servlet.TestDispatcherServlet - FrameworkServlet '': initialization completed in 23 ms
2017-09-04 15:48:16.252 [Thread-3] INFO  org.springframework.web.context.support.GenericWebApplicationContext - Closing org.springframework.web.context.support.GenericWebApplicationContext@12028586: startup date [Mon Sep 04 15:48:12 CST 2017]; root of context hierarchy
2017-09-04 15:48:16.256 [Thread-3] INFO  org.springframework.cache.ehcache.EhCacheManagerFactoryBean - Shutting down EhCache CacheManager
2017-09-04 15:48:16.267 [Thread-3] INFO  org.springframework.scheduling.concurrent.ThreadPoolTaskScheduler - Shutting down ExecutorService 'qbScheduler'
2017-09-04 15:50:44.173 [main] INFO  org.springframework.test.context.web.WebTestContextBootstrapper - Using TestExecutionListeners: [org.springframework.test.context.support.DependencyInjectionTestExecutionListener@376b4233]
2017-09-04 15:50:44.293 [main] INFO  org.springframework.beans.factory.xml.XmlBeanDefinitionReader - Loading XML bean definitions from file [D:\IdeaProjects\monitor\target\classes\META-INF\spring\app-dataSource.xml]
2017-09-04 15:50:44.414 [main] INFO  org.springframework.beans.factory.xml.XmlBeanDefinitionReader - Loading XML bean definitions from file [D:\IdeaProjects\monitor\target\classes\META-INF\spring\app-framework.xml]
2017-09-04 15:50:44.523 [main] INFO  org.springframework.beans.factory.xml.XmlBeanDefinitionReader - Loading XML bean definitions from URL [file:src/main/webapp/WEB-INF/webmvc-servlet.xml]
2017-09-04 15:50:44.743 [main] INFO  org.springframework.web.context.support.GenericWebApplicationContext - Refreshing org.springframework.web.context.support.GenericWebApplicationContext@12028586: startup date [Mon Sep 04 15:50:44 CST 2017]; root of context hierarchy
2017-09-04 15:50:45.057 [main] INFO  com.lycheeframework.core.common.placeholder.CustomPlaceholder - Local Mac Address is: 005056c00008
2017-09-04 15:50:45.171 [main] INFO  org.springframework.scheduling.concurrent.ThreadPoolTaskScheduler - Initializing ExecutorService  'qbScheduler'
2017-09-04 15:50:45.171 [main] INFO  org.springframework.context.support.PostProcessorRegistrationDelegate$BeanPostProcessorChecker - Bean 'qbScheduler' of type [class org.springframework.scheduling.concurrent.ThreadPoolTaskScheduler] is not eligible for getting processed by all BeanPostProcessors (for example: not eligible for auto-proxying)
2017-09-04 15:50:46.287 [main] INFO  org.springframework.cache.ehcache.EhCacheManagerFactoryBean - Initializing EhCache CacheManager
2017-09-04 15:50:46.961 [main] INFO  org.springframework.web.servlet.handler.SimpleUrlHandlerMapping - Mapped URL path [/source/**] onto handler 'org.springframework.web.servlet.resource.ResourceHttpRequestHandler#0'
2017-09-04 15:50:46.994 [main] INFO  org.springframework.web.servlet.handler.SimpleUrlHandlerMapping - Mapped URL path [/source/**] onto handler 'resourceHttpRequestHandler'
2017-09-04 15:50:47.031 [main] INFO  org.springframework.web.servlet.mvc.method.annotation.RequestMappingHandlerMapping - Mapped "{[/threshold/list]}" onto public com.lycheeframework.core.cmp.api.http.GsonData com.micropower.manager.controller.ThresholdController.list(com.micropower.manager.common.EasyPage)
2017-09-04 15:50:47.519 [main] INFO  org.springframework.web.servlet.mvc.method.annotation.RequestMappingHandlerAdapter - Looking for @ControllerAdvice: org.springframework.web.context.support.GenericWebApplicationContext@12028586: startup date [Mon Sep 04 15:50:44 CST 2017]; root of context hierarchy
2017-09-04 15:50:47.582 [main] INFO  org.springframework.web.servlet.mvc.method.annotation.RequestMappingHandlerAdapter - Looking for @ControllerAdvice: org.springframework.web.context.support.GenericWebApplicationContext@12028586: startup date [Mon Sep 04 15:50:44 CST 2017]; root of context hierarchy
2017-09-04 15:50:47.688 [main] INFO  org.springframework.web.servlet.view.velocity.VelocityConfigurer - ClasspathResourceLoader with name 'springMacro' added to configured VelocityEngine
2017-09-04 15:50:47.818 [main] INFO  org.springframework.web.servlet.view.velocity.VelocityViewResolver - Using VelocityToolboxView instead of default VelocityView due to specified toolboxConfigLocation
2017-09-04 15:50:47.912 [main] INFO  org.springframework.mock.web.MockServletContext - Initializing Spring FrameworkServlet ''
2017-09-04 15:50:47.913 [main] INFO  org.springframework.test.web.servlet.TestDispatcherServlet - FrameworkServlet '': initialization started
2017-09-04 15:50:47.940 [main] INFO  org.springframework.test.web.servlet.TestDispatcherServlet - FrameworkServlet '': initialization completed in 27 ms
2017-09-04 15:50:48.429 [Thread-3] INFO  org.springframework.web.context.support.GenericWebApplicationContext - Closing org.springframework.web.context.support.GenericWebApplicationContext@12028586: startup date [Mon Sep 04 15:50:44 CST 2017]; root of context hierarchy
2017-09-04 15:50:48.431 [Thread-3] INFO  org.springframework.cache.ehcache.EhCacheManagerFactoryBean - Shutting down EhCache CacheManager
2017-09-04 15:50:48.439 [Thread-3] INFO  org.springframework.scheduling.concurrent.ThreadPoolTaskScheduler - Shutting down ExecutorService 'qbScheduler'
2017-09-04 16:22:18.344 [main] INFO  org.springframework.test.context.web.WebTestContextBootstrapper - Using TestExecutionListeners: [org.springframework.test.context.support.DependencyInjectionTestExecutionListener@376b4233]
2017-09-04 16:22:18.518 [main] INFO  org.springframework.beans.factory.xml.XmlBeanDefinitionReader - Loading XML bean definitions from file [D:\IdeaProjects\monitor\target\classes\META-INF\spring\app-dataSource.xml]
2017-09-04 16:22:18.658 [main] INFO  org.springframework.beans.factory.xml.XmlBeanDefinitionReader - Loading XML bean definitions from file [D:\IdeaProjects\monitor\target\classes\META-INF\spring\app-framework.xml]
2017-09-04 16:22:18.788 [main] INFO  org.springframework.beans.factory.xml.XmlBeanDefinitionReader - Loading XML bean definitions from URL [file:src/main/webapp/WEB-INF/webmvc-servlet.xml]
2017-09-04 16:22:19.149 [main] INFO  org.springframework.web.context.support.GenericWebApplicationContext - Refreshing org.springframework.web.context.support.GenericWebApplicationContext@12028586: startup date [Mon Sep 04 16:22:19 CST 2017]; root of context hierarchy
2017-09-04 16:22:19.457 [main] INFO  com.lycheeframework.core.common.placeholder.CustomPlaceholder - Local Mac Address is: 005056c00008
2017-09-04 16:22:19.586 [main] INFO  org.springframework.scheduling.concurrent.ThreadPoolTaskScheduler - Initializing ExecutorService  'qbScheduler'
2017-09-04 16:22:19.586 [main] INFO  org.springframework.context.support.PostProcessorRegistrationDelegate$BeanPostProcessorChecker - Bean 'qbScheduler' of type [class org.springframework.scheduling.concurrent.ThreadPoolTaskScheduler] is not eligible for getting processed by all BeanPostProcessors (for example: not eligible for auto-proxying)
2017-09-04 16:22:20.978 [main] INFO  org.springframework.cache.ehcache.EhCacheManagerFactoryBean - Initializing EhCache CacheManager
2017-09-04 16:22:22.006 [main] INFO  org.springframework.web.servlet.handler.SimpleUrlHandlerMapping - Mapped URL path [/source/**] onto handler 'org.springframework.web.servlet.resource.ResourceHttpRequestHandler#0'
2017-09-04 16:22:22.047 [main] INFO  org.springframework.web.servlet.handler.SimpleUrlHandlerMapping - Mapped URL path [/source/**] onto handler 'resourceHttpRequestHandler'
2017-09-04 16:22:22.109 [main] INFO  org.springframework.web.servlet.mvc.method.annotation.RequestMappingHandlerMapping - Mapped "{[/threshold/saveEditThreshold]}" onto public java.lang.Integer com.micropower.manager.controller.ThresholdController.saveEditThreshold(com.micropower.manager.model.po.Threshold)
2017-09-04 16:22:22.110 [main] INFO  org.springframework.web.servlet.mvc.method.annotation.RequestMappingHandlerMapping - Mapped "{[/threshold/thresholdInfo]}" onto public com.lycheeframework.core.cmp.api.http.GsonData com.micropower.manager.controller.ThresholdController.thresholdInfo(com.micropower.manager.common.EasyPage)
2017-09-04 16:22:22.111 [main] INFO  org.springframework.web.servlet.mvc.method.annotation.RequestMappingHandlerMapping - Mapped "{[/threshold/editThreshold]}" onto public java.lang.String com.micropower.manager.controller.ThresholdController.editThreshold(java.lang.Long,com.sun.tools.internal.ws.processor.model.Model)
2017-09-04 16:22:22.111 [main] INFO  org.springframework.web.servlet.mvc.method.annotation.RequestMappingHandlerMapping - Mapped "{[/threshold/defaultThreshold]}" onto public com.lycheeframework.core.cmp.api.http.GsonData com.micropower.manager.controller.ThresholdController.defaultThreshold(java.lang.Long)
2017-09-04 16:22:22.692 [main] INFO  org.springframework.web.servlet.mvc.method.annotation.RequestMappingHandlerAdapter - Looking for @ControllerAdvice: org.springframework.web.context.support.GenericWebApplicationContext@12028586: startup date [Mon Sep 04 16:22:19 CST 2017]; root of context hierarchy
2017-09-04 16:22:22.773 [main] INFO  org.springframework.web.servlet.mvc.method.annotation.RequestMappingHandlerAdapter - Looking for @ControllerAdvice: org.springframework.web.context.support.GenericWebApplicationContext@12028586: startup date [Mon Sep 04 16:22:19 CST 2017]; root of context hierarchy
2017-09-04 16:22:22.877 [main] INFO  org.springframework.web.servlet.view.velocity.VelocityConfigurer - ClasspathResourceLoader with name 'springMacro' added to configured VelocityEngine
2017-09-04 16:22:23.048 [main] INFO  org.springframework.web.servlet.view.velocity.VelocityViewResolver - Using VelocityToolboxView instead of default VelocityView due to specified toolboxConfigLocation
2017-09-04 16:22:23.137 [main] INFO  org.springframework.mock.web.MockServletContext - Initializing Spring FrameworkServlet ''
2017-09-04 16:22:23.137 [main] INFO  org.springframework.test.web.servlet.TestDispatcherServlet - FrameworkServlet '': initialization started
2017-09-04 16:22:23.156 [main] INFO  org.springframework.test.web.servlet.TestDispatcherServlet - FrameworkServlet '': initialization completed in 19 ms
2017-09-04 16:23:18.396 [main] INFO  org.springframework.test.context.web.WebTestContextBootstrapper - Using TestExecutionListeners: [org.springframework.test.context.support.DependencyInjectionTestExecutionListener@77846d2c]
2017-09-04 16:23:18.510 [main] INFO  org.springframework.beans.factory.xml.XmlBeanDefinitionReader - Loading XML bean definitions from file [D:\IdeaProjects\monitor\target\classes\META-INF\spring\app-dataSource.xml]
2017-09-04 16:23:18.648 [main] INFO  org.springframework.beans.factory.xml.XmlBeanDefinitionReader - Loading XML bean definitions from file [D:\IdeaProjects\monitor\target\classes\META-INF\spring\app-framework.xml]
2017-09-04 16:23:18.762 [main] INFO  org.springframework.beans.factory.xml.XmlBeanDefinitionReader - Loading XML bean definitions from URL [file:src/main/webapp/WEB-INF/webmvc-servlet.xml]
2017-09-04 16:23:18.991 [main] INFO  org.springframework.web.context.support.GenericWebApplicationContext - Refreshing org.springframework.web.context.support.GenericWebApplicationContext@32464a14: startup date [Mon Sep 04 16:23:18 CST 2017]; root of context hierarchy
2017-09-04 16:23:19.302 [main] INFO  com.lycheeframework.core.common.placeholder.CustomPlaceholder - Local Mac Address is: 005056c00008
2017-09-04 16:23:19.424 [main] INFO  org.springframework.scheduling.concurrent.ThreadPoolTaskScheduler - Initializing ExecutorService  'qbScheduler'
2017-09-04 16:23:19.424 [main] INFO  org.springframework.context.support.PostProcessorRegistrationDelegate$BeanPostProcessorChecker - Bean 'qbScheduler' of type [class org.springframework.scheduling.concurrent.ThreadPoolTaskScheduler] is not eligible for getting processed by all BeanPostProcessors (for example: not eligible for auto-proxying)
2017-09-04 16:23:20.532 [main] INFO  org.springframework.cache.ehcache.EhCacheManagerFactoryBean - Initializing EhCache CacheManager
2017-09-04 16:23:21.174 [main] INFO  org.springframework.web.servlet.handler.SimpleUrlHandlerMapping - Mapped URL path [/source/**] onto handler 'org.springframework.web.servlet.resource.ResourceHttpRequestHandler#0'
2017-09-04 16:23:21.203 [main] INFO  org.springframework.web.servlet.handler.SimpleUrlHandlerMapping - Mapped URL path [/source/**] onto handler 'resourceHttpRequestHandler'
2017-09-04 16:23:21.244 [main] INFO  org.springframework.web.servlet.mvc.method.annotation.RequestMappingHandlerMapping - Mapped "{[/threshold/saveEditThreshold]}" onto public java.lang.Integer com.micropower.manager.controller.ThresholdController.saveEditThreshold(com.micropower.manager.model.po.Threshold)
2017-09-04 16:23:21.245 [main] INFO  org.springframework.web.servlet.mvc.method.annotation.RequestMappingHandlerMapping - Mapped "{[/threshold/thresholdInfo]}" onto public com.lycheeframework.core.cmp.api.http.GsonData com.micropower.manager.controller.ThresholdController.thresholdInfo(com.micropower.manager.common.EasyPage)
2017-09-04 16:23:21.245 [main] INFO  org.springframework.web.servlet.mvc.method.annotation.RequestMappingHandlerMapping - Mapped "{[/threshold/editThreshold]}" onto public java.lang.String com.micropower.manager.controller.ThresholdController.editThreshold(java.lang.Long,com.sun.tools.internal.ws.processor.model.Model)
2017-09-04 16:23:21.246 [main] INFO  org.springframework.web.servlet.mvc.method.annotation.RequestMappingHandlerMapping - Mapped "{[/threshold/defaultThreshold]}" onto public com.lycheeframework.core.cmp.api.http.GsonData com.micropower.manager.controller.ThresholdController.defaultThreshold(java.lang.Long)
2017-09-04 16:23:21.760 [main] INFO  org.springframework.web.servlet.mvc.method.annotation.RequestMappingHandlerAdapter - Looking for @ControllerAdvice: org.springframework.web.context.support.GenericWebApplicationContext@32464a14: startup date [Mon Sep 04 16:23:18 CST 2017]; root of context hierarchy
2017-09-04 16:23:21.825 [main] INFO  org.springframework.web.servlet.mvc.method.annotation.RequestMappingHandlerAdapter - Looking for @ControllerAdvice: org.springframework.web.context.support.GenericWebApplicationContext@32464a14: startup date [Mon Sep 04 16:23:18 CST 2017]; root of context hierarchy
2017-09-04 16:23:21.936 [main] INFO  org.springframework.web.servlet.view.velocity.VelocityConfigurer - ClasspathResourceLoader with name 'springMacro' added to configured VelocityEngine
2017-09-04 16:23:22.072 [main] INFO  org.springframework.web.servlet.view.velocity.VelocityViewResolver - Using VelocityToolboxView instead of default VelocityView due to specified toolboxConfigLocation
2017-09-04 16:23:22.178 [main] INFO  org.springframework.mock.web.MockServletContext - Initializing Spring FrameworkServlet ''
2017-09-04 16:23:22.178 [main] INFO  org.springframework.test.web.servlet.TestDispatcherServlet - FrameworkServlet '': initialization started
2017-09-04 16:23:22.199 [main] INFO  org.springframework.test.web.servlet.TestDispatcherServlet - FrameworkServlet '': initialization completed in 21 ms
2017-09-04 16:25:03.563 [main] INFO  org.springframework.test.context.web.WebTestContextBootstrapper - Using TestExecutionListeners: [org.springframework.test.context.support.DependencyInjectionTestExecutionListener@40cb8df7]
2017-09-04 16:25:03.739 [main] INFO  org.springframework.beans.factory.xml.XmlBeanDefinitionReader - Loading XML bean definitions from file [D:\IdeaProjects\monitor\target\classes\META-INF\spring\app-dataSource.xml]
2017-09-04 16:25:03.885 [main] INFO  org.springframework.beans.factory.xml.XmlBeanDefinitionReader - Loading XML bean definitions from file [D:\IdeaProjects\monitor\target\classes\META-INF\spring\app-framework.xml]
2017-09-04 16:25:04.033 [main] INFO  org.springframework.beans.factory.xml.XmlBeanDefinitionReader - Loading XML bean definitions from URL [file:src/main/webapp/WEB-INF/webmvc-servlet.xml]
2017-09-04 16:25:04.285 [main] INFO  org.springframework.web.context.support.GenericWebApplicationContext - Refreshing org.springframework.web.context.support.GenericWebApplicationContext@156b88f5: startup date [Mon Sep 04 16:25:04 CST 2017]; root of context hierarchy
2017-09-04 16:25:04.575 [main] INFO  com.lycheeframework.core.common.placeholder.CustomPlaceholder - Local Mac Address is: 005056c00008
2017-09-04 16:25:04.713 [main] INFO  org.springframework.scheduling.concurrent.ThreadPoolTaskScheduler - Initializing ExecutorService  'qbScheduler'
2017-09-04 16:25:04.713 [main] INFO  org.springframework.context.support.PostProcessorRegistrationDelegate$BeanPostProcessorChecker - Bean 'qbScheduler' of type [class org.springframework.scheduling.concurrent.ThreadPoolTaskScheduler] is not eligible for getting processed by all BeanPostProcessors (for example: not eligible for auto-proxying)
2017-09-04 16:25:05.993 [main] INFO  org.springframework.cache.ehcache.EhCacheManagerFactoryBean - Initializing EhCache CacheManager
2017-09-04 16:25:06.729 [main] INFO  org.springframework.web.servlet.handler.SimpleUrlHandlerMapping - Mapped URL path [/source/**] onto handler 'org.springframework.web.servlet.resource.ResourceHttpRequestHandler#0'
2017-09-04 16:25:06.765 [main] INFO  org.springframework.web.servlet.handler.SimpleUrlHandlerMapping - Mapped URL path [/source/**] onto handler 'resourceHttpRequestHandler'
2017-09-04 16:25:06.804 [main] INFO  org.springframework.web.servlet.mvc.method.annotation.RequestMappingHandlerMapping - Mapped "{[/threshold/saveEditThreshold]}" onto public java.lang.Integer com.micropower.manager.controller.ThresholdController.saveEditThreshold(com.micropower.manager.model.po.Threshold)
2017-09-04 16:25:06.805 [main] INFO  org.springframework.web.servlet.mvc.method.annotation.RequestMappingHandlerMapping - Mapped "{[/threshold/defaultThreshold]}" onto public com.lycheeframework.core.cmp.api.http.GsonData com.micropower.manager.controller.ThresholdController.defaultThreshold(java.lang.Long)
2017-09-04 16:25:06.805 [main] INFO  org.springframework.web.servlet.mvc.method.annotation.RequestMappingHandlerMapping - Mapped "{[/threshold/thresholdInfo]}" onto public com.lycheeframework.core.cmp.api.http.GsonData com.micropower.manager.controller.ThresholdController.thresholdInfo(com.micropower.manager.common.EasyPage)
2017-09-04 16:25:06.805 [main] INFO  org.springframework.web.servlet.mvc.method.annotation.RequestMappingHandlerMapping - Mapped "{[/threshold/editThreshold]}" onto public java.lang.String com.micropower.manager.controller.ThresholdController.editThreshold(java.lang.Long,com.sun.tools.internal.ws.processor.model.Model)
2017-09-04 16:25:07.324 [main] INFO  org.springframework.web.servlet.mvc.method.annotation.RequestMappingHandlerAdapter - Looking for @ControllerAdvice: org.springframework.web.context.support.GenericWebApplicationContext@156b88f5: startup date [Mon Sep 04 16:25:04 CST 2017]; root of context hierarchy
2017-09-04 16:25:07.396 [main] INFO  org.springframework.web.servlet.mvc.method.annotation.RequestMappingHandlerAdapter - Looking for @ControllerAdvice: org.springframework.web.context.support.GenericWebApplicationContext@156b88f5: startup date [Mon Sep 04 16:25:04 CST 2017]; root of context hierarchy
2017-09-04 16:25:07.510 [main] INFO  org.springframework.web.servlet.view.velocity.VelocityConfigurer - ClasspathResourceLoader with name 'springMacro' added to configured VelocityEngine
2017-09-04 16:25:07.657 [main] INFO  org.springframework.web.servlet.view.velocity.VelocityViewResolver - Using VelocityToolboxView instead of default VelocityView due to specified toolboxConfigLocation
2017-09-04 16:25:07.851 [main] INFO  org.springframework.mock.web.MockServletContext - Initializing Spring FrameworkServlet ''
2017-09-04 16:25:07.851 [main] INFO  org.springframework.test.web.servlet.TestDispatcherServlet - FrameworkServlet '': initialization started
2017-09-04 16:25:07.885 [main] INFO  org.springframework.test.web.servlet.TestDispatcherServlet - FrameworkServlet '': initialization completed in 34 ms
2017-09-04 16:25:15.793 [Thread-3] INFO  org.springframework.web.context.support.GenericWebApplicationContext - Closing org.springframework.web.context.support.GenericWebApplicationContext@156b88f5: startup date [Mon Sep 04 16:25:04 CST 2017]; root of context hierarchy
2017-09-04 16:25:15.795 [Thread-3] INFO  org.springframework.cache.ehcache.EhCacheManagerFactoryBean - Shutting down EhCache CacheManager
2017-09-04 16:25:15.803 [Thread-3] INFO  org.springframework.scheduling.concurrent.ThreadPoolTaskScheduler - Shutting down ExecutorService 'qbScheduler'
2017-09-04 16:33:02.473 [main] INFO  org.springframework.test.context.web.WebTestContextBootstrapper - Using TestExecutionListeners: [org.springframework.test.context.support.DependencyInjectionTestExecutionListener@376b4233]
2017-09-04 16:33:02.604 [main] INFO  org.springframework.beans.factory.xml.XmlBeanDefinitionReader - Loading XML bean definitions from file [D:\IdeaProjects\monitor\target\classes\META-INF\spring\app-dataSource.xml]
2017-09-04 16:33:02.750 [main] INFO  org.springframework.beans.factory.xml.XmlBeanDefinitionReader - Loading XML bean definitions from file [D:\IdeaProjects\monitor\target\classes\META-INF\spring\app-framework.xml]
2017-09-04 16:33:02.887 [main] INFO  org.springframework.beans.factory.xml.XmlBeanDefinitionReader - Loading XML bean definitions from URL [file:src/main/webapp/WEB-INF/webmvc-servlet.xml]
2017-09-04 16:33:03.134 [main] INFO  org.springframework.web.context.support.GenericWebApplicationContext - Refreshing org.springframework.web.context.support.GenericWebApplicationContext@12028586: startup date [Mon Sep 04 16:33:03 CST 2017]; root of context hierarchy
2017-09-04 16:33:03.488 [main] INFO  com.lycheeframework.core.common.placeholder.CustomPlaceholder - Local Mac Address is: 005056c00008
2017-09-04 16:33:03.616 [main] INFO  org.springframework.scheduling.concurrent.ThreadPoolTaskScheduler - Initializing ExecutorService  'qbScheduler'
2017-09-04 16:33:03.616 [main] INFO  org.springframework.context.support.PostProcessorRegistrationDelegate$BeanPostProcessorChecker - Bean 'qbScheduler' of type [class org.springframework.scheduling.concurrent.ThreadPoolTaskScheduler] is not eligible for getting processed by all BeanPostProcessors (for example: not eligible for auto-proxying)
2017-09-04 16:33:04.870 [main] INFO  org.springframework.cache.ehcache.EhCacheManagerFactoryBean - Initializing EhCache CacheManager
2017-09-04 16:33:05.630 [main] INFO  org.springframework.web.servlet.handler.SimpleUrlHandlerMapping - Mapped URL path [/source/**] onto handler 'org.springframework.web.servlet.resource.ResourceHttpRequestHandler#0'
2017-09-04 16:33:05.666 [main] INFO  org.springframework.web.servlet.handler.SimpleUrlHandlerMapping - Mapped URL path [/source/**] onto handler 'resourceHttpRequestHandler'
2017-09-04 16:33:05.707 [main] INFO  org.springframework.web.servlet.mvc.method.annotation.RequestMappingHandlerMapping - Mapped "{[/threshold/saveEditThreshold]}" onto public java.lang.Integer com.micropower.manager.controller.ThresholdController.saveEditThreshold(com.micropower.manager.model.po.Threshold)
2017-09-04 16:33:05.708 [main] INFO  org.springframework.web.servlet.mvc.method.annotation.RequestMappingHandlerMapping - Mapped "{[/threshold/thresholdInfo]}" onto public com.lycheeframework.core.cmp.api.http.GsonData com.micropower.manager.controller.ThresholdController.thresholdInfo(com.micropower.manager.common.EasyPage)
2017-09-04 16:33:05.708 [main] INFO  org.springframework.web.servlet.mvc.method.annotation.RequestMappingHandlerMapping - Mapped "{[/threshold/editThreshold]}" onto public java.lang.String com.micropower.manager.controller.ThresholdController.editThreshold(java.lang.Integer,com.sun.tools.internal.ws.processor.model.Model)
2017-09-04 16:33:05.709 [main] INFO  org.springframework.web.servlet.mvc.method.annotation.RequestMappingHandlerMapping - Mapped "{[/threshold/defaultThreshold]}" onto public java.lang.Integer com.micropower.manager.controller.ThresholdController.defaultThreshold(java.lang.Integer)
2017-09-04 16:33:06.273 [main] INFO  org.springframework.web.servlet.mvc.method.annotation.RequestMappingHandlerAdapter - Looking for @ControllerAdvice: org.springframework.web.context.support.GenericWebApplicationContext@12028586: startup date [Mon Sep 04 16:33:03 CST 2017]; root of context hierarchy
2017-09-04 16:33:06.340 [main] INFO  org.springframework.web.servlet.mvc.method.annotation.RequestMappingHandlerAdapter - Looking for @ControllerAdvice: org.springframework.web.context.support.GenericWebApplicationContext@12028586: startup date [Mon Sep 04 16:33:03 CST 2017]; root of context hierarchy
2017-09-04 16:33:06.454 [main] INFO  org.springframework.web.servlet.view.velocity.VelocityConfigurer - ClasspathResourceLoader with name 'springMacro' added to configured VelocityEngine
2017-09-04 16:33:06.603 [main] INFO  org.springframework.web.servlet.view.velocity.VelocityViewResolver - Using VelocityToolboxView instead of default VelocityView due to specified toolboxConfigLocation
2017-09-04 16:33:06.711 [main] INFO  org.springframework.mock.web.MockServletContext - Initializing Spring FrameworkServlet ''
2017-09-04 16:33:06.711 [main] INFO  org.springframework.test.web.servlet.TestDispatcherServlet - FrameworkServlet '': initialization started
2017-09-04 16:33:06.738 [main] INFO  org.springframework.test.web.servlet.TestDispatcherServlet - FrameworkServlet '': initialization completed in 27 ms
2017-09-04 16:33:06.782 [Thread-3] INFO  org.springframework.web.context.support.GenericWebApplicationContext - Closing org.springframework.web.context.support.GenericWebApplicationContext@12028586: startup date [Mon Sep 04 16:33:03 CST 2017]; root of context hierarchy
2017-09-04 16:33:06.788 [Thread-3] INFO  org.springframework.cache.ehcache.EhCacheManagerFactoryBean - Shutting down EhCache CacheManager
2017-09-04 16:33:06.797 [Thread-3] INFO  org.springframework.scheduling.concurrent.ThreadPoolTaskScheduler - Shutting down ExecutorService 'qbScheduler'
2017-09-04 16:33:31.967 [main] INFO  org.springframework.test.context.web.WebTestContextBootstrapper - Using TestExecutionListeners: [org.springframework.test.context.support.DependencyInjectionTestExecutionListener@376b4233]
2017-09-04 16:33:32.097 [main] INFO  org.springframework.beans.factory.xml.XmlBeanDefinitionReader - Loading XML bean definitions from file [D:\IdeaProjects\monitor\target\classes\META-INF\spring\app-dataSource.xml]
2017-09-04 16:33:32.254 [main] INFO  org.springframework.beans.factory.xml.XmlBeanDefinitionReader - Loading XML bean definitions from file [D:\IdeaProjects\monitor\target\classes\META-INF\spring\app-framework.xml]
2017-09-04 16:33:32.368 [main] INFO  org.springframework.beans.factory.xml.XmlBeanDefinitionReader - Loading XML bean definitions from URL [file:src/main/webapp/WEB-INF/webmvc-servlet.xml]
2017-09-04 16:33:32.589 [main] INFO  org.springframework.web.context.support.GenericWebApplicationContext - Refreshing org.springframework.web.context.support.GenericWebApplicationContext@12028586: startup date [Mon Sep 04 16:33:32 CST 2017]; root of context hierarchy
2017-09-04 16:33:32.937 [main] INFO  com.lycheeframework.core.common.placeholder.CustomPlaceholder - Local Mac Address is: 005056c00008
2017-09-04 16:33:33.079 [main] INFO  org.springframework.scheduling.concurrent.ThreadPoolTaskScheduler - Initializing ExecutorService  'qbScheduler'
2017-09-04 16:33:33.079 [main] INFO  org.springframework.context.support.PostProcessorRegistrationDelegate$BeanPostProcessorChecker - Bean 'qbScheduler' of type [class org.springframework.scheduling.concurrent.ThreadPoolTaskScheduler] is not eligible for getting processed by all BeanPostProcessors (for example: not eligible for auto-proxying)
2017-09-04 16:33:34.385 [main] INFO  org.springframework.cache.ehcache.EhCacheManagerFactoryBean - Initializing EhCache CacheManager
2017-09-04 16:33:35.150 [main] INFO  org.springframework.web.servlet.handler.SimpleUrlHandlerMapping - Mapped URL path [/source/**] onto handler 'org.springframework.web.servlet.resource.ResourceHttpRequestHandler#0'
2017-09-04 16:33:35.184 [main] INFO  org.springframework.web.servlet.handler.SimpleUrlHandlerMapping - Mapped URL path [/source/**] onto handler 'resourceHttpRequestHandler'
2017-09-04 16:33:35.226 [main] INFO  org.springframework.web.servlet.mvc.method.annotation.RequestMappingHandlerMapping - Mapped "{[/threshold/thresholdInfo]}" onto public com.lycheeframework.core.cmp.api.http.GsonData com.micropower.manager.controller.ThresholdController.thresholdInfo(com.micropower.manager.common.EasyPage)
2017-09-04 16:33:35.228 [main] INFO  org.springframework.web.servlet.mvc.method.annotation.RequestMappingHandlerMapping - Mapped "{[/threshold/defaultThreshold]}" onto public java.lang.Integer com.micropower.manager.controller.ThresholdController.defaultThreshold(java.lang.Integer)
2017-09-04 16:33:35.228 [main] INFO  org.springframework.web.servlet.mvc.method.annotation.RequestMappingHandlerMapping - Mapped "{[/threshold/editThreshold]}" onto public java.lang.String com.micropower.manager.controller.ThresholdController.editThreshold(java.lang.Integer,com.sun.tools.internal.ws.processor.model.Model)
2017-09-04 16:33:35.228 [main] INFO  org.springframework.web.servlet.mvc.method.annotation.RequestMappingHandlerMapping - Mapped "{[/threshold/saveEditThreshold]}" onto public java.lang.Integer com.micropower.manager.controller.ThresholdController.saveEditThreshold(com.micropower.manager.model.po.Threshold)
2017-09-04 16:33:35.763 [main] INFO  org.springframework.web.servlet.mvc.method.annotation.RequestMappingHandlerAdapter - Looking for @ControllerAdvice: org.springframework.web.context.support.GenericWebApplicationContext@12028586: startup date [Mon Sep 04 16:33:32 CST 2017]; root of context hierarchy
2017-09-04 16:33:35.835 [main] INFO  org.springframework.web.servlet.mvc.method.annotation.RequestMappingHandlerAdapter - Looking for @ControllerAdvice: org.springframework.web.context.support.GenericWebApplicationContext@12028586: startup date [Mon Sep 04 16:33:32 CST 2017]; root of context hierarchy
2017-09-04 16:33:35.952 [main] INFO  org.springframework.web.servlet.view.velocity.VelocityConfigurer - ClasspathResourceLoader with name 'springMacro' added to configured VelocityEngine
2017-09-04 16:33:36.107 [main] INFO  org.springframework.web.servlet.view.velocity.VelocityViewResolver - Using VelocityToolboxView instead of default VelocityView due to specified toolboxConfigLocation
2017-09-04 16:33:36.205 [main] INFO  org.springframework.mock.web.MockServletContext - Initializing Spring FrameworkServlet ''
2017-09-04 16:33:36.205 [main] INFO  org.springframework.test.web.servlet.TestDispatcherServlet - FrameworkServlet '': initialization started
2017-09-04 16:33:36.231 [main] INFO  org.springframework.test.web.servlet.TestDispatcherServlet - FrameworkServlet '': initialization completed in 26 ms
2017-09-04 16:33:36.411 [Thread-3] INFO  org.springframework.web.context.support.GenericWebApplicationContext - Closing org.springframework.web.context.support.GenericWebApplicationContext@12028586: startup date [Mon Sep 04 16:33:32 CST 2017]; root of context hierarchy
2017-09-04 16:33:36.414 [Thread-3] INFO  org.springframework.cache.ehcache.EhCacheManagerFactoryBean - Shutting down EhCache CacheManager
2017-09-04 16:33:36.424 [Thread-3] INFO  org.springframework.scheduling.concurrent.ThreadPoolTaskScheduler - Shutting down ExecutorService 'qbScheduler'
2017-09-04 16:47:55.128 [main] INFO  org.springframework.test.context.web.WebTestContextBootstrapper - Using TestExecutionListeners: [org.springframework.test.context.support.DependencyInjectionTestExecutionListener@376b4233]
2017-09-04 16:47:55.258 [main] INFO  org.springframework.beans.factory.xml.XmlBeanDefinitionReader - Loading XML bean definitions from file [D:\IdeaProjects\monitor\target\classes\META-INF\spring\app-dataSource.xml]
2017-09-04 16:47:55.382 [main] INFO  org.springframework.beans.factory.xml.XmlBeanDefinitionReader - Loading XML bean definitions from file [D:\IdeaProjects\monitor\target\classes\META-INF\spring\app-framework.xml]
2017-09-04 16:47:55.505 [main] INFO  org.springframework.beans.factory.xml.XmlBeanDefinitionReader - Loading XML bean definitions from URL [file:src/main/webapp/WEB-INF/webmvc-servlet.xml]
2017-09-04 16:47:55.716 [main] INFO  org.springframework.web.context.support.GenericWebApplicationContext - Refreshing org.springframework.web.context.support.GenericWebApplicationContext@12028586: startup date [Mon Sep 04 16:47:55 CST 2017]; root of context hierarchy
2017-09-04 16:47:56.050 [main] INFO  com.lycheeframework.core.common.placeholder.CustomPlaceholder - Local Mac Address is: 005056c00008
2017-09-04 16:47:56.167 [main] INFO  org.springframework.scheduling.concurrent.ThreadPoolTaskScheduler - Initializing ExecutorService  'qbScheduler'
2017-09-04 16:47:56.167 [main] INFO  org.springframework.context.support.PostProcessorRegistrationDelegate$BeanPostProcessorChecker - Bean 'qbScheduler' of type [class org.springframework.scheduling.concurrent.ThreadPoolTaskScheduler] is not eligible for getting processed by all BeanPostProcessors (for example: not eligible for auto-proxying)
2017-09-04 16:47:57.362 [main] INFO  org.springframework.cache.ehcache.EhCacheManagerFactoryBean - Initializing EhCache CacheManager
2017-09-04 16:47:57.986 [main] INFO  org.springframework.cache.ehcache.EhCacheManagerFactoryBean - Shutting down EhCache CacheManager
2017-09-04 16:47:57.994 [main] INFO  org.springframework.scheduling.concurrent.ThreadPoolTaskScheduler - Shutting down ExecutorService 'qbScheduler'
2017-09-04 16:49:17.881 [main] INFO  org.springframework.test.context.web.WebTestContextBootstrapper - Using TestExecutionListeners: [org.springframework.test.context.support.DependencyInjectionTestExecutionListener@376b4233]
2017-09-04 16:49:17.986 [main] INFO  org.springframework.beans.factory.xml.XmlBeanDefinitionReader - Loading XML bean definitions from file [D:\IdeaProjects\monitor\target\classes\META-INF\spring\app-dataSource.xml]
2017-09-04 16:49:18.100 [main] INFO  org.springframework.beans.factory.xml.XmlBeanDefinitionReader - Loading XML bean definitions from file [D:\IdeaProjects\monitor\target\classes\META-INF\spring\app-framework.xml]
2017-09-04 16:49:18.222 [main] INFO  org.springframework.beans.factory.xml.XmlBeanDefinitionReader - Loading XML bean definitions from URL [file:src/main/webapp/WEB-INF/webmvc-servlet.xml]
2017-09-04 16:49:18.494 [main] INFO  org.springframework.web.context.support.GenericWebApplicationContext - Refreshing org.springframework.web.context.support.GenericWebApplicationContext@12028586: startup date [Mon Sep 04 16:49:18 CST 2017]; root of context hierarchy
2017-09-04 16:49:18.812 [main] INFO  com.lycheeframework.core.common.placeholder.CustomPlaceholder - Local Mac Address is: 005056c00008
2017-09-04 16:49:18.929 [main] INFO  org.springframework.scheduling.concurrent.ThreadPoolTaskScheduler - Initializing ExecutorService  'qbScheduler'
2017-09-04 16:49:18.929 [main] INFO  org.springframework.context.support.PostProcessorRegistrationDelegate$BeanPostProcessorChecker - Bean 'qbScheduler' of type [class org.springframework.scheduling.concurrent.ThreadPoolTaskScheduler] is not eligible for getting processed by all BeanPostProcessors (for example: not eligible for auto-proxying)
2017-09-04 16:49:20.046 [main] INFO  org.springframework.cache.ehcache.EhCacheManagerFactoryBean - Initializing EhCache CacheManager
2017-09-04 16:49:20.601 [main] INFO  org.springframework.cache.ehcache.EhCacheManagerFactoryBean - Shutting down EhCache CacheManager
2017-09-04 16:49:20.608 [main] INFO  org.springframework.scheduling.concurrent.ThreadPoolTaskScheduler - Shutting down ExecutorService 'qbScheduler'
2017-09-04 16:50:27.935 [main] INFO  org.springframework.test.context.web.WebTestContextBootstrapper - Using TestExecutionListeners: [org.springframework.test.context.support.DependencyInjectionTestExecutionListener@376b4233]
2017-09-04 16:50:28.082 [main] INFO  org.springframework.beans.factory.xml.XmlBeanDefinitionReader - Loading XML bean definitions from file [D:\IdeaProjects\monitor\target\classes\META-INF\spring\app-dataSource.xml]
2017-09-04 16:50:28.202 [main] INFO  org.springframework.beans.factory.xml.XmlBeanDefinitionReader - Loading XML bean definitions from file [D:\IdeaProjects\monitor\target\classes\META-INF\spring\app-framework.xml]
2017-09-04 16:50:28.344 [main] INFO  org.springframework.beans.factory.xml.XmlBeanDefinitionReader - Loading XML bean definitions from URL [file:src/main/webapp/WEB-INF/webmvc-servlet.xml]
2017-09-04 16:50:28.549 [main] INFO  org.springframework.web.context.support.GenericWebApplicationContext - Refreshing org.springframework.web.context.support.GenericWebApplicationContext@12028586: startup date [Mon Sep 04 16:50:28 CST 2017]; root of context hierarchy
2017-09-04 16:50:28.831 [main] INFO  com.lycheeframework.core.common.placeholder.CustomPlaceholder - Local Mac Address is: 005056c00008
2017-09-04 16:50:28.955 [main] INFO  org.springframework.scheduling.concurrent.ThreadPoolTaskScheduler - Initializing ExecutorService  'qbScheduler'
2017-09-04 16:50:28.956 [main] INFO  org.springframework.context.support.PostProcessorRegistrationDelegate$BeanPostProcessorChecker - Bean 'qbScheduler' of type [class org.springframework.scheduling.concurrent.ThreadPoolTaskScheduler] is not eligible for getting processed by all BeanPostProcessors (for example: not eligible for auto-proxying)
2017-09-04 16:50:30.121 [main] INFO  org.springframework.cache.ehcache.EhCacheManagerFactoryBean - Initializing EhCache CacheManager
2017-09-04 16:50:30.852 [main] INFO  org.springframework.web.servlet.handler.SimpleUrlHandlerMapping - Mapped URL path [/source/**] onto handler 'org.springframework.web.servlet.resource.ResourceHttpRequestHandler#0'
2017-09-04 16:50:30.882 [main] INFO  org.springframework.web.servlet.handler.SimpleUrlHandlerMapping - Mapped URL path [/source/**] onto handler 'resourceHttpRequestHandler'
2017-09-04 16:50:30.920 [main] INFO  org.springframework.web.servlet.mvc.method.annotation.RequestMappingHandlerMapping - Mapped "{[/saveconfig/editsaveconfig]}" onto public java.lang.String com.micropower.manager.controller.SaveConfigController.editsaveconfig(java.lang.Integer,com.sun.tools.internal.ws.processor.model.Model)
2017-09-04 16:50:30.921 [main] INFO  org.springframework.web.servlet.mvc.method.annotation.RequestMappingHandlerMapping - Mapped "{[/saveconfig/saveconfiginfo]}" onto public com.lycheeframework.core.cmp.api.http.GsonData com.micropower.manager.controller.SaveConfigController.saveConfigInfo(com.micropower.manager.common.EasyPage)
2017-09-04 16:50:30.922 [main] INFO  org.springframework.web.servlet.mvc.method.annotation.RequestMappingHandlerMapping - Mapped "{[/saveconfig/saveEditSaveconfig]}" onto public java.lang.Integer com.micropower.manager.controller.SaveConfigController.saveEditsaveconfig(com.micropower.manager.model.po.Saveconfig)
2017-09-04 16:50:30.923 [main] INFO  org.springframework.web.servlet.mvc.method.annotation.RequestMappingHandlerMapping - Mapped "{[/threshold/editThreshold]}" onto public java.lang.String com.micropower.manager.controller.ThresholdController.editThreshold(java.lang.Integer,com.sun.tools.internal.ws.processor.model.Model)
2017-09-04 16:50:30.924 [main] INFO  org.springframework.web.servlet.mvc.method.annotation.RequestMappingHandlerMapping - Mapped "{[/threshold/thresholdInfo]}" onto public com.lycheeframework.core.cmp.api.http.GsonData com.micropower.manager.controller.ThresholdController.thresholdInfo(com.micropower.manager.common.EasyPage)
2017-09-04 16:50:30.924 [main] INFO  org.springframework.web.servlet.mvc.method.annotation.RequestMappingHandlerMapping - Mapped "{[/threshold/defaultThreshold]}" onto public java.lang.Integer com.micropower.manager.controller.ThresholdController.defaultThreshold(java.lang.Integer)
2017-09-04 16:50:30.924 [main] INFO  org.springframework.web.servlet.mvc.method.annotation.RequestMappingHandlerMapping - Mapped "{[/threshold/saveEditThreshold]}" onto public java.lang.Integer com.micropower.manager.controller.ThresholdController.saveEditThreshold(com.micropower.manager.model.po.Threshold)
2017-09-04 16:50:31.339 [main] INFO  org.springframework.web.servlet.mvc.method.annotation.RequestMappingHandlerAdapter - Looking for @ControllerAdvice: org.springframework.web.context.support.GenericWebApplicationContext@12028586: startup date [Mon Sep 04 16:50:28 CST 2017]; root of context hierarchy
2017-09-04 16:50:31.404 [main] INFO  org.springframework.web.servlet.mvc.method.annotation.RequestMappingHandlerAdapter - Looking for @ControllerAdvice: org.springframework.web.context.support.GenericWebApplicationContext@12028586: startup date [Mon Sep 04 16:50:28 CST 2017]; root of context hierarchy
2017-09-04 16:50:31.507 [main] INFO  org.springframework.web.servlet.view.velocity.VelocityConfigurer - ClasspathResourceLoader with name 'springMacro' added to configured VelocityEngine
2017-09-04 16:50:31.629 [main] INFO  org.springframework.web.servlet.view.velocity.VelocityViewResolver - Using VelocityToolboxView instead of default VelocityView due to specified toolboxConfigLocation
2017-09-04 16:50:31.715 [main] INFO  org.springframework.mock.web.MockServletContext - Initializing Spring FrameworkServlet ''
2017-09-04 16:50:31.715 [main] INFO  org.springframework.test.web.servlet.TestDispatcherServlet - FrameworkServlet '': initialization started
2017-09-04 16:50:31.735 [main] INFO  org.springframework.test.web.servlet.TestDispatcherServlet - FrameworkServlet '': initialization completed in 20 ms
2017-09-04 16:50:32.217 [Thread-3] INFO  org.springframework.web.context.support.GenericWebApplicationContext - Closing org.springframework.web.context.support.GenericWebApplicationContext@12028586: startup date [Mon Sep 04 16:50:28 CST 2017]; root of context hierarchy
2017-09-04 16:50:32.220 [Thread-3] INFO  org.springframework.cache.ehcache.EhCacheManagerFactoryBean - Shutting down EhCache CacheManager
2017-09-04 16:50:32.225 [Thread-3] INFO  org.springframework.scheduling.concurrent.ThreadPoolTaskScheduler - Shutting down ExecutorService 'qbScheduler'
2017-09-04 17:41:30.752 [main] INFO  org.springframework.test.context.web.WebTestContextBootstrapper - Using TestExecutionListeners: [org.springframework.test.context.support.DependencyInjectionTestExecutionListener@376b4233]
2017-09-04 17:41:30.879 [main] INFO  org.springframework.beans.factory.xml.XmlBeanDefinitionReader - Loading XML bean definitions from file [D:\IdeaProjects\monitor\target\classes\META-INF\spring\app-dataSource.xml]
2017-09-04 17:41:31.029 [main] INFO  org.springframework.beans.factory.xml.XmlBeanDefinitionReader - Loading XML bean definitions from file [D:\IdeaProjects\monitor\target\classes\META-INF\spring\app-framework.xml]
2017-09-04 17:41:31.168 [main] INFO  org.springframework.beans.factory.xml.XmlBeanDefinitionReader - Loading XML bean definitions from URL [file:src/main/webapp/WEB-INF/webmvc-servlet.xml]
2017-09-04 17:41:31.419 [main] INFO  org.springframework.web.context.support.GenericWebApplicationContext - Refreshing org.springframework.web.context.support.GenericWebApplicationContext@12028586: startup date [Mon Sep 04 17:41:31 CST 2017]; root of context hierarchy
2017-09-04 17:41:31.760 [main] INFO  com.lycheeframework.core.common.placeholder.CustomPlaceholder - Local Mac Address is: 005056c00008
2017-09-04 17:41:31.889 [main] INFO  org.springframework.scheduling.concurrent.ThreadPoolTaskScheduler - Initializing ExecutorService  'qbScheduler'
2017-09-04 17:41:31.890 [main] INFO  org.springframework.context.support.PostProcessorRegistrationDelegate$BeanPostProcessorChecker - Bean 'qbScheduler' of type [class org.springframework.scheduling.concurrent.ThreadPoolTaskScheduler] is not eligible for getting processed by all BeanPostProcessors (for example: not eligible for auto-proxying)
2017-09-04 17:41:33.128 [main] INFO  org.springframework.cache.ehcache.EhCacheManagerFactoryBean - Initializing EhCache CacheManager
2017-09-04 17:41:33.909 [main] INFO  org.springframework.web.servlet.handler.SimpleUrlHandlerMapping - Mapped URL path [/source/**] onto handler 'org.springframework.web.servlet.resource.ResourceHttpRequestHandler#0'
2017-09-04 17:41:33.944 [main] INFO  org.springframework.web.servlet.handler.SimpleUrlHandlerMapping - Mapped URL path [/source/**] onto handler 'resourceHttpRequestHandler'
2017-09-04 17:41:33.999 [main] INFO  org.springframework.web.servlet.mvc.method.annotation.RequestMappingHandlerMapping - Mapped "{[/saveconfig/page]}" onto public com.lycheeframework.core.cmp.api.http.GsonData com.micropower.manager.controller.SaveConfigController.page(com.micropower.manager.common.EasyPage)
2017-09-04 17:41:34.000 [main] INFO  org.springframework.web.servlet.mvc.method.annotation.RequestMappingHandlerMapping - Mapped "{[/saveconfig/saveEdit]}" onto public java.lang.Integer com.micropower.manager.controller.SaveConfigController.saveEdit(com.micropower.manager.model.po.Saveconfig)
2017-09-04 17:41:34.000 [main] INFO  org.springframework.web.servlet.mvc.method.annotation.RequestMappingHandlerMapping - Mapped "{[/saveconfig/toEditUI]}" onto public java.lang.String com.micropower.manager.controller.SaveConfigController.toEditUI(java.lang.Integer,org.springframework.ui.Model)
2017-09-04 17:41:34.002 [main] INFO  org.springframework.web.servlet.mvc.method.annotation.RequestMappingHandlerMapping - Mapped "{[/threshold/page]}" onto public com.lycheeframework.core.cmp.api.http.GsonData com.micropower.manager.controller.ThresholdController.page(com.micropower.manager.common.EasyPage)
2017-09-04 17:41:34.002 [main] INFO  org.springframework.web.servlet.mvc.method.annotation.RequestMappingHandlerMapping - Mapped "{[/threshold/recoverDefault]}" onto public java.lang.Integer com.micropower.manager.controller.ThresholdController.recoverDefault(java.lang.Integer)
2017-09-04 17:41:34.003 [main] INFO  org.springframework.web.servlet.mvc.method.annotation.RequestMappingHandlerMapping - Mapped "{[/threshold/saveEdit]}" onto public java.lang.Integer com.micropower.manager.controller.ThresholdController.saveEdit(com.micropower.manager.model.po.Threshold)
2017-09-04 17:41:34.003 [main] INFO  org.springframework.web.servlet.mvc.method.annotation.RequestMappingHandlerMapping - Mapped "{[/threshold/toEditUI]}" onto public java.lang.String com.micropower.manager.controller.ThresholdController.toEditUI(java.lang.Integer,org.springframework.ui.Model)
2017-09-04 17:41:34.006 [main] INFO  org.springframework.web.servlet.mvc.method.annotation.RequestMappingHandlerMapping - Mapped "{[/user/add]}" onto public java.lang.Integer com.micropower.manager.controller.UserController.add(com.micropower.manager.model.po.User)
2017-09-04 17:41:34.006 [main] INFO  org.springframework.web.servlet.mvc.method.annotation.RequestMappingHandlerMapping - Mapped "{[/user/delete]}" onto public java.lang.Integer com.micropower.manager.controller.UserController.delete(java.lang.Integer)
2017-09-04 17:41:34.007 [main] INFO  org.springframework.web.servlet.mvc.method.annotation.RequestMappingHandlerMapping - Mapped "{[/user/page]}" onto public com.lycheeframework.core.cmp.api.http.GsonData com.micropower.manager.controller.UserController.page(com.micropower.manager.common.EasyPage)
2017-09-04 17:41:34.007 [main] INFO  org.springframework.web.servlet.mvc.method.annotation.RequestMappingHandlerMapping - Mapped "{[/user/saveEdit]}" onto public java.lang.Integer com.micropower.manager.controller.UserController.saveEdit(com.micropower.manager.model.po.User)
2017-09-04 17:41:34.007 [main] INFO  org.springframework.web.servlet.mvc.method.annotation.RequestMappingHandlerMapping - Mapped "{[/user/toEditUI]}" onto public java.lang.String com.micropower.manager.controller.UserController.toEditUI(java.lang.Integer,org.springframework.ui.Model)
2017-09-04 17:41:34.016 [main] INFO  org.springframework.cache.ehcache.EhCacheManagerFactoryBean - Shutting down EhCache CacheManager
2017-09-04 17:41:34.023 [main] INFO  org.springframework.scheduling.concurrent.ThreadPoolTaskScheduler - Shutting down ExecutorService 'qbScheduler'
2017-09-04 17:42:35.602 [main] INFO  org.springframework.test.context.web.WebTestContextBootstrapper - Using TestExecutionListeners: [org.springframework.test.context.support.DependencyInjectionTestExecutionListener@376b4233]
2017-09-04 17:42:35.723 [main] INFO  org.springframework.beans.factory.xml.XmlBeanDefinitionReader - Loading XML bean definitions from file [D:\IdeaProjects\monitor\target\classes\META-INF\spring\app-dataSource.xml]
2017-09-04 17:42:35.874 [main] INFO  org.springframework.beans.factory.xml.XmlBeanDefinitionReader - Loading XML bean definitions from file [D:\IdeaProjects\monitor\target\classes\META-INF\spring\app-framework.xml]
2017-09-04 17:42:36.019 [main] INFO  org.springframework.beans.factory.xml.XmlBeanDefinitionReader - Loading XML bean definitions from URL [file:src/main/webapp/WEB-INF/webmvc-servlet.xml]
2017-09-04 17:42:36.253 [main] INFO  org.springframework.web.context.support.GenericWebApplicationContext - Refreshing org.springframework.web.context.support.GenericWebApplicationContext@12028586: startup date [Mon Sep 04 17:42:36 CST 2017]; root of context hierarchy
2017-09-04 17:42:36.561 [main] INFO  com.lycheeframework.core.common.placeholder.CustomPlaceholder - Local Mac Address is: 005056c00008
2017-09-04 17:42:36.688 [main] INFO  org.springframework.scheduling.concurrent.ThreadPoolTaskScheduler - Initializing ExecutorService  'qbScheduler'
2017-09-04 17:42:36.688 [main] INFO  org.springframework.context.support.PostProcessorRegistrationDelegate$BeanPostProcessorChecker - Bean 'qbScheduler' of type [class org.springframework.scheduling.concurrent.ThreadPoolTaskScheduler] is not eligible for getting processed by all BeanPostProcessors (for example: not eligible for auto-proxying)
2017-09-04 17:42:37.914 [main] INFO  org.springframework.cache.ehcache.EhCacheManagerFactoryBean - Initializing EhCache CacheManager
2017-09-04 17:42:38.692 [main] INFO  org.springframework.web.servlet.handler.SimpleUrlHandlerMapping - Mapped URL path [/source/**] onto handler 'org.springframework.web.servlet.resource.ResourceHttpRequestHandler#0'
2017-09-04 17:42:38.725 [main] INFO  org.springframework.web.servlet.handler.SimpleUrlHandlerMapping - Mapped URL path [/source/**] onto handler 'resourceHttpRequestHandler'
2017-09-04 17:42:38.773 [main] INFO  org.springframework.web.servlet.mvc.method.annotation.RequestMappingHandlerMapping - Mapped "{[/saveconfig/saveEdit]}" onto public java.lang.Integer com.micropower.manager.controller.SaveConfigController.saveEdit(com.micropower.manager.model.po.Saveconfig)
2017-09-04 17:42:38.774 [main] INFO  org.springframework.web.servlet.mvc.method.annotation.RequestMappingHandlerMapping - Mapped "{[/saveconfig/toEditUI]}" onto public java.lang.String com.micropower.manager.controller.SaveConfigController.toEditUI(java.lang.Integer,org.springframework.ui.Model)
2017-09-04 17:42:38.774 [main] INFO  org.springframework.web.servlet.mvc.method.annotation.RequestMappingHandlerMapping - Mapped "{[/saveconfig/page]}" onto public com.lycheeframework.core.cmp.api.http.GsonData com.micropower.manager.controller.SaveConfigController.page(com.micropower.manager.common.EasyPage)
2017-09-04 17:42:38.776 [main] INFO  org.springframework.web.servlet.mvc.method.annotation.RequestMappingHandlerMapping - Mapped "{[/threshold/saveEdit]}" onto public java.lang.Integer com.micropower.manager.controller.ThresholdController.saveEdit(com.micropower.manager.model.po.Threshold)
2017-09-04 17:42:38.776 [main] INFO  org.springframework.web.servlet.mvc.method.annotation.RequestMappingHandlerMapping - Mapped "{[/threshold/toEditUI]}" onto public java.lang.String com.micropower.manager.controller.ThresholdController.toEditUI(java.lang.Integer,org.springframework.ui.Model)
2017-09-04 17:42:38.776 [main] INFO  org.springframework.web.servlet.mvc.method.annotation.RequestMappingHandlerMapping - Mapped "{[/threshold/recoverDefault]}" onto public java.lang.Integer com.micropower.manager.controller.ThresholdController.recoverDefault(java.lang.Integer)
2017-09-04 17:42:38.776 [main] INFO  org.springframework.web.servlet.mvc.method.annotation.RequestMappingHandlerMapping - Mapped "{[/threshold/page]}" onto public com.lycheeframework.core.cmp.api.http.GsonData com.micropower.manager.controller.ThresholdController.page(com.micropower.manager.common.EasyPage)
2017-09-04 17:42:38.778 [main] INFO  org.springframework.web.servlet.mvc.method.annotation.RequestMappingHandlerMapping - Mapped "{[/user/add]}" onto public java.lang.Integer com.micropower.manager.controller.UserController.add(com.micropower.manager.model.po.User)
2017-09-04 17:42:38.778 [main] INFO  org.springframework.web.servlet.mvc.method.annotation.RequestMappingHandlerMapping - Mapped "{[/user/delete]}" onto public java.lang.Integer com.micropower.manager.controller.UserController.delete(java.lang.Integer)
2017-09-04 17:42:38.779 [main] INFO  org.springframework.web.servlet.mvc.method.annotation.RequestMappingHandlerMapping - Mapped "{[/user/saveEdit]}" onto public java.lang.Integer com.micropower.manager.controller.UserController.saveEdit(com.micropower.manager.model.po.User)
2017-09-04 17:42:38.779 [main] INFO  org.springframework.web.servlet.mvc.method.annotation.RequestMappingHandlerMapping - Mapped "{[/user/toEditUI]}" onto public java.lang.String com.micropower.manager.controller.UserController.toEditUI(java.lang.Integer,org.springframework.ui.Model)
2017-09-04 17:42:38.779 [main] INFO  org.springframework.web.servlet.mvc.method.annotation.RequestMappingHandlerMapping - Mapped "{[/user/page]}" onto public com.lycheeframework.core.cmp.api.http.GsonData com.micropower.manager.controller.UserController.page(com.micropower.manager.common.EasyPage)
2017-09-04 17:42:38.786 [main] INFO  org.springframework.web.servlet.mvc.method.annotation.RequestMappingHandlerMapping - Mapped "{[/warntimeperiod/add]}" onto public java.lang.Integer com.micropower.manager.controller.WarnTimePeriodController.add(com.micropower.manager.model.po.User)
2017-09-04 17:42:38.786 [main] INFO  org.springframework.web.servlet.mvc.method.annotation.RequestMappingHandlerMapping - Mapped "{[/warntimeperiod/delete]}" onto public java.lang.Integer com.micropower.manager.controller.WarnTimePeriodController.delete(java.lang.Integer)
2017-09-04 17:42:38.786 [main] INFO  org.springframework.web.servlet.mvc.method.annotation.RequestMappingHandlerMapping - Mapped "{[/warntimeperiod/saveEdit]}" onto public java.lang.Integer com.micropower.manager.controller.WarnTimePeriodController.saveEdit(com.micropower.manager.model.po.User)
2017-09-04 17:42:38.786 [main] INFO  org.springframework.web.servlet.mvc.method.annotation.RequestMappingHandlerMapping - Mapped "{[/warntimeperiod/toEditUI]}" onto public java.lang.String com.micropower.manager.controller.WarnTimePeriodController.toEditUI(java.lang.Integer,org.springframework.ui.Model)
2017-09-04 17:42:38.786 [main] INFO  org.springframework.web.servlet.mvc.method.annotation.RequestMappingHandlerMapping - Mapped "{[/warntimeperiod/page]}" onto public com.lycheeframework.core.cmp.api.http.GsonData com.micropower.manager.controller.WarnTimePeriodController.page(com.micropower.manager.common.EasyPage)
2017-09-04 17:42:39.334 [main] INFO  org.springframework.web.servlet.mvc.method.annotation.RequestMappingHandlerAdapter - Looking for @ControllerAdvice: org.springframework.web.context.support.GenericWebApplicationContext@12028586: startup date [Mon Sep 04 17:42:36 CST 2017]; root of context hierarchy
2017-09-04 17:42:39.405 [main] INFO  org.springframework.web.servlet.mvc.method.annotation.RequestMappingHandlerAdapter - Looking for @ControllerAdvice: org.springframework.web.context.support.GenericWebApplicationContext@12028586: startup date [Mon Sep 04 17:42:36 CST 2017]; root of context hierarchy
2017-09-04 17:42:39.521 [main] INFO  org.springframework.web.servlet.view.velocity.VelocityConfigurer - ClasspathResourceLoader with name 'springMacro' added to configured VelocityEngine
2017-09-04 17:42:39.660 [main] INFO  org.springframework.web.servlet.view.velocity.VelocityViewResolver - Using VelocityToolboxView instead of default VelocityView due to specified toolboxConfigLocation
2017-09-04 17:42:39.764 [main] INFO  org.springframework.mock.web.MockServletContext - Initializing Spring FrameworkServlet ''
2017-09-04 17:42:39.765 [main] INFO  org.springframework.test.web.servlet.TestDispatcherServlet - FrameworkServlet '': initialization started
2017-09-04 17:42:39.789 [main] INFO  org.springframework.test.web.servlet.TestDispatcherServlet - FrameworkServlet '': initialization completed in 24 ms
2017-09-04 17:42:39.959 [Thread-3] INFO  org.springframework.web.context.support.GenericWebApplicationContext - Closing org.springframework.web.context.support.GenericWebApplicationContext@12028586: startup date [Mon Sep 04 17:42:36 CST 2017]; root of context hierarchy
2017-09-04 17:42:39.964 [Thread-3] INFO  org.springframework.cache.ehcache.EhCacheManagerFactoryBean - Shutting down EhCache CacheManager
2017-09-04 17:42:39.973 [Thread-3] INFO  org.springframework.scheduling.concurrent.ThreadPoolTaskScheduler - Shutting down ExecutorService 'qbScheduler'
2017-09-04 17:53:16.652 [main] INFO  org.springframework.test.context.web.WebTestContextBootstrapper - Using TestExecutionListeners: [org.springframework.test.context.support.DependencyInjectionTestExecutionListener@376b4233]
2017-09-04 17:53:16.774 [main] INFO  org.springframework.beans.factory.xml.XmlBeanDefinitionReader - Loading XML bean definitions from file [D:\IdeaProjects\monitor\target\classes\META-INF\spring\app-dataSource.xml]
2017-09-04 17:53:16.920 [main] INFO  org.springframework.beans.factory.xml.XmlBeanDefinitionReader - Loading XML bean definitions from file [D:\IdeaProjects\monitor\target\classes\META-INF\spring\app-framework.xml]
2017-09-04 17:53:17.095 [main] INFO  org.springframework.beans.factory.xml.XmlBeanDefinitionReader - Loading XML bean definitions from URL [file:src/main/webapp/WEB-INF/webmvc-servlet.xml]
2017-09-04 17:53:17.349 [main] INFO  org.springframework.web.context.support.GenericWebApplicationContext - Refreshing org.springframework.web.context.support.GenericWebApplicationContext@12028586: startup date [Mon Sep 04 17:53:17 CST 2017]; root of context hierarchy
2017-09-04 17:53:17.735 [main] INFO  com.lycheeframework.core.common.placeholder.CustomPlaceholder - Local Mac Address is: 005056c00008
2017-09-04 17:53:17.881 [main] INFO  org.springframework.scheduling.concurrent.ThreadPoolTaskScheduler - Initializing ExecutorService  'qbScheduler'
2017-09-04 17:53:17.881 [main] INFO  org.springframework.context.support.PostProcessorRegistrationDelegate$BeanPostProcessorChecker - Bean 'qbScheduler' of type [class org.springframework.scheduling.concurrent.ThreadPoolTaskScheduler] is not eligible for getting processed by all BeanPostProcessors (for example: not eligible for auto-proxying)
2017-09-04 17:53:19.179 [main] INFO  org.springframework.cache.ehcache.EhCacheManagerFactoryBean - Initializing EhCache CacheManager
2017-09-04 17:53:19.944 [main] INFO  org.springframework.web.servlet.handler.SimpleUrlHandlerMapping - Mapped URL path [/source/**] onto handler 'org.springframework.web.servlet.resource.ResourceHttpRequestHandler#0'
2017-09-04 17:53:19.989 [main] INFO  org.springframework.web.servlet.handler.SimpleUrlHandlerMapping - Mapped URL path [/source/**] onto handler 'resourceHttpRequestHandler'
2017-09-04 17:53:20.036 [main] INFO  org.springframework.web.servlet.mvc.method.annotation.RequestMappingHandlerMapping - Mapped "{[/saveconfig/toEditUI]}" onto public java.lang.String com.micropower.manager.controller.SaveConfigController.toEditUI(java.lang.Integer,org.springframework.ui.Model)
2017-09-04 17:53:20.037 [main] INFO  org.springframework.web.servlet.mvc.method.annotation.RequestMappingHandlerMapping - Mapped "{[/saveconfig/saveEdit]}" onto public java.lang.Integer com.micropower.manager.controller.SaveConfigController.saveEdit(com.micropower.manager.model.po.Saveconfig)
2017-09-04 17:53:20.037 [main] INFO  org.springframework.web.servlet.mvc.method.annotation.RequestMappingHandlerMapping - Mapped "{[/saveconfig/page]}" onto public com.lycheeframework.core.cmp.api.http.GsonData com.micropower.manager.controller.SaveConfigController.page(com.micropower.manager.common.EasyPage)
2017-09-04 17:53:20.038 [main] INFO  org.springframework.web.servlet.mvc.method.annotation.RequestMappingHandlerMapping - Mapped "{[/threshold/toEditUI]}" onto public java.lang.String com.micropower.manager.controller.ThresholdController.toEditUI(java.lang.Integer,org.springframework.ui.Model)
2017-09-04 17:53:20.039 [main] INFO  org.springframework.web.servlet.mvc.method.annotation.RequestMappingHandlerMapping - Mapped "{[/threshold/recoverDefault]}" onto public java.lang.Integer com.micropower.manager.controller.ThresholdController.recoverDefault(java.lang.Integer)
2017-09-04 17:53:20.039 [main] INFO  org.springframework.web.servlet.mvc.method.annotation.RequestMappingHandlerMapping - Mapped "{[/threshold/saveEdit]}" onto public java.lang.Integer com.micropower.manager.controller.ThresholdController.saveEdit(com.micropower.manager.model.po.Threshold)
2017-09-04 17:53:20.040 [main] INFO  org.springframework.web.servlet.mvc.method.annotation.RequestMappingHandlerMapping - Mapped "{[/threshold/page]}" onto public com.lycheeframework.core.cmp.api.http.GsonData com.micropower.manager.controller.ThresholdController.page(com.micropower.manager.common.EasyPage)
2017-09-04 17:53:20.045 [main] INFO  org.springframework.web.servlet.mvc.method.annotation.RequestMappingHandlerMapping - Mapped "{[/user/add]}" onto public java.lang.Integer com.micropower.manager.controller.UserController.add(com.micropower.manager.model.po.User)
2017-09-04 17:53:20.045 [main] INFO  org.springframework.web.servlet.mvc.method.annotation.RequestMappingHandlerMapping - Mapped "{[/user/delete]}" onto public java.lang.Integer com.micropower.manager.controller.UserController.delete(java.lang.Integer)
2017-09-04 17:53:20.045 [main] INFO  org.springframework.web.servlet.mvc.method.annotation.RequestMappingHandlerMapping - Mapped "{[/user/toEditUI]}" onto public java.lang.String com.micropower.manager.controller.UserController.toEditUI(java.lang.Integer,org.springframework.ui.Model)
2017-09-04 17:53:20.045 [main] INFO  org.springframework.web.servlet.mvc.method.annotation.RequestMappingHandlerMapping - Mapped "{[/user/saveEdit]}" onto public java.lang.Integer com.micropower.manager.controller.UserController.saveEdit(com.micropower.manager.model.po.User)
2017-09-04 17:53:20.046 [main] INFO  org.springframework.web.servlet.mvc.method.annotation.RequestMappingHandlerMapping - Mapped "{[/user/page]}" onto public com.lycheeframework.core.cmp.api.http.GsonData com.micropower.manager.controller.UserController.page(com.micropower.manager.common.EasyPage)
2017-09-04 17:53:20.052 [main] INFO  org.springframework.web.servlet.mvc.method.annotation.RequestMappingHandlerMapping - Mapped "{[/warntimeperiod/add]}" onto public java.lang.Integer com.micropower.manager.controller.WarnTimePeriodController.add(com.micropower.manager.model.po.Warntimeperiod)
2017-09-04 17:53:20.052 [main] INFO  org.springframework.web.servlet.mvc.method.annotation.RequestMappingHandlerMapping - Mapped "{[/warntimeperiod/delete]}" onto public java.lang.Integer com.micropower.manager.controller.WarnTimePeriodController.delete(java.lang.Integer)
2017-09-04 17:53:20.052 [main] INFO  org.springframework.web.servlet.mvc.method.annotation.RequestMappingHandlerMapping - Mapped "{[/warntimeperiod/toEditUI]}" onto public java.lang.String com.micropower.manager.controller.WarnTimePeriodController.toEditUI(java.lang.Integer,org.springframework.ui.Model)
2017-09-04 17:53:20.053 [main] INFO  org.springframework.web.servlet.mvc.method.annotation.RequestMappingHandlerMapping - Mapped "{[/warntimeperiod/saveEdit]}" onto public java.lang.Integer com.micropower.manager.controller.WarnTimePeriodController.saveEdit(com.micropower.manager.model.po.User)
2017-09-04 17:53:20.053 [main] INFO  org.springframework.web.servlet.mvc.method.annotation.RequestMappingHandlerMapping - Mapped "{[/warntimeperiod/page]}" onto public com.lycheeframework.core.cmp.api.http.GsonData com.micropower.manager.controller.WarnTimePeriodController.page(com.micropower.manager.common.EasyPage)
2017-09-04 17:53:20.601 [main] INFO  org.springframework.web.servlet.mvc.method.annotation.RequestMappingHandlerAdapter - Looking for @ControllerAdvice: org.springframework.web.context.support.GenericWebApplicationContext@12028586: startup date [Mon Sep 04 17:53:17 CST 2017]; root of context hierarchy
2017-09-04 17:53:20.676 [main] INFO  org.springframework.web.servlet.mvc.method.annotation.RequestMappingHandlerAdapter - Looking for @ControllerAdvice: org.springframework.web.context.support.GenericWebApplicationContext@12028586: startup date [Mon Sep 04 17:53:17 CST 2017]; root of context hierarchy
2017-09-04 17:53:20.779 [main] INFO  org.springframework.web.servlet.view.velocity.VelocityConfigurer - ClasspathResourceLoader with name 'springMacro' added to configured VelocityEngine
2017-09-04 17:53:20.923 [main] INFO  org.springframework.web.servlet.view.velocity.VelocityViewResolver - Using VelocityToolboxView instead of default VelocityView due to specified toolboxConfigLocation
2017-09-04 17:53:21.044 [main] INFO  org.springframework.mock.web.MockServletContext - Initializing Spring FrameworkServlet ''
2017-09-04 17:53:21.044 [main] INFO  org.springframework.test.web.servlet.TestDispatcherServlet - FrameworkServlet '': initialization started
2017-09-04 17:53:21.069 [main] INFO  org.springframework.test.web.servlet.TestDispatcherServlet - FrameworkServlet '': initialization completed in 25 ms
2017-09-04 17:53:21.591 [Thread-3] INFO  org.springframework.web.context.support.GenericWebApplicationContext - Closing org.springframework.web.context.support.GenericWebApplicationContext@12028586: startup date [Mon Sep 04 17:53:17 CST 2017]; root of context hierarchy
2017-09-04 17:53:21.593 [Thread-3] INFO  org.springframework.cache.ehcache.EhCacheManagerFactoryBean - Shutting down EhCache CacheManager
2017-09-04 17:53:21.599 [Thread-3] INFO  org.springframework.scheduling.concurrent.ThreadPoolTaskScheduler - Shutting down ExecutorService 'qbScheduler'
