2017-09-18 09:06:03.456 [main] INFO  org.springframework.test.context.web.WebTestContextBootstrapper - Using TestExecutionListeners: [org.springframework.test.context.support.DependencyInjectionTestExecutionListener@680362a]
2017-09-18 09:06:04.222 [main] INFO  org.springframework.beans.factory.xml.XmlBeanDefinitionReader - Loading XML bean definitions from file [D:\code\monitor\trunk\monitor\target\classes\META-INF\spring\app-dataSource.xml]
2017-09-18 10:22:24.375 [main] INFO  org.springframework.test.context.web.WebTestContextBootstrapper - Using TestExecutionListeners: [org.springframework.test.context.support.DependencyInjectionTestExecutionListener@5fdba6f9]
2017-09-18 10:22:24.530 [main] INFO  org.springframework.beans.factory.xml.XmlBeanDefinitionReader - Loading XML bean definitions from file [D:\code\monitor\trunk\monitor\target\classes\META-INF\spring\app-dataSource.xml]
2017-09-18 10:22:25.006 [main] INFO  org.springframework.beans.factory.xml.XmlBeanDefinitionReader - Loading XML bean definitions from file [D:\code\monitor\trunk\monitor\target\classes\META-INF\spring\app-framework.xml]
2017-09-18 10:22:25.376 [main] INFO  org.springframework.beans.factory.xml.XmlBeanDefinitionReader - Loading XML bean definitions from URL [file:src/main/webapp/WEB-INF/webmvc-servlet.xml]
2017-09-18 10:22:25.827 [main] INFO  org.springframework.web.context.support.GenericWebApplicationContext - Refreshing org.springframework.web.context.support.GenericWebApplicationContext@70beb599: startup date [Mon Sep 18 10:22:25 CST 2017]; root of context hierarchy
2017-09-18 10:22:26.310 [main] INFO  com.lycheeframework.core.common.placeholder.CustomPlaceholder - Local Mac Address is: 408d5cec61f0
2017-09-18 10:22:26.454 [main] INFO  org.springframework.scheduling.concurrent.ThreadPoolTaskScheduler - Initializing ExecutorService  'qbScheduler'
2017-09-18 10:22:26.454 [main] INFO  org.springframework.context.support.PostProcessorRegistrationDelegate$BeanPostProcessorChecker - Bean 'qbScheduler' of type [class org.springframework.scheduling.concurrent.ThreadPoolTaskScheduler] is not eligible for getting processed by all BeanPostProcessors (for example: not eligible for auto-proxying)
2017-09-18 10:22:27.893 [main] INFO  org.springframework.cache.ehcache.EhCacheManagerFactoryBean - Initializing EhCache CacheManager
2017-09-18 10:22:29.192 [main] INFO  org.springframework.web.servlet.handler.SimpleUrlHandlerMapping - Mapped URL path [/source/**] onto handler 'org.springframework.web.servlet.resource.ResourceHttpRequestHandler#0'
2017-09-18 10:22:29.367 [main] INFO  org.springframework.web.servlet.handler.SimpleUrlHandlerMapping - Mapped URL path [/source/**] onto handler 'resourceHttpRequestHandler'
2017-09-18 10:22:29.422 [main] INFO  org.springframework.web.servlet.mvc.method.annotation.RequestMappingHandlerMapping - Mapped "{[/alarmthreshold/recoverDefault]}" onto public java.lang.Integer com.micropower.manager.controller.AlarmthresholdController.recoverDefault()
2017-09-18 10:22:29.423 [main] INFO  org.springframework.web.servlet.mvc.method.annotation.RequestMappingHandlerMapping - Mapped "{[/alarmthreshold/queryOnlyOne]}" onto public com.micropower.manager.model.po.Alarmthreshold com.micropower.manager.controller.AlarmthresholdController.queryOnlyOne()
2017-09-18 10:22:29.423 [main] INFO  org.springframework.web.servlet.mvc.method.annotation.RequestMappingHandlerMapping - Mapped "{[/alarmthreshold/updateAlarmThreshold]}" onto public java.lang.Integer com.micropower.manager.controller.AlarmthresholdController.updateAlarmThreshold(com.micropower.manager.model.po.Alarmthreshold)
2017-09-18 10:22:29.425 [main] INFO  org.springframework.web.servlet.mvc.method.annotation.RequestMappingHandlerMapping - Mapped "{[/data/allinfo]}" onto public java.util.Map<java.lang.String, java.lang.String> com.micropower.manager.controller.DataParseController.allinfo(javax.servlet.http.HttpServletRequest)
2017-09-18 10:22:29.425 [main] INFO  org.springframework.web.servlet.mvc.method.annotation.RequestMappingHandlerMapping - Mapped "{[/data/getTHinfo]}" onto public java.util.Map<java.lang.String, java.util.List> com.micropower.manager.controller.DataParseController.getTHinfo(java.lang.Integer)
2017-09-18 10:22:29.434 [main] INFO  org.springframework.web.servlet.mvc.method.annotation.RequestMappingHandlerMapping - Mapped "{[/device/delete]}" onto public java.lang.Integer com.micropower.manager.controller.DeviceController.delete(java.lang.Integer)
2017-09-18 10:22:29.435 [main] INFO  org.springframework.web.servlet.mvc.method.annotation.RequestMappingHandlerMapping - Mapped "{[/device/list]}" onto public java.util.List<java.util.Map<java.lang.String, java.lang.Object>> com.micropower.manager.controller.DeviceController.list()
2017-09-18 10:22:29.435 [main] INFO  org.springframework.web.servlet.mvc.method.annotation.RequestMappingHandlerMapping - Mapped "{[/device/toadd]}" onto public java.util.Map<java.lang.String, java.util.List<com.micropower.manager.model.po.Warntimeperiod>> com.micropower.manager.controller.DeviceController.toadd()
2017-09-18 10:22:29.435 [main] INFO  org.springframework.web.servlet.mvc.method.annotation.RequestMappingHandlerMapping - Mapped "{[/device/getDeviceById]}" onto public com.micropower.manager.model.pojo.DevicePojo com.micropower.manager.controller.DeviceController.getDeviceById(java.lang.Integer)
2017-09-18 10:22:29.435 [main] INFO  org.springframework.web.servlet.mvc.method.annotation.RequestMappingHandlerMapping - Mapped "{[/device/saveadd]}" onto public java.lang.Integer com.micropower.manager.controller.DeviceController.saveadd(com.micropower.manager.model.po.Device)
2017-09-18 10:22:29.435 [main] INFO  org.springframework.web.servlet.mvc.method.annotation.RequestMappingHandlerMapping - Mapped "{[/device/saveedit]}" onto public java.lang.Integer com.micropower.manager.controller.DeviceController.saveedit(com.micropower.manager.model.po.Device)
2017-09-18 10:22:29.435 [main] INFO  org.springframework.web.servlet.mvc.method.annotation.RequestMappingHandlerMapping - Mapped "{[/device/pauseDeviceWarnConfig]}" onto public java.lang.Integer com.micropower.manager.controller.DeviceController.pauseDeviceWarnConfig(java.lang.Integer,java.lang.Integer)
2017-09-18 10:22:29.436 [main] INFO  org.springframework.web.servlet.mvc.method.annotation.RequestMappingHandlerMapping - Mapped "{[/device/getdevicepojoselflist]}" onto public java.util.List<com.micropower.manager.model.pojo.DevicePojo> com.micropower.manager.controller.DeviceController.getdevicepojoselflist()
2017-09-18 10:22:29.436 [main] INFO  org.springframework.web.servlet.mvc.method.annotation.RequestMappingHandlerMapping - Mapped "{[/device/getdevicepojolist]}" onto public java.util.List<com.micropower.manager.model.pojo.DevicePojo> com.micropower.manager.controller.DeviceController.getdevicepojolist()
2017-09-18 10:22:29.439 [main] INFO  org.springframework.web.servlet.mvc.method.annotation.RequestMappingHandlerMapping - Mapped "{[/labor/add]}" onto public java.lang.Integer com.micropower.manager.controller.LaborController.add(com.micropower.manager.model.po.User)
2017-09-18 10:22:29.439 [main] INFO  org.springframework.web.servlet.mvc.method.annotation.RequestMappingHandlerMapping - Mapped "{[/labor/delete]}" onto public java.lang.Integer com.micropower.manager.controller.LaborController.delete(java.lang.Integer)
2017-09-18 10:22:29.440 [main] INFO  org.springframework.web.servlet.mvc.method.annotation.RequestMappingHandlerMapping - Mapped "{[/labor/page]}" onto public com.lycheeframework.core.cmp.api.http.GsonData com.micropower.manager.controller.LaborController.page(com.micropower.manager.common.EasyPage)
2017-09-18 10:22:29.440 [main] INFO  org.springframework.web.servlet.mvc.method.annotation.RequestMappingHandlerMapping - Mapped "{[/labor/toEditUI]}" onto public java.lang.String com.micropower.manager.controller.LaborController.toEditUI(java.lang.Integer,org.springframework.ui.Model)
2017-09-18 10:22:29.442 [main] INFO  org.springframework.web.servlet.mvc.method.annotation.RequestMappingHandlerMapping - Mapped "{[/labor/saveEdit]}" onto public java.lang.Integer com.micropower.manager.controller.LaborController.saveEdit(com.micropower.manager.model.po.User)
2017-09-18 10:22:29.444 [main] INFO  org.springframework.web.servlet.mvc.method.annotation.RequestMappingHandlerMapping - Mapped "{[/saveconfig/update]}" onto public java.lang.Integer com.micropower.manager.controller.SaveConfigController.update(com.micropower.manager.model.po.Saveconfig)
2017-09-18 10:22:29.444 [main] INFO  org.springframework.web.servlet.mvc.method.annotation.RequestMappingHandlerMapping - Mapped "{[/saveconfig/list]}" onto public java.util.List<com.micropower.manager.model.po.Saveconfig> com.micropower.manager.controller.SaveConfigController.list()
2017-09-18 10:22:29.444 [main] INFO  org.springframework.web.servlet.mvc.method.annotation.RequestMappingHandlerMapping - Mapped "{[/saveconfig/page]}" onto public com.lycheeframework.core.cmp.api.http.GsonData com.micropower.manager.controller.SaveConfigController.page(com.micropower.manager.common.EasyPage)
2017-09-18 10:22:29.444 [main] INFO  org.springframework.web.servlet.mvc.method.annotation.RequestMappingHandlerMapping - Mapped "{[/saveconfig/toEditUI]}" onto public java.lang.String com.micropower.manager.controller.SaveConfigController.toEditUI(java.lang.Integer,org.springframework.ui.Model)
2017-09-18 10:22:29.445 [main] INFO  org.springframework.web.servlet.mvc.method.annotation.RequestMappingHandlerMapping - Mapped "{[/index]}" onto public java.lang.String com.micropower.manager.controller.ToUIController.index()
2017-09-18 10:22:29.445 [main] INFO  org.springframework.web.servlet.mvc.method.annotation.RequestMappingHandlerMapping - Mapped "{[/keySet]}" onto public java.lang.String com.micropower.manager.controller.ToUIController.keySet()
2017-09-18 10:22:29.449 [main] INFO  org.springframework.web.servlet.mvc.method.annotation.RequestMappingHandlerMapping - Mapped "{[/report]}" onto public java.lang.String com.micropower.manager.controller.ToUIController.report()
2017-09-18 10:22:29.449 [main] INFO  org.springframework.web.servlet.mvc.method.annotation.RequestMappingHandlerMapping - Mapped "{[/huanj]}" onto public java.lang.String com.micropower.manager.controller.ToUIController.huanj()
2017-09-18 10:22:29.449 [main] INFO  org.springframework.web.servlet.mvc.method.annotation.RequestMappingHandlerMapping - Mapped "{[/caseSet]}" onto public java.lang.String com.micropower.manager.controller.ToUIController.caseSet()
2017-09-18 10:22:29.450 [main] INFO  org.springframework.web.servlet.mvc.method.annotation.RequestMappingHandlerMapping - Mapped "{[/huanjing]}" onto public java.lang.String com.micropower.manager.controller.ToUIController.huanjing()
2017-09-18 10:22:29.450 [main] INFO  org.springframework.web.servlet.mvc.method.annotation.RequestMappingHandlerMapping - Mapped "{[/evenR]}" onto public java.lang.String com.micropower.manager.controller.ToUIController.evenR()
2017-09-18 10:22:29.450 [main] INFO  org.springframework.web.servlet.mvc.method.annotation.RequestMappingHandlerMapping - Mapped "{[/userSet]}" onto public java.lang.String com.micropower.manager.controller.ToUIController.userSet()
2017-09-18 10:22:29.451 [main] INFO  org.springframework.web.servlet.mvc.method.annotation.RequestMappingHandlerMapping - Mapped "{[/jizu]}" onto public java.lang.String com.micropower.manager.controller.ToUIController.jizu()
2017-09-18 10:22:29.451 [main] INFO  org.springframework.web.servlet.mvc.method.annotation.RequestMappingHandlerMapping - Mapped "{[/policeSet]}" onto public java.lang.String com.micropower.manager.controller.ToUIController.policeSet()
2017-09-18 10:22:29.451 [main] INFO  org.springframework.web.servlet.mvc.method.annotation.RequestMappingHandlerMapping - Mapped "{[/setTimt]}" onto public java.lang.String com.micropower.manager.controller.ToUIController.setTimt()
2017-09-18 10:22:29.451 [main] INFO  org.springframework.web.servlet.mvc.method.annotation.RequestMappingHandlerMapping - Mapped "{[/powerSet]}" onto public java.lang.String com.micropower.manager.controller.ToUIController.powerSet()
2017-09-18 10:22:29.451 [main] INFO  org.springframework.web.servlet.mvc.method.annotation.RequestMappingHandlerMapping - Mapped "{[/evenC]}" onto public java.lang.String com.micropower.manager.controller.ToUIController.evenC()
2017-09-18 10:22:29.454 [main] INFO  org.springframework.web.servlet.mvc.method.annotation.RequestMappingHandlerMapping - Mapped "{[/user/save]}" onto public java.lang.Integer com.micropower.manager.controller.UserController.add(com.micropower.manager.model.po.User,java.lang.String)
2017-09-18 10:22:29.454 [main] INFO  org.springframework.web.servlet.mvc.method.annotation.RequestMappingHandlerMapping - Mapped "{[/user/delete]}" onto public java.lang.Integer com.micropower.manager.controller.UserController.delete(java.lang.Integer)
2017-09-18 10:22:29.454 [main] INFO  org.springframework.web.servlet.mvc.method.annotation.RequestMappingHandlerMapping - Mapped "{[/user/list]}" onto public java.util.List<com.micropower.manager.model.pojo.UserPojo> com.micropower.manager.controller.UserController.list()
2017-09-18 10:22:29.454 [main] INFO  org.springframework.web.servlet.mvc.method.annotation.RequestMappingHandlerMapping - Mapped "{[/user/page]}" onto public com.lycheeframework.core.cmp.api.http.GsonData com.micropower.manager.controller.UserController.page(com.micropower.manager.common.EasyPage)
2017-09-18 10:22:29.454 [main] INFO  org.springframework.web.servlet.mvc.method.annotation.RequestMappingHandlerMapping - Mapped "{[/user/toEditUI]}" onto public java.lang.String com.micropower.manager.controller.UserController.toEditUI(java.lang.Integer,org.springframework.ui.Model)
2017-09-18 10:22:29.454 [main] INFO  org.springframework.web.servlet.mvc.method.annotation.RequestMappingHandlerMapping - Mapped "{[/user/saveEdit]}" onto public java.lang.Integer com.micropower.manager.controller.UserController.saveEdit(com.micropower.manager.model.po.User)
2017-09-18 10:22:29.455 [main] INFO  org.springframework.web.servlet.mvc.method.annotation.RequestMappingHandlerMapping - Mapped "{[/user/listusers]}" onto public java.util.List<com.micropower.manager.model.po.User> com.micropower.manager.controller.UserController.listusers()
2017-09-18 10:22:29.455 [main] INFO  org.springframework.web.servlet.mvc.method.annotation.RequestMappingHandlerMapping - Mapped "{[/user/listrole]}" onto public java.util.List<com.micropower.manager.model.po.Role> com.micropower.manager.controller.UserController.listrole()
2017-09-18 10:22:29.456 [main] INFO  org.springframework.web.servlet.mvc.method.annotation.RequestMappingHandlerMapping - Mapped "{[/warnlog/delete]}" onto public java.lang.Integer com.micropower.manager.controller.WarnLogController.delete(java.lang.Integer)
2017-09-18 10:22:29.456 [main] INFO  org.springframework.web.servlet.mvc.method.annotation.RequestMappingHandlerMapping - Mapped "{[/warnlog/list]}" onto public com.lycheeframework.core.cmp.api.http.GsonData com.micropower.manager.controller.WarnLogController.list(javax.servlet.http.HttpServletRequest,com.micropower.manager.common.EasyPage)
2017-09-18 10:22:29.456 [main] INFO  org.springframework.web.servlet.mvc.method.annotation.RequestMappingHandlerMapping - Mapped "{[/warnlog/page]}" onto public com.lycheeframework.core.cmp.api.http.GsonData com.micropower.manager.controller.WarnLogController.page(javax.servlet.http.HttpServletRequest,com.micropower.manager.common.EasyPage)
2017-09-18 10:22:29.456 [main] INFO  org.springframework.web.servlet.mvc.method.annotation.RequestMappingHandlerMapping - Mapped "{[/warnlog/saveRepair]}" onto public java.lang.Integer com.micropower.manager.controller.WarnLogController.saveRepair(com.micropower.manager.model.po.Warnlog)
2017-09-18 10:22:29.456 [main] INFO  org.springframework.web.servlet.mvc.method.annotation.RequestMappingHandlerMapping - Mapped "{[/warnlog/getwarninfo]}" onto public java.lang.String com.micropower.manager.controller.WarnLogController.getwarninfo(javax.servlet.http.HttpServletRequest)
2017-09-18 10:22:29.461 [main] INFO  org.springframework.web.servlet.mvc.method.annotation.RequestMappingHandlerMapping - Mapped "{[/warnlog/initwarntype]}" onto public java.util.List<com.micropower.manager.model.po.Warntype> com.micropower.manager.controller.WarnLogController.initwarntype()
2017-09-18 10:22:29.462 [main] INFO  org.springframework.web.servlet.mvc.method.annotation.RequestMappingHandlerMapping - Mapped "{[/warntimeperiod/add]}" onto public java.lang.Integer com.micropower.manager.controller.WarnTimePeriodController.add(com.micropower.manager.model.po.Warntimeperiod)
2017-09-18 10:22:29.462 [main] INFO  org.springframework.web.servlet.mvc.method.annotation.RequestMappingHandlerMapping - Mapped "{[/warntimeperiod/delete]}" onto public java.lang.Integer com.micropower.manager.controller.WarnTimePeriodController.delete(java.lang.Integer)
2017-09-18 10:22:29.463 [main] INFO  org.springframework.web.servlet.mvc.method.annotation.RequestMappingHandlerMapping - Mapped "{[/warntimeperiod/list]}" onto public java.util.List<com.micropower.manager.model.po.Warntimeperiod> com.micropower.manager.controller.WarnTimePeriodController.list()
2017-09-18 10:22:29.463 [main] INFO  org.springframework.web.servlet.mvc.method.annotation.RequestMappingHandlerMapping - Mapped "{[/warntimeperiod/toEditUI]}" onto public java.lang.String com.micropower.manager.controller.WarnTimePeriodController.toEditUI(java.lang.Integer,org.springframework.ui.Model)
2017-09-18 10:22:29.463 [main] INFO  org.springframework.web.servlet.mvc.method.annotation.RequestMappingHandlerMapping - Mapped "{[/warntimeperiod/saveEdit]}" onto public java.lang.Integer com.micropower.manager.controller.WarnTimePeriodController.saveEdit(com.micropower.manager.model.pojo.WarntimeperiodPojo)
2017-09-18 10:22:29.463 [main] INFO  org.springframework.web.servlet.mvc.method.annotation.RequestMappingHandlerMapping - Mapped "{[/warntimeperiod/listpojo]}" onto public java.util.List<com.micropower.manager.model.pojo.WarntimeperiodPojo> com.micropower.manager.controller.WarnTimePeriodController.listpojo()
2017-09-18 10:22:30.241 [main] INFO  org.springframework.web.servlet.mvc.method.annotation.RequestMappingHandlerAdapter - Looking for @ControllerAdvice: org.springframework.web.context.support.GenericWebApplicationContext@70beb599: startup date [Mon Sep 18 10:22:25 CST 2017]; root of context hierarchy
2017-09-18 10:22:30.363 [main] INFO  org.springframework.web.servlet.mvc.method.annotation.RequestMappingHandlerAdapter - Looking for @ControllerAdvice: org.springframework.web.context.support.GenericWebApplicationContext@70beb599: startup date [Mon Sep 18 10:22:25 CST 2017]; root of context hierarchy
2017-09-18 10:22:30.455 [main] INFO  org.springframework.web.servlet.view.velocity.VelocityConfigurer - ClasspathResourceLoader with name 'springMacro' added to configured VelocityEngine
2017-09-18 10:22:30.808 [main] INFO  org.springframework.web.servlet.view.velocity.VelocityViewResolver - Using VelocityToolboxView instead of default VelocityView due to specified toolboxConfigLocation
2017-09-18 10:22:30.995 [main] INFO  org.springframework.mock.web.MockServletContext - Initializing Spring FrameworkServlet ''
2017-09-18 10:22:30.995 [main] INFO  org.springframework.test.web.servlet.TestDispatcherServlet - FrameworkServlet '': initialization started
2017-09-18 10:22:31.022 [main] INFO  org.springframework.test.web.servlet.TestDispatcherServlet - FrameworkServlet '': initialization completed in 27 ms
2017-09-18 10:22:31.340 [Thread-3] INFO  org.springframework.web.context.support.GenericWebApplicationContext - Closing org.springframework.web.context.support.GenericWebApplicationContext@70beb599: startup date [Mon Sep 18 10:22:25 CST 2017]; root of context hierarchy
2017-09-18 10:22:31.354 [Thread-3] INFO  org.springframework.cache.ehcache.EhCacheManagerFactoryBean - Shutting down EhCache CacheManager
2017-09-18 10:22:31.364 [Thread-3] INFO  org.springframework.scheduling.concurrent.ThreadPoolTaskScheduler - Shutting down ExecutorService 'qbScheduler'
2017-09-18 10:24:26.517 [main] INFO  org.springframework.test.context.web.WebTestContextBootstrapper - Using TestExecutionListeners: [org.springframework.test.context.support.DependencyInjectionTestExecutionListener@6e4ea0bd]
2017-09-18 10:24:27.073 [main] INFO  org.springframework.beans.factory.xml.XmlBeanDefinitionReader - Loading XML bean definitions from file [D:\code\monitor\trunk\monitor\target\classes\META-INF\spring\app-dataSource.xml]
2017-09-18 10:24:27.397 [main] INFO  org.springframework.beans.factory.xml.XmlBeanDefinitionReader - Loading XML bean definitions from file [D:\code\monitor\trunk\monitor\target\classes\META-INF\spring\app-framework.xml]
2017-09-18 10:24:27.711 [main] INFO  org.springframework.beans.factory.xml.XmlBeanDefinitionReader - Loading XML bean definitions from URL [file:src/main/webapp/WEB-INF/webmvc-servlet.xml]
2017-09-18 10:24:28.167 [main] INFO  org.springframework.web.context.support.GenericWebApplicationContext - Refreshing org.springframework.web.context.support.GenericWebApplicationContext@400d912a: startup date [Mon Sep 18 10:24:28 CST 2017]; root of context hierarchy
2017-09-18 10:24:28.788 [main] INFO  com.lycheeframework.core.common.placeholder.CustomPlaceholder - Local Mac Address is: 408d5cec61f0
2017-09-18 10:24:29.088 [main] INFO  org.springframework.scheduling.concurrent.ThreadPoolTaskScheduler - Initializing ExecutorService  'qbScheduler'
2017-09-18 10:24:29.088 [main] INFO  org.springframework.context.support.PostProcessorRegistrationDelegate$BeanPostProcessorChecker - Bean 'qbScheduler' of type [class org.springframework.scheduling.concurrent.ThreadPoolTaskScheduler] is not eligible for getting processed by all BeanPostProcessors (for example: not eligible for auto-proxying)
2017-09-18 10:24:31.707 [main] INFO  org.springframework.cache.ehcache.EhCacheManagerFactoryBean - Initializing EhCache CacheManager
2017-09-18 10:24:34.058 [main] INFO  org.springframework.web.servlet.handler.SimpleUrlHandlerMapping - Mapped URL path [/source/**] onto handler 'org.springframework.web.servlet.resource.ResourceHttpRequestHandler#0'
2017-09-18 10:24:34.098 [main] INFO  org.springframework.web.servlet.handler.SimpleUrlHandlerMapping - Mapped URL path [/source/**] onto handler 'resourceHttpRequestHandler'
2017-09-18 10:24:34.195 [main] INFO  org.springframework.web.servlet.mvc.method.annotation.RequestMappingHandlerMapping - Mapped "{[/alarmthreshold/updateAlarmThreshold]}" onto public java.lang.Integer com.micropower.manager.controller.AlarmthresholdController.updateAlarmThreshold(com.micropower.manager.model.po.Alarmthreshold)
2017-09-18 10:24:34.200 [main] INFO  org.springframework.web.servlet.mvc.method.annotation.RequestMappingHandlerMapping - Mapped "{[/alarmthreshold/recoverDefault]}" onto public java.lang.Integer com.micropower.manager.controller.AlarmthresholdController.recoverDefault()
2017-09-18 10:24:34.200 [main] INFO  org.springframework.web.servlet.mvc.method.annotation.RequestMappingHandlerMapping - Mapped "{[/alarmthreshold/queryOnlyOne]}" onto public com.micropower.manager.model.po.Alarmthreshold com.micropower.manager.controller.AlarmthresholdController.queryOnlyOne()
2017-09-18 10:24:34.202 [main] INFO  org.springframework.web.servlet.mvc.method.annotation.RequestMappingHandlerMapping - Mapped "{[/data/getTHinfo]}" onto public java.util.Map<java.lang.String, java.util.List> com.micropower.manager.controller.DataParseController.getTHinfo(java.lang.Integer)
2017-09-18 10:24:34.202 [main] INFO  org.springframework.web.servlet.mvc.method.annotation.RequestMappingHandlerMapping - Mapped "{[/data/allinfo]}" onto public java.util.Map<java.lang.String, java.lang.String> com.micropower.manager.controller.DataParseController.allinfo(javax.servlet.http.HttpServletRequest)
2017-09-18 10:24:34.211 [main] INFO  org.springframework.web.servlet.mvc.method.annotation.RequestMappingHandlerMapping - Mapped "{[/device/delete]}" onto public java.lang.Integer com.micropower.manager.controller.DeviceController.delete(java.lang.Integer)
2017-09-18 10:24:34.212 [main] INFO  org.springframework.web.servlet.mvc.method.annotation.RequestMappingHandlerMapping - Mapped "{[/device/list]}" onto public java.util.List<java.util.Map<java.lang.String, java.lang.Object>> com.micropower.manager.controller.DeviceController.list()
2017-09-18 10:24:34.212 [main] INFO  org.springframework.web.servlet.mvc.method.annotation.RequestMappingHandlerMapping - Mapped "{[/device/pauseDeviceWarnConfig]}" onto public java.lang.Integer com.micropower.manager.controller.DeviceController.pauseDeviceWarnConfig(java.lang.Integer,java.lang.Integer)
2017-09-18 10:24:34.212 [main] INFO  org.springframework.web.servlet.mvc.method.annotation.RequestMappingHandlerMapping - Mapped "{[/device/getdevicepojolist]}" onto public java.util.List<com.micropower.manager.model.pojo.DevicePojo> com.micropower.manager.controller.DeviceController.getdevicepojolist()
2017-09-18 10:24:34.212 [main] INFO  org.springframework.web.servlet.mvc.method.annotation.RequestMappingHandlerMapping - Mapped "{[/device/getdevicepojoselflist]}" onto public java.util.List<com.micropower.manager.model.pojo.DevicePojo> com.micropower.manager.controller.DeviceController.getdevicepojoselflist()
2017-09-18 10:24:34.212 [main] INFO  org.springframework.web.servlet.mvc.method.annotation.RequestMappingHandlerMapping - Mapped "{[/device/toadd]}" onto public java.util.Map<java.lang.String, java.util.List<com.micropower.manager.model.po.Warntimeperiod>> com.micropower.manager.controller.DeviceController.toadd()
2017-09-18 10:24:34.212 [main] INFO  org.springframework.web.servlet.mvc.method.annotation.RequestMappingHandlerMapping - Mapped "{[/device/getDeviceById]}" onto public com.micropower.manager.model.pojo.DevicePojo com.micropower.manager.controller.DeviceController.getDeviceById(java.lang.Integer)
2017-09-18 10:24:34.213 [main] INFO  org.springframework.web.servlet.mvc.method.annotation.RequestMappingHandlerMapping - Mapped "{[/device/saveadd]}" onto public java.lang.Integer com.micropower.manager.controller.DeviceController.saveadd(com.micropower.manager.model.po.Device)
2017-09-18 10:24:34.213 [main] INFO  org.springframework.web.servlet.mvc.method.annotation.RequestMappingHandlerMapping - Mapped "{[/device/saveedit]}" onto public java.lang.Integer com.micropower.manager.controller.DeviceController.saveedit(com.micropower.manager.model.po.Device)
2017-09-18 10:24:34.218 [main] INFO  org.springframework.web.servlet.mvc.method.annotation.RequestMappingHandlerMapping - Mapped "{[/labor/add]}" onto public java.lang.Integer com.micropower.manager.controller.LaborController.add(com.micropower.manager.model.po.User)
2017-09-18 10:24:34.219 [main] INFO  org.springframework.web.servlet.mvc.method.annotation.RequestMappingHandlerMapping - Mapped "{[/labor/delete]}" onto public java.lang.Integer com.micropower.manager.controller.LaborController.delete(java.lang.Integer)
2017-09-18 10:24:34.219 [main] INFO  org.springframework.web.servlet.mvc.method.annotation.RequestMappingHandlerMapping - Mapped "{[/labor/toEditUI]}" onto public java.lang.String com.micropower.manager.controller.LaborController.toEditUI(java.lang.Integer,org.springframework.ui.Model)
2017-09-18 10:24:34.219 [main] INFO  org.springframework.web.servlet.mvc.method.annotation.RequestMappingHandlerMapping - Mapped "{[/labor/saveEdit]}" onto public java.lang.Integer com.micropower.manager.controller.LaborController.saveEdit(com.micropower.manager.model.po.User)
2017-09-18 10:24:34.219 [main] INFO  org.springframework.web.servlet.mvc.method.annotation.RequestMappingHandlerMapping - Mapped "{[/labor/page]}" onto public com.lycheeframework.core.cmp.api.http.GsonData com.micropower.manager.controller.LaborController.page(com.micropower.manager.common.EasyPage)
2017-09-18 10:24:34.220 [main] INFO  org.springframework.web.servlet.mvc.method.annotation.RequestMappingHandlerMapping - Mapped "{[/saveconfig/update]}" onto public java.lang.Integer com.micropower.manager.controller.SaveConfigController.update(com.micropower.manager.model.po.Saveconfig)
2017-09-18 10:24:34.220 [main] INFO  org.springframework.web.servlet.mvc.method.annotation.RequestMappingHandlerMapping - Mapped "{[/saveconfig/list]}" onto public java.util.List<com.micropower.manager.model.po.Saveconfig> com.micropower.manager.controller.SaveConfigController.list()
2017-09-18 10:24:34.221 [main] INFO  org.springframework.web.servlet.mvc.method.annotation.RequestMappingHandlerMapping - Mapped "{[/saveconfig/toEditUI]}" onto public java.lang.String com.micropower.manager.controller.SaveConfigController.toEditUI(java.lang.Integer,org.springframework.ui.Model)
2017-09-18 10:24:34.221 [main] INFO  org.springframework.web.servlet.mvc.method.annotation.RequestMappingHandlerMapping - Mapped "{[/saveconfig/page]}" onto public com.lycheeframework.core.cmp.api.http.GsonData com.micropower.manager.controller.SaveConfigController.page(com.micropower.manager.common.EasyPage)
2017-09-18 10:24:34.223 [main] INFO  org.springframework.web.servlet.mvc.method.annotation.RequestMappingHandlerMapping - Mapped "{[/index]}" onto public java.lang.String com.micropower.manager.controller.ToUIController.index()
2017-09-18 10:24:34.223 [main] INFO  org.springframework.web.servlet.mvc.method.annotation.RequestMappingHandlerMapping - Mapped "{[/keySet]}" onto public java.lang.String com.micropower.manager.controller.ToUIController.keySet()
2017-09-18 10:24:34.223 [main] INFO  org.springframework.web.servlet.mvc.method.annotation.RequestMappingHandlerMapping - Mapped "{[/report]}" onto public java.lang.String com.micropower.manager.controller.ToUIController.report()
2017-09-18 10:24:34.223 [main] INFO  org.springframework.web.servlet.mvc.method.annotation.RequestMappingHandlerMapping - Mapped "{[/jizu]}" onto public java.lang.String com.micropower.manager.controller.ToUIController.jizu()
2017-09-18 10:24:34.223 [main] INFO  org.springframework.web.servlet.mvc.method.annotation.RequestMappingHandlerMapping - Mapped "{[/evenR]}" onto public java.lang.String com.micropower.manager.controller.ToUIController.evenR()
2017-09-18 10:24:34.223 [main] INFO  org.springframework.web.servlet.mvc.method.annotation.RequestMappingHandlerMapping - Mapped "{[/evenC]}" onto public java.lang.String com.micropower.manager.controller.ToUIController.evenC()
2017-09-18 10:24:34.223 [main] INFO  org.springframework.web.servlet.mvc.method.annotation.RequestMappingHandlerMapping - Mapped "{[/powerSet]}" onto public java.lang.String com.micropower.manager.controller.ToUIController.powerSet()
2017-09-18 10:24:34.224 [main] INFO  org.springframework.web.servlet.mvc.method.annotation.RequestMappingHandlerMapping - Mapped "{[/caseSet]}" onto public java.lang.String com.micropower.manager.controller.ToUIController.caseSet()
2017-09-18 10:24:34.224 [main] INFO  org.springframework.web.servlet.mvc.method.annotation.RequestMappingHandlerMapping - Mapped "{[/huanj]}" onto public java.lang.String com.micropower.manager.controller.ToUIController.huanj()
2017-09-18 10:24:34.224 [main] INFO  org.springframework.web.servlet.mvc.method.annotation.RequestMappingHandlerMapping - Mapped "{[/huanjing]}" onto public java.lang.String com.micropower.manager.controller.ToUIController.huanjing()
2017-09-18 10:24:34.224 [main] INFO  org.springframework.web.servlet.mvc.method.annotation.RequestMappingHandlerMapping - Mapped "{[/policeSet]}" onto public java.lang.String com.micropower.manager.controller.ToUIController.policeSet()
2017-09-18 10:24:34.224 [main] INFO  org.springframework.web.servlet.mvc.method.annotation.RequestMappingHandlerMapping - Mapped "{[/userSet]}" onto public java.lang.String com.micropower.manager.controller.ToUIController.userSet()
2017-09-18 10:24:34.228 [main] INFO  org.springframework.web.servlet.mvc.method.annotation.RequestMappingHandlerMapping - Mapped "{[/setTimt]}" onto public java.lang.String com.micropower.manager.controller.ToUIController.setTimt()
2017-09-18 10:24:34.230 [main] INFO  org.springframework.web.servlet.mvc.method.annotation.RequestMappingHandlerMapping - Mapped "{[/user/save]}" onto public java.lang.Integer com.micropower.manager.controller.UserController.add(com.micropower.manager.model.po.User,java.lang.String)
2017-09-18 10:24:34.230 [main] INFO  org.springframework.web.servlet.mvc.method.annotation.RequestMappingHandlerMapping - Mapped "{[/user/delete]}" onto public java.lang.Integer com.micropower.manager.controller.UserController.delete(java.lang.Integer)
2017-09-18 10:24:34.230 [main] INFO  org.springframework.web.servlet.mvc.method.annotation.RequestMappingHandlerMapping - Mapped "{[/user/list]}" onto public java.util.List<com.micropower.manager.model.pojo.UserPojo> com.micropower.manager.controller.UserController.list()
2017-09-18 10:24:34.231 [main] INFO  org.springframework.web.servlet.mvc.method.annotation.RequestMappingHandlerMapping - Mapped "{[/user/toEditUI]}" onto public java.lang.String com.micropower.manager.controller.UserController.toEditUI(java.lang.Integer,org.springframework.ui.Model)
2017-09-18 10:24:34.231 [main] INFO  org.springframework.web.servlet.mvc.method.annotation.RequestMappingHandlerMapping - Mapped "{[/user/saveEdit]}" onto public java.lang.Integer com.micropower.manager.controller.UserController.saveEdit(com.micropower.manager.model.po.User)
2017-09-18 10:24:34.231 [main] INFO  org.springframework.web.servlet.mvc.method.annotation.RequestMappingHandlerMapping - Mapped "{[/user/page]}" onto public com.lycheeframework.core.cmp.api.http.GsonData com.micropower.manager.controller.UserController.page(com.micropower.manager.common.EasyPage)
2017-09-18 10:24:34.231 [main] INFO  org.springframework.web.servlet.mvc.method.annotation.RequestMappingHandlerMapping - Mapped "{[/user/listusers]}" onto public java.util.List<com.micropower.manager.model.po.User> com.micropower.manager.controller.UserController.listusers()
2017-09-18 10:24:34.231 [main] INFO  org.springframework.web.servlet.mvc.method.annotation.RequestMappingHandlerMapping - Mapped "{[/user/listrole]}" onto public java.util.List<com.micropower.manager.model.po.Role> com.micropower.manager.controller.UserController.listrole()
2017-09-18 10:24:34.232 [main] INFO  org.springframework.web.servlet.mvc.method.annotation.RequestMappingHandlerMapping - Mapped "{[/warnlog/delete]}" onto public java.lang.Integer com.micropower.manager.controller.WarnLogController.delete(java.lang.Integer)
2017-09-18 10:24:34.232 [main] INFO  org.springframework.web.servlet.mvc.method.annotation.RequestMappingHandlerMapping - Mapped "{[/warnlog/list]}" onto public com.lycheeframework.core.cmp.api.http.GsonData com.micropower.manager.controller.WarnLogController.list(javax.servlet.http.HttpServletRequest,com.micropower.manager.common.EasyPage)
2017-09-18 10:24:34.233 [main] INFO  org.springframework.web.servlet.mvc.method.annotation.RequestMappingHandlerMapping - Mapped "{[/warnlog/page]}" onto public com.lycheeframework.core.cmp.api.http.GsonData com.micropower.manager.controller.WarnLogController.page(javax.servlet.http.HttpServletRequest,com.micropower.manager.common.EasyPage)
2017-09-18 10:24:34.233 [main] INFO  org.springframework.web.servlet.mvc.method.annotation.RequestMappingHandlerMapping - Mapped "{[/warnlog/getwarninfo]}" onto public java.lang.String com.micropower.manager.controller.WarnLogController.getwarninfo(javax.servlet.http.HttpServletRequest)
2017-09-18 10:24:34.233 [main] INFO  org.springframework.web.servlet.mvc.method.annotation.RequestMappingHandlerMapping - Mapped "{[/warnlog/saveRepair]}" onto public java.lang.Integer com.micropower.manager.controller.WarnLogController.saveRepair(com.micropower.manager.model.po.Warnlog)
2017-09-18 10:24:34.233 [main] INFO  org.springframework.web.servlet.mvc.method.annotation.RequestMappingHandlerMapping - Mapped "{[/warnlog/initwarntype]}" onto public java.util.List<com.micropower.manager.model.po.Warntype> com.micropower.manager.controller.WarnLogController.initwarntype()
2017-09-18 10:24:34.236 [main] INFO  org.springframework.web.servlet.mvc.method.annotation.RequestMappingHandlerMapping - Mapped "{[/warntimeperiod/add]}" onto public java.lang.Integer com.micropower.manager.controller.WarnTimePeriodController.add(com.micropower.manager.model.po.Warntimeperiod)
2017-09-18 10:24:34.237 [main] INFO  org.springframework.web.servlet.mvc.method.annotation.RequestMappingHandlerMapping - Mapped "{[/warntimeperiod/delete]}" onto public java.lang.Integer com.micropower.manager.controller.WarnTimePeriodController.delete(java.lang.Integer)
2017-09-18 10:24:34.237 [main] INFO  org.springframework.web.servlet.mvc.method.annotation.RequestMappingHandlerMapping - Mapped "{[/warntimeperiod/list]}" onto public java.util.List<com.micropower.manager.model.po.Warntimeperiod> com.micropower.manager.controller.WarnTimePeriodController.list()
2017-09-18 10:24:34.238 [main] INFO  org.springframework.web.servlet.mvc.method.annotation.RequestMappingHandlerMapping - Mapped "{[/warntimeperiod/toEditUI]}" onto public java.lang.String com.micropower.manager.controller.WarnTimePeriodController.toEditUI(java.lang.Integer,org.springframework.ui.Model)
2017-09-18 10:24:34.238 [main] INFO  org.springframework.web.servlet.mvc.method.annotation.RequestMappingHandlerMapping - Mapped "{[/warntimeperiod/saveEdit]}" onto public java.lang.Integer com.micropower.manager.controller.WarnTimePeriodController.saveEdit(com.micropower.manager.model.pojo.WarntimeperiodPojo)
2017-09-18 10:24:34.238 [main] INFO  org.springframework.web.servlet.mvc.method.annotation.RequestMappingHandlerMapping - Mapped "{[/warntimeperiod/listpojo]}" onto public java.util.List<com.micropower.manager.model.pojo.WarntimeperiodPojo> com.micropower.manager.controller.WarnTimePeriodController.listpojo()
2017-09-18 10:24:34.959 [main] INFO  org.springframework.web.servlet.mvc.method.annotation.RequestMappingHandlerAdapter - Looking for @ControllerAdvice: org.springframework.web.context.support.GenericWebApplicationContext@400d912a: startup date [Mon Sep 18 10:24:28 CST 2017]; root of context hierarchy
2017-09-18 10:24:35.074 [main] INFO  org.springframework.web.servlet.mvc.method.annotation.RequestMappingHandlerAdapter - Looking for @ControllerAdvice: org.springframework.web.context.support.GenericWebApplicationContext@400d912a: startup date [Mon Sep 18 10:24:28 CST 2017]; root of context hierarchy
2017-09-18 10:24:35.270 [main] INFO  org.springframework.web.servlet.view.velocity.VelocityConfigurer - ClasspathResourceLoader with name 'springMacro' added to configured VelocityEngine
2017-09-18 10:24:35.510 [main] INFO  org.springframework.web.servlet.view.velocity.VelocityViewResolver - Using VelocityToolboxView instead of default VelocityView due to specified toolboxConfigLocation
2017-09-18 10:24:35.723 [main] INFO  org.springframework.mock.web.MockServletContext - Initializing Spring FrameworkServlet ''
2017-09-18 10:24:35.723 [main] INFO  org.springframework.test.web.servlet.TestDispatcherServlet - FrameworkServlet '': initialization started
2017-09-18 10:24:35.753 [main] INFO  org.springframework.test.web.servlet.TestDispatcherServlet - FrameworkServlet '': initialization completed in 30 ms
2017-09-18 11:23:43.907 [main] INFO  org.springframework.test.context.web.WebTestContextBootstrapper - Using TestExecutionListeners: [org.springframework.test.context.support.DependencyInjectionTestExecutionListener@5fdba6f9]
2017-09-18 11:23:44.154 [main] INFO  org.springframework.beans.factory.xml.XmlBeanDefinitionReader - Loading XML bean definitions from file [D:\code\monitor\trunk\monitor\target\classes\META-INF\spring\app-dataSource.xml]
2017-09-18 11:23:44.286 [main] INFO  org.springframework.beans.factory.xml.XmlBeanDefinitionReader - Loading XML bean definitions from file [D:\code\monitor\trunk\monitor\target\classes\META-INF\spring\app-framework.xml]
2017-09-18 11:23:44.437 [main] INFO  org.springframework.beans.factory.xml.XmlBeanDefinitionReader - Loading XML bean definitions from URL [file:src/main/webapp/WEB-INF/webmvc-servlet.xml]
2017-09-18 11:23:44.699 [main] INFO  org.springframework.web.context.support.GenericWebApplicationContext - Refreshing org.springframework.web.context.support.GenericWebApplicationContext@70beb599: startup date [Mon Sep 18 11:23:44 CST 2017]; root of context hierarchy
2017-09-18 11:23:44.941 [main] INFO  com.lycheeframework.core.common.placeholder.CustomPlaceholder - Local Mac Address is: 408d5cec61f0
2017-09-18 11:23:45.144 [main] INFO  org.springframework.scheduling.concurrent.ThreadPoolTaskScheduler - Initializing ExecutorService  'qbScheduler'
2017-09-18 11:23:45.144 [main] INFO  org.springframework.context.support.PostProcessorRegistrationDelegate$BeanPostProcessorChecker - Bean 'qbScheduler' of type [class org.springframework.scheduling.concurrent.ThreadPoolTaskScheduler] is not eligible for getting processed by all BeanPostProcessors (for example: not eligible for auto-proxying)
2017-09-18 11:23:46.828 [main] INFO  org.springframework.cache.ehcache.EhCacheManagerFactoryBean - Initializing EhCache CacheManager
2017-09-18 11:23:47.686 [main] INFO  org.springframework.web.servlet.handler.SimpleUrlHandlerMapping - Mapped URL path [/source/**] onto handler 'org.springframework.web.servlet.resource.ResourceHttpRequestHandler#0'
2017-09-18 11:23:47.710 [main] INFO  org.springframework.web.servlet.handler.SimpleUrlHandlerMapping - Mapped URL path [/source/**] onto handler 'resourceHttpRequestHandler'
2017-09-18 11:23:47.740 [main] INFO  org.springframework.web.servlet.mvc.method.annotation.RequestMappingHandlerMapping - Mapped "{[/alarmthreshold/updateAlarmThreshold]}" onto public java.lang.Integer com.micropower.manager.controller.AlarmthresholdController.updateAlarmThreshold(com.micropower.manager.model.po.Alarmthreshold)
2017-09-18 11:23:47.741 [main] INFO  org.springframework.web.servlet.mvc.method.annotation.RequestMappingHandlerMapping - Mapped "{[/alarmthreshold/queryOnlyOne]}" onto public com.micropower.manager.model.po.Alarmthreshold com.micropower.manager.controller.AlarmthresholdController.queryOnlyOne()
2017-09-18 11:23:47.741 [main] INFO  org.springframework.web.servlet.mvc.method.annotation.RequestMappingHandlerMapping - Mapped "{[/alarmthreshold/recoverDefault]}" onto public java.lang.Integer com.micropower.manager.controller.AlarmthresholdController.recoverDefault()
2017-09-18 11:23:47.742 [main] INFO  org.springframework.web.servlet.mvc.method.annotation.RequestMappingHandlerMapping - Mapped "{[/data/getTHinfo]}" onto public java.util.Map<java.lang.String, java.util.List> com.micropower.manager.controller.DataParseController.getTHinfo(java.lang.Integer)
2017-09-18 11:23:47.742 [main] INFO  org.springframework.web.servlet.mvc.method.annotation.RequestMappingHandlerMapping - Mapped "{[/data/allinfo]}" onto public java.util.Map<java.lang.String, java.lang.String> com.micropower.manager.controller.DataParseController.allinfo(javax.servlet.http.HttpServletRequest)
2017-09-18 11:23:47.746 [main] INFO  org.springframework.web.servlet.mvc.method.annotation.RequestMappingHandlerMapping - Mapped "{[/device/delete]}" onto public java.lang.Integer com.micropower.manager.controller.DeviceController.delete(java.lang.Integer)
2017-09-18 11:23:47.746 [main] INFO  org.springframework.web.servlet.mvc.method.annotation.RequestMappingHandlerMapping - Mapped "{[/device/list]}" onto public java.util.List<java.util.Map<java.lang.String, java.lang.Object>> com.micropower.manager.controller.DeviceController.list()
2017-09-18 11:23:47.746 [main] INFO  org.springframework.web.servlet.mvc.method.annotation.RequestMappingHandlerMapping - Mapped "{[/device/getdevicepojolist]}" onto public java.util.List<com.micropower.manager.model.pojo.DevicePojo> com.micropower.manager.controller.DeviceController.getdevicepojolist()
2017-09-18 11:23:47.746 [main] INFO  org.springframework.web.servlet.mvc.method.annotation.RequestMappingHandlerMapping - Mapped "{[/device/getdevicepojoselflist]}" onto public java.util.List<com.micropower.manager.model.pojo.DevicePojo> com.micropower.manager.controller.DeviceController.getdevicepojoselflist()
2017-09-18 11:23:47.747 [main] INFO  org.springframework.web.servlet.mvc.method.annotation.RequestMappingHandlerMapping - Mapped "{[/device/pauseDeviceWarnConfig]}" onto public java.lang.Integer com.micropower.manager.controller.DeviceController.pauseDeviceWarnConfig(java.lang.Integer,java.lang.Integer)
2017-09-18 11:23:47.747 [main] INFO  org.springframework.web.servlet.mvc.method.annotation.RequestMappingHandlerMapping - Mapped "{[/device/getDeviceById]}" onto public com.micropower.manager.model.pojo.DevicePojo com.micropower.manager.controller.DeviceController.getDeviceById(java.lang.Integer)
2017-09-18 11:23:47.747 [main] INFO  org.springframework.web.servlet.mvc.method.annotation.RequestMappingHandlerMapping - Mapped "{[/device/toadd]}" onto public java.util.Map<java.lang.String, java.util.List<com.micropower.manager.model.po.Warntimeperiod>> com.micropower.manager.controller.DeviceController.toadd()
2017-09-18 11:23:47.747 [main] INFO  org.springframework.web.servlet.mvc.method.annotation.RequestMappingHandlerMapping - Mapped "{[/device/saveadd]}" onto public java.lang.Integer com.micropower.manager.controller.DeviceController.saveadd(com.micropower.manager.model.po.Device)
2017-09-18 11:23:47.747 [main] INFO  org.springframework.web.servlet.mvc.method.annotation.RequestMappingHandlerMapping - Mapped "{[/device/saveedit]}" onto public java.lang.Integer com.micropower.manager.controller.DeviceController.saveedit(com.micropower.manager.model.po.Device)
2017-09-18 11:23:47.756 [main] INFO  org.springframework.web.servlet.mvc.method.annotation.RequestMappingHandlerMapping - Mapped "{[/labor/add]}" onto public java.lang.Integer com.micropower.manager.controller.LaborController.add(com.micropower.manager.model.po.User)
2017-09-18 11:23:47.756 [main] INFO  org.springframework.web.servlet.mvc.method.annotation.RequestMappingHandlerMapping - Mapped "{[/labor/delete]}" onto public java.lang.Integer com.micropower.manager.controller.LaborController.delete(java.lang.Integer)
2017-09-18 11:23:47.756 [main] INFO  org.springframework.web.servlet.mvc.method.annotation.RequestMappingHandlerMapping - Mapped "{[/labor/page]}" onto public com.lycheeframework.core.cmp.api.http.GsonData com.micropower.manager.controller.LaborController.page(com.micropower.manager.common.EasyPage)
2017-09-18 11:23:47.756 [main] INFO  org.springframework.web.servlet.mvc.method.annotation.RequestMappingHandlerMapping - Mapped "{[/labor/saveEdit]}" onto public java.lang.Integer com.micropower.manager.controller.LaborController.saveEdit(com.micropower.manager.model.po.User)
2017-09-18 11:23:47.756 [main] INFO  org.springframework.web.servlet.mvc.method.annotation.RequestMappingHandlerMapping - Mapped "{[/labor/toEditUI]}" onto public java.lang.String com.micropower.manager.controller.LaborController.toEditUI(java.lang.Integer,org.springframework.ui.Model)
2017-09-18 11:23:47.757 [main] INFO  org.springframework.web.servlet.mvc.method.annotation.RequestMappingHandlerMapping - Mapped "{[/saveconfig/update]}" onto public java.lang.Integer com.micropower.manager.controller.SaveConfigController.update(com.micropower.manager.model.po.Saveconfig)
2017-09-18 11:23:47.757 [main] INFO  org.springframework.web.servlet.mvc.method.annotation.RequestMappingHandlerMapping - Mapped "{[/saveconfig/list]}" onto public java.util.List<com.micropower.manager.model.po.Saveconfig> com.micropower.manager.controller.SaveConfigController.list()
2017-09-18 11:23:47.757 [main] INFO  org.springframework.web.servlet.mvc.method.annotation.RequestMappingHandlerMapping - Mapped "{[/saveconfig/page]}" onto public com.lycheeframework.core.cmp.api.http.GsonData com.micropower.manager.controller.SaveConfigController.page(com.micropower.manager.common.EasyPage)
2017-09-18 11:23:47.757 [main] INFO  org.springframework.web.servlet.mvc.method.annotation.RequestMappingHandlerMapping - Mapped "{[/saveconfig/toEditUI]}" onto public java.lang.String com.micropower.manager.controller.SaveConfigController.toEditUI(java.lang.Integer,org.springframework.ui.Model)
2017-09-18 11:23:47.761 [main] INFO  org.springframework.web.servlet.mvc.method.annotation.RequestMappingHandlerMapping - Mapped "{[/index]}" onto public java.lang.String com.micropower.manager.controller.ToUIController.index()
2017-09-18 11:23:47.761 [main] INFO  org.springframework.web.servlet.mvc.method.annotation.RequestMappingHandlerMapping - Mapped "{[/keySet]}" onto public java.lang.String com.micropower.manager.controller.ToUIController.keySet()
2017-09-18 11:23:47.761 [main] INFO  org.springframework.web.servlet.mvc.method.annotation.RequestMappingHandlerMapping - Mapped "{[/report]}" onto public java.lang.String com.micropower.manager.controller.ToUIController.report()
2017-09-18 11:23:47.761 [main] INFO  org.springframework.web.servlet.mvc.method.annotation.RequestMappingHandlerMapping - Mapped "{[/caseSet]}" onto public java.lang.String com.micropower.manager.controller.ToUIController.caseSet()
2017-09-18 11:23:47.761 [main] INFO  org.springframework.web.servlet.mvc.method.annotation.RequestMappingHandlerMapping - Mapped "{[/huanj]}" onto public java.lang.String com.micropower.manager.controller.ToUIController.huanj()
2017-09-18 11:23:47.761 [main] INFO  org.springframework.web.servlet.mvc.method.annotation.RequestMappingHandlerMapping - Mapped "{[/evenR]}" onto public java.lang.String com.micropower.manager.controller.ToUIController.evenR()
2017-09-18 11:23:47.761 [main] INFO  org.springframework.web.servlet.mvc.method.annotation.RequestMappingHandlerMapping - Mapped "{[/jizu]}" onto public java.lang.String com.micropower.manager.controller.ToUIController.jizu()
2017-09-18 11:23:47.762 [main] INFO  org.springframework.web.servlet.mvc.method.annotation.RequestMappingHandlerMapping - Mapped "{[/evenC]}" onto public java.lang.String com.micropower.manager.controller.ToUIController.evenC()
2017-09-18 11:23:47.762 [main] INFO  org.springframework.web.servlet.mvc.method.annotation.RequestMappingHandlerMapping - Mapped "{[/powerSet]}" onto public java.lang.String com.micropower.manager.controller.ToUIController.powerSet()
2017-09-18 11:23:47.762 [main] INFO  org.springframework.web.servlet.mvc.method.annotation.RequestMappingHandlerMapping - Mapped "{[/policeSet]}" onto public java.lang.String com.micropower.manager.controller.ToUIController.policeSet()
2017-09-18 11:23:47.762 [main] INFO  org.springframework.web.servlet.mvc.method.annotation.RequestMappingHandlerMapping - Mapped "{[/huanjing]}" onto public java.lang.String com.micropower.manager.controller.ToUIController.huanjing()
2017-09-18 11:23:47.762 [main] INFO  org.springframework.web.servlet.mvc.method.annotation.RequestMappingHandlerMapping - Mapped "{[/setTimt]}" onto public java.lang.String com.micropower.manager.controller.ToUIController.setTimt()
2017-09-18 11:23:47.762 [main] INFO  org.springframework.web.servlet.mvc.method.annotation.RequestMappingHandlerMapping - Mapped "{[/userSet]}" onto public java.lang.String com.micropower.manager.controller.ToUIController.userSet()
2017-09-18 11:23:47.763 [main] INFO  org.springframework.web.servlet.mvc.method.annotation.RequestMappingHandlerMapping - Mapped "{[/user/save]}" onto public java.lang.Integer com.micropower.manager.controller.UserController.add(com.micropower.manager.model.po.User,java.lang.String)
2017-09-18 11:23:47.764 [main] INFO  org.springframework.web.servlet.mvc.method.annotation.RequestMappingHandlerMapping - Mapped "{[/user/delete]}" onto public java.lang.Integer com.micropower.manager.controller.UserController.delete(java.lang.Integer)
2017-09-18 11:23:47.764 [main] INFO  org.springframework.web.servlet.mvc.method.annotation.RequestMappingHandlerMapping - Mapped "{[/user/list]}" onto public java.util.List<com.micropower.manager.model.pojo.UserPojo> com.micropower.manager.controller.UserController.list()
2017-09-18 11:23:47.764 [main] INFO  org.springframework.web.servlet.mvc.method.annotation.RequestMappingHandlerMapping - Mapped "{[/user/page]}" onto public com.lycheeframework.core.cmp.api.http.GsonData com.micropower.manager.controller.UserController.page(com.micropower.manager.common.EasyPage)
2017-09-18 11:23:47.764 [main] INFO  org.springframework.web.servlet.mvc.method.annotation.RequestMappingHandlerMapping - Mapped "{[/user/listusers]}" onto public java.util.List<com.micropower.manager.model.po.User> com.micropower.manager.controller.UserController.listusers()
2017-09-18 11:23:47.764 [main] INFO  org.springframework.web.servlet.mvc.method.annotation.RequestMappingHandlerMapping - Mapped "{[/user/listrole]}" onto public java.util.List<com.micropower.manager.model.po.Role> com.micropower.manager.controller.UserController.listrole()
2017-09-18 11:23:47.764 [main] INFO  org.springframework.web.servlet.mvc.method.annotation.RequestMappingHandlerMapping - Mapped "{[/user/saveEdit]}" onto public java.lang.Integer com.micropower.manager.controller.UserController.saveEdit(com.micropower.manager.model.po.User)
2017-09-18 11:23:47.764 [main] INFO  org.springframework.web.servlet.mvc.method.annotation.RequestMappingHandlerMapping - Mapped "{[/user/toEditUI]}" onto public java.lang.String com.micropower.manager.controller.UserController.toEditUI(java.lang.Integer,org.springframework.ui.Model)
2017-09-18 11:23:47.765 [main] INFO  org.springframework.web.servlet.mvc.method.annotation.RequestMappingHandlerMapping - Mapped "{[/warnlog/delete]}" onto public java.lang.Integer com.micropower.manager.controller.WarnLogController.delete(java.lang.Integer)
2017-09-18 11:23:47.765 [main] INFO  org.springframework.web.servlet.mvc.method.annotation.RequestMappingHandlerMapping - Mapped "{[/warnlog/list]}" onto public com.lycheeframework.core.cmp.api.http.GsonData com.micropower.manager.controller.WarnLogController.list(javax.servlet.http.HttpServletRequest,com.micropower.manager.common.EasyPage)
2017-09-18 11:23:47.765 [main] INFO  org.springframework.web.servlet.mvc.method.annotation.RequestMappingHandlerMapping - Mapped "{[/warnlog/page]}" onto public com.lycheeframework.core.cmp.api.http.GsonData com.micropower.manager.controller.WarnLogController.page(javax.servlet.http.HttpServletRequest,com.micropower.manager.common.EasyPage)
2017-09-18 11:23:47.766 [main] INFO  org.springframework.web.servlet.mvc.method.annotation.RequestMappingHandlerMapping - Mapped "{[/warnlog/getwarninfo]}" onto public java.lang.String com.micropower.manager.controller.WarnLogController.getwarninfo(javax.servlet.http.HttpServletRequest)
2017-09-18 11:23:47.766 [main] INFO  org.springframework.web.servlet.mvc.method.annotation.RequestMappingHandlerMapping - Mapped "{[/warnlog/saveRepair]}" onto public java.lang.Integer com.micropower.manager.controller.WarnLogController.saveRepair(com.micropower.manager.model.po.Warnlog)
2017-09-18 11:23:47.766 [main] INFO  org.springframework.web.servlet.mvc.method.annotation.RequestMappingHandlerMapping - Mapped "{[/warnlog/initwarntype]}" onto public java.util.List<com.micropower.manager.model.po.Warntype> com.micropower.manager.controller.WarnLogController.initwarntype()
2017-09-18 11:23:47.767 [main] INFO  org.springframework.web.servlet.mvc.method.annotation.RequestMappingHandlerMapping - Mapped "{[/warntimeperiod/add]}" onto public java.lang.Integer com.micropower.manager.controller.WarnTimePeriodController.add(com.micropower.manager.model.po.Warntimeperiod)
2017-09-18 11:23:47.767 [main] INFO  org.springframework.web.servlet.mvc.method.annotation.RequestMappingHandlerMapping - Mapped "{[/warntimeperiod/delete]}" onto public java.lang.Integer com.micropower.manager.controller.WarnTimePeriodController.delete(java.lang.Integer)
2017-09-18 11:23:47.767 [main] INFO  org.springframework.web.servlet.mvc.method.annotation.RequestMappingHandlerMapping - Mapped "{[/warntimeperiod/list]}" onto public java.util.List<com.micropower.manager.model.po.Warntimeperiod> com.micropower.manager.controller.WarnTimePeriodController.list()
2017-09-18 11:23:47.767 [main] INFO  org.springframework.web.servlet.mvc.method.annotation.RequestMappingHandlerMapping - Mapped "{[/warntimeperiod/listpojo]}" onto public java.util.List<com.micropower.manager.model.pojo.WarntimeperiodPojo> com.micropower.manager.controller.WarnTimePeriodController.listpojo()
2017-09-18 11:23:47.767 [main] INFO  org.springframework.web.servlet.mvc.method.annotation.RequestMappingHandlerMapping - Mapped "{[/warntimeperiod/saveEdit]}" onto public java.lang.Integer com.micropower.manager.controller.WarnTimePeriodController.saveEdit(com.micropower.manager.model.pojo.WarntimeperiodPojo)
2017-09-18 11:23:47.767 [main] INFO  org.springframework.web.servlet.mvc.method.annotation.RequestMappingHandlerMapping - Mapped "{[/warntimeperiod/toEditUI]}" onto public java.lang.String com.micropower.manager.controller.WarnTimePeriodController.toEditUI(java.lang.Integer,org.springframework.ui.Model)
2017-09-18 11:23:48.376 [main] INFO  org.springframework.web.servlet.mvc.method.annotation.RequestMappingHandlerAdapter - Looking for @ControllerAdvice: org.springframework.web.context.support.GenericWebApplicationContext@70beb599: startup date [Mon Sep 18 11:23:44 CST 2017]; root of context hierarchy
2017-09-18 11:23:48.465 [main] INFO  org.springframework.web.servlet.mvc.method.annotation.RequestMappingHandlerAdapter - Looking for @ControllerAdvice: org.springframework.web.context.support.GenericWebApplicationContext@70beb599: startup date [Mon Sep 18 11:23:44 CST 2017]; root of context hierarchy
2017-09-18 11:23:48.541 [main] INFO  org.springframework.web.servlet.view.velocity.VelocityConfigurer - ClasspathResourceLoader with name 'springMacro' added to configured VelocityEngine
2017-09-18 11:23:49.156 [main] INFO  org.springframework.web.servlet.view.velocity.VelocityViewResolver - Using VelocityToolboxView instead of default VelocityView due to specified toolboxConfigLocation
2017-09-18 11:23:49.325 [main] INFO  org.springframework.mock.web.MockServletContext - Initializing Spring FrameworkServlet ''
2017-09-18 11:23:49.325 [main] INFO  org.springframework.test.web.servlet.TestDispatcherServlet - FrameworkServlet '': initialization started
2017-09-18 11:23:49.347 [main] INFO  org.springframework.test.web.servlet.TestDispatcherServlet - FrameworkServlet '': initialization completed in 22 ms
2017-09-18 11:23:49.384 [Thread-3] INFO  org.springframework.web.context.support.GenericWebApplicationContext - Closing org.springframework.web.context.support.GenericWebApplicationContext@70beb599: startup date [Mon Sep 18 11:23:44 CST 2017]; root of context hierarchy
2017-09-18 11:23:49.387 [Thread-3] INFO  org.springframework.cache.ehcache.EhCacheManagerFactoryBean - Shutting down EhCache CacheManager
2017-09-18 11:23:49.393 [Thread-3] INFO  org.springframework.scheduling.concurrent.ThreadPoolTaskScheduler - Shutting down ExecutorService 'qbScheduler'
2017-09-18 11:24:58.805 [main] INFO  org.springframework.test.context.web.WebTestContextBootstrapper - Using TestExecutionListeners: [org.springframework.test.context.support.DependencyInjectionTestExecutionListener@5fdba6f9]
2017-09-18 11:24:58.926 [main] INFO  org.springframework.beans.factory.xml.XmlBeanDefinitionReader - Loading XML bean definitions from file [D:\code\monitor\trunk\monitor\target\classes\META-INF\spring\app-dataSource.xml]
2017-09-18 11:24:59.088 [main] INFO  org.springframework.beans.factory.xml.XmlBeanDefinitionReader - Loading XML bean definitions from file [D:\code\monitor\trunk\monitor\target\classes\META-INF\spring\app-framework.xml]
2017-09-18 11:24:59.214 [main] INFO  org.springframework.beans.factory.xml.XmlBeanDefinitionReader - Loading XML bean definitions from URL [file:src/main/webapp/WEB-INF/webmvc-servlet.xml]
2017-09-18 11:24:59.523 [main] INFO  org.springframework.web.context.support.GenericWebApplicationContext - Refreshing org.springframework.web.context.support.GenericWebApplicationContext@70beb599: startup date [Mon Sep 18 11:24:59 CST 2017]; root of context hierarchy
2017-09-18 11:24:59.942 [main] INFO  com.lycheeframework.core.common.placeholder.CustomPlaceholder - Local Mac Address is: 408d5cec61f0
2017-09-18 11:25:00.068 [main] INFO  org.springframework.scheduling.concurrent.ThreadPoolTaskScheduler - Initializing ExecutorService  'qbScheduler'
2017-09-18 11:25:00.068 [main] INFO  org.springframework.context.support.PostProcessorRegistrationDelegate$BeanPostProcessorChecker - Bean 'qbScheduler' of type [class org.springframework.scheduling.concurrent.ThreadPoolTaskScheduler] is not eligible for getting processed by all BeanPostProcessors (for example: not eligible for auto-proxying)
2017-09-18 11:25:01.500 [main] INFO  org.springframework.cache.ehcache.EhCacheManagerFactoryBean - Initializing EhCache CacheManager
2017-09-18 11:25:02.395 [main] INFO  org.springframework.web.servlet.handler.SimpleUrlHandlerMapping - Mapped URL path [/source/**] onto handler 'org.springframework.web.servlet.resource.ResourceHttpRequestHandler#0'
2017-09-18 11:25:02.420 [main] INFO  org.springframework.web.servlet.handler.SimpleUrlHandlerMapping - Mapped URL path [/source/**] onto handler 'resourceHttpRequestHandler'
2017-09-18 11:25:02.448 [main] INFO  org.springframework.web.servlet.mvc.method.annotation.RequestMappingHandlerMapping - Mapped "{[/alarmthreshold/updateAlarmThreshold]}" onto public java.lang.Integer com.micropower.manager.controller.AlarmthresholdController.updateAlarmThreshold(com.micropower.manager.model.po.Alarmthreshold)
2017-09-18 11:25:02.449 [main] INFO  org.springframework.web.servlet.mvc.method.annotation.RequestMappingHandlerMapping - Mapped "{[/alarmthreshold/queryOnlyOne]}" onto public com.micropower.manager.model.po.Alarmthreshold com.micropower.manager.controller.AlarmthresholdController.queryOnlyOne()
2017-09-18 11:25:02.449 [main] INFO  org.springframework.web.servlet.mvc.method.annotation.RequestMappingHandlerMapping - Mapped "{[/alarmthreshold/recoverDefault]}" onto public java.lang.Integer com.micropower.manager.controller.AlarmthresholdController.recoverDefault()
2017-09-18 11:25:02.449 [main] INFO  org.springframework.web.servlet.mvc.method.annotation.RequestMappingHandlerMapping - Mapped "{[/data/allinfo]}" onto public java.util.Map<java.lang.String, java.lang.String> com.micropower.manager.controller.DataParseController.allinfo(javax.servlet.http.HttpServletRequest)
2017-09-18 11:25:02.449 [main] INFO  org.springframework.web.servlet.mvc.method.annotation.RequestMappingHandlerMapping - Mapped "{[/data/getTHinfo]}" onto public java.util.Map<java.lang.String, java.util.List> com.micropower.manager.controller.DataParseController.getTHinfo(java.lang.Integer)
2017-09-18 11:25:02.454 [main] INFO  org.springframework.web.servlet.mvc.method.annotation.RequestMappingHandlerMapping - Mapped "{[/device/delete]}" onto public java.lang.Integer com.micropower.manager.controller.DeviceController.delete(java.lang.Integer)
2017-09-18 11:25:02.454 [main] INFO  org.springframework.web.servlet.mvc.method.annotation.RequestMappingHandlerMapping - Mapped "{[/device/list]}" onto public java.util.List<java.util.Map<java.lang.String, java.lang.Object>> com.micropower.manager.controller.DeviceController.list()
2017-09-18 11:25:02.454 [main] INFO  org.springframework.web.servlet.mvc.method.annotation.RequestMappingHandlerMapping - Mapped "{[/device/pauseDeviceWarnConfig]}" onto public java.lang.Integer com.micropower.manager.controller.DeviceController.pauseDeviceWarnConfig(java.lang.Integer,java.lang.Integer)
2017-09-18 11:25:02.454 [main] INFO  org.springframework.web.servlet.mvc.method.annotation.RequestMappingHandlerMapping - Mapped "{[/device/getdevicepojoselflist]}" onto public java.util.List<com.micropower.manager.model.pojo.DevicePojo> com.micropower.manager.controller.DeviceController.getdevicepojoselflist()
2017-09-18 11:25:02.455 [main] INFO  org.springframework.web.servlet.mvc.method.annotation.RequestMappingHandlerMapping - Mapped "{[/device/getdevicepojolist]}" onto public java.util.List<com.micropower.manager.model.pojo.DevicePojo> com.micropower.manager.controller.DeviceController.getdevicepojolist()
2017-09-18 11:25:02.455 [main] INFO  org.springframework.web.servlet.mvc.method.annotation.RequestMappingHandlerMapping - Mapped "{[/device/saveedit]}" onto public java.lang.Integer com.micropower.manager.controller.DeviceController.saveedit(com.micropower.manager.model.po.Device)
2017-09-18 11:25:02.455 [main] INFO  org.springframework.web.servlet.mvc.method.annotation.RequestMappingHandlerMapping - Mapped "{[/device/getDeviceById]}" onto public com.micropower.manager.model.pojo.DevicePojo com.micropower.manager.controller.DeviceController.getDeviceById(java.lang.Integer)
2017-09-18 11:25:02.455 [main] INFO  org.springframework.web.servlet.mvc.method.annotation.RequestMappingHandlerMapping - Mapped "{[/device/toadd]}" onto public java.util.Map<java.lang.String, java.util.List<com.micropower.manager.model.po.Warntimeperiod>> com.micropower.manager.controller.DeviceController.toadd()
2017-09-18 11:25:02.455 [main] INFO  org.springframework.web.servlet.mvc.method.annotation.RequestMappingHandlerMapping - Mapped "{[/device/saveadd]}" onto public java.lang.Integer com.micropower.manager.controller.DeviceController.saveadd(com.micropower.manager.model.po.Device)
2017-09-18 11:25:02.461 [main] INFO  org.springframework.web.servlet.mvc.method.annotation.RequestMappingHandlerMapping - Mapped "{[/labor/add]}" onto public java.lang.Integer com.micropower.manager.controller.LaborController.add(com.micropower.manager.model.po.User)
2017-09-18 11:25:02.462 [main] INFO  org.springframework.web.servlet.mvc.method.annotation.RequestMappingHandlerMapping - Mapped "{[/labor/delete]}" onto public java.lang.Integer com.micropower.manager.controller.LaborController.delete(java.lang.Integer)
2017-09-18 11:25:02.462 [main] INFO  org.springframework.web.servlet.mvc.method.annotation.RequestMappingHandlerMapping - Mapped "{[/labor/page]}" onto public com.lycheeframework.core.cmp.api.http.GsonData com.micropower.manager.controller.LaborController.page(com.micropower.manager.common.EasyPage)
2017-09-18 11:25:02.462 [main] INFO  org.springframework.web.servlet.mvc.method.annotation.RequestMappingHandlerMapping - Mapped "{[/labor/toEditUI]}" onto public java.lang.String com.micropower.manager.controller.LaborController.toEditUI(java.lang.Integer,org.springframework.ui.Model)
2017-09-18 11:25:02.462 [main] INFO  org.springframework.web.servlet.mvc.method.annotation.RequestMappingHandlerMapping - Mapped "{[/labor/saveEdit]}" onto public java.lang.Integer com.micropower.manager.controller.LaborController.saveEdit(com.micropower.manager.model.po.User)
2017-09-18 11:25:02.463 [main] INFO  org.springframework.web.servlet.mvc.method.annotation.RequestMappingHandlerMapping - Mapped "{[/saveconfig/update]}" onto public java.lang.Integer com.micropower.manager.controller.SaveConfigController.update(com.micropower.manager.model.po.Saveconfig)
2017-09-18 11:25:02.463 [main] INFO  org.springframework.web.servlet.mvc.method.annotation.RequestMappingHandlerMapping - Mapped "{[/saveconfig/list]}" onto public java.util.List<com.micropower.manager.model.po.Saveconfig> com.micropower.manager.controller.SaveConfigController.list()
2017-09-18 11:25:02.463 [main] INFO  org.springframework.web.servlet.mvc.method.annotation.RequestMappingHandlerMapping - Mapped "{[/saveconfig/page]}" onto public com.lycheeframework.core.cmp.api.http.GsonData com.micropower.manager.controller.SaveConfigController.page(com.micropower.manager.common.EasyPage)
2017-09-18 11:25:02.463 [main] INFO  org.springframework.web.servlet.mvc.method.annotation.RequestMappingHandlerMapping - Mapped "{[/saveconfig/toEditUI]}" onto public java.lang.String com.micropower.manager.controller.SaveConfigController.toEditUI(java.lang.Integer,org.springframework.ui.Model)
2017-09-18 11:25:02.466 [main] INFO  org.springframework.web.servlet.mvc.method.annotation.RequestMappingHandlerMapping - Mapped "{[/index]}" onto public java.lang.String com.micropower.manager.controller.ToUIController.index()
2017-09-18 11:25:02.466 [main] INFO  org.springframework.web.servlet.mvc.method.annotation.RequestMappingHandlerMapping - Mapped "{[/keySet]}" onto public java.lang.String com.micropower.manager.controller.ToUIController.keySet()
2017-09-18 11:25:02.467 [main] INFO  org.springframework.web.servlet.mvc.method.annotation.RequestMappingHandlerMapping - Mapped "{[/report]}" onto public java.lang.String com.micropower.manager.controller.ToUIController.report()
2017-09-18 11:25:02.467 [main] INFO  org.springframework.web.servlet.mvc.method.annotation.RequestMappingHandlerMapping - Mapped "{[/setTimt]}" onto public java.lang.String com.micropower.manager.controller.ToUIController.setTimt()
2017-09-18 11:25:02.467 [main] INFO  org.springframework.web.servlet.mvc.method.annotation.RequestMappingHandlerMapping - Mapped "{[/jizu]}" onto public java.lang.String com.micropower.manager.controller.ToUIController.jizu()
2017-09-18 11:25:02.467 [main] INFO  org.springframework.web.servlet.mvc.method.annotation.RequestMappingHandlerMapping - Mapped "{[/evenC]}" onto public java.lang.String com.micropower.manager.controller.ToUIController.evenC()
2017-09-18 11:25:02.467 [main] INFO  org.springframework.web.servlet.mvc.method.annotation.RequestMappingHandlerMapping - Mapped "{[/userSet]}" onto public java.lang.String com.micropower.manager.controller.ToUIController.userSet()
2017-09-18 11:25:02.468 [main] INFO  org.springframework.web.servlet.mvc.method.annotation.RequestMappingHandlerMapping - Mapped "{[/huanjing]}" onto public java.lang.String com.micropower.manager.controller.ToUIController.huanjing()
2017-09-18 11:25:02.468 [main] INFO  org.springframework.web.servlet.mvc.method.annotation.RequestMappingHandlerMapping - Mapped "{[/huanj]}" onto public java.lang.String com.micropower.manager.controller.ToUIController.huanj()
2017-09-18 11:25:02.468 [main] INFO  org.springframework.web.servlet.mvc.method.annotation.RequestMappingHandlerMapping - Mapped "{[/policeSet]}" onto public java.lang.String com.micropower.manager.controller.ToUIController.policeSet()
2017-09-18 11:25:02.468 [main] INFO  org.springframework.web.servlet.mvc.method.annotation.RequestMappingHandlerMapping - Mapped "{[/caseSet]}" onto public java.lang.String com.micropower.manager.controller.ToUIController.caseSet()
2017-09-18 11:25:02.468 [main] INFO  org.springframework.web.servlet.mvc.method.annotation.RequestMappingHandlerMapping - Mapped "{[/powerSet]}" onto public java.lang.String com.micropower.manager.controller.ToUIController.powerSet()
2017-09-18 11:25:02.471 [main] INFO  org.springframework.web.servlet.mvc.method.annotation.RequestMappingHandlerMapping - Mapped "{[/evenR]}" onto public java.lang.String com.micropower.manager.controller.ToUIController.evenR()
2017-09-18 11:25:02.474 [main] INFO  org.springframework.web.servlet.mvc.method.annotation.RequestMappingHandlerMapping - Mapped "{[/user/save]}" onto public java.lang.Integer com.micropower.manager.controller.UserController.add(com.micropower.manager.model.po.User,java.lang.String)
2017-09-18 11:25:02.474 [main] INFO  org.springframework.web.servlet.mvc.method.annotation.RequestMappingHandlerMapping - Mapped "{[/user/delete]}" onto public java.lang.Integer com.micropower.manager.controller.UserController.delete(java.lang.Integer)
2017-09-18 11:25:02.474 [main] INFO  org.springframework.web.servlet.mvc.method.annotation.RequestMappingHandlerMapping - Mapped "{[/user/list]}" onto public java.util.List<com.micropower.manager.model.pojo.UserPojo> com.micropower.manager.controller.UserController.list()
2017-09-18 11:25:02.474 [main] INFO  org.springframework.web.servlet.mvc.method.annotation.RequestMappingHandlerMapping - Mapped "{[/user/page]}" onto public com.lycheeframework.core.cmp.api.http.GsonData com.micropower.manager.controller.UserController.page(com.micropower.manager.common.EasyPage)
2017-09-18 11:25:02.474 [main] INFO  org.springframework.web.servlet.mvc.method.annotation.RequestMappingHandlerMapping - Mapped "{[/user/listusers]}" onto public java.util.List<com.micropower.manager.model.po.User> com.micropower.manager.controller.UserController.listusers()
2017-09-18 11:25:02.475 [main] INFO  org.springframework.web.servlet.mvc.method.annotation.RequestMappingHandlerMapping - Mapped "{[/user/toEditUI]}" onto public java.lang.String com.micropower.manager.controller.UserController.toEditUI(java.lang.Integer,org.springframework.ui.Model)
2017-09-18 11:25:02.475 [main] INFO  org.springframework.web.servlet.mvc.method.annotation.RequestMappingHandlerMapping - Mapped "{[/user/saveEdit]}" onto public java.lang.Integer com.micropower.manager.controller.UserController.saveEdit(com.micropower.manager.model.po.User)
2017-09-18 11:25:02.476 [main] INFO  org.springframework.web.servlet.mvc.method.annotation.RequestMappingHandlerMapping - Mapped "{[/user/listrole]}" onto public java.util.List<com.micropower.manager.model.po.Role> com.micropower.manager.controller.UserController.listrole()
2017-09-18 11:25:02.477 [main] INFO  org.springframework.web.servlet.mvc.method.annotation.RequestMappingHandlerMapping - Mapped "{[/warnlog/delete]}" onto public java.lang.Integer com.micropower.manager.controller.WarnLogController.delete(java.lang.Integer)
2017-09-18 11:25:02.477 [main] INFO  org.springframework.web.servlet.mvc.method.annotation.RequestMappingHandlerMapping - Mapped "{[/warnlog/list]}" onto public com.lycheeframework.core.cmp.api.http.GsonData com.micropower.manager.controller.WarnLogController.list(javax.servlet.http.HttpServletRequest,com.micropower.manager.common.EasyPage)
2017-09-18 11:25:02.478 [main] INFO  org.springframework.web.servlet.mvc.method.annotation.RequestMappingHandlerMapping - Mapped "{[/warnlog/saveRepair]}" onto public java.lang.Integer com.micropower.manager.controller.WarnLogController.saveRepair(com.micropower.manager.model.po.Warnlog)
2017-09-18 11:25:02.478 [main] INFO  org.springframework.web.servlet.mvc.method.annotation.RequestMappingHandlerMapping - Mapped "{[/warnlog/page]}" onto public com.lycheeframework.core.cmp.api.http.GsonData com.micropower.manager.controller.WarnLogController.page(javax.servlet.http.HttpServletRequest,com.micropower.manager.common.EasyPage)
2017-09-18 11:25:02.478 [main] INFO  org.springframework.web.servlet.mvc.method.annotation.RequestMappingHandlerMapping - Mapped "{[/warnlog/getwarninfo]}" onto public java.lang.String com.micropower.manager.controller.WarnLogController.getwarninfo(javax.servlet.http.HttpServletRequest)
2017-09-18 11:25:02.478 [main] INFO  org.springframework.web.servlet.mvc.method.annotation.RequestMappingHandlerMapping - Mapped "{[/warnlog/initwarntype]}" onto public java.util.List<com.micropower.manager.model.po.Warntype> com.micropower.manager.controller.WarnLogController.initwarntype()
2017-09-18 11:25:02.479 [main] INFO  org.springframework.web.servlet.mvc.method.annotation.RequestMappingHandlerMapping - Mapped "{[/warntimeperiod/add]}" onto public java.lang.Integer com.micropower.manager.controller.WarnTimePeriodController.add(com.micropower.manager.model.po.Warntimeperiod)
2017-09-18 11:25:02.479 [main] INFO  org.springframework.web.servlet.mvc.method.annotation.RequestMappingHandlerMapping - Mapped "{[/warntimeperiod/delete]}" onto public java.lang.Integer com.micropower.manager.controller.WarnTimePeriodController.delete(java.lang.Integer)
2017-09-18 11:25:02.479 [main] INFO  org.springframework.web.servlet.mvc.method.annotation.RequestMappingHandlerMapping - Mapped "{[/warntimeperiod/list]}" onto public java.util.List<com.micropower.manager.model.po.Warntimeperiod> com.micropower.manager.controller.WarnTimePeriodController.list()
2017-09-18 11:25:02.479 [main] INFO  org.springframework.web.servlet.mvc.method.annotation.RequestMappingHandlerMapping - Mapped "{[/warntimeperiod/listpojo]}" onto public java.util.List<com.micropower.manager.model.pojo.WarntimeperiodPojo> com.micropower.manager.controller.WarnTimePeriodController.listpojo()
2017-09-18 11:25:02.480 [main] INFO  org.springframework.web.servlet.mvc.method.annotation.RequestMappingHandlerMapping - Mapped "{[/warntimeperiod/toEditUI]}" onto public java.lang.String com.micropower.manager.controller.WarnTimePeriodController.toEditUI(java.lang.Integer,org.springframework.ui.Model)
2017-09-18 11:25:02.480 [main] INFO  org.springframework.web.servlet.mvc.method.annotation.RequestMappingHandlerMapping - Mapped "{[/warntimeperiod/saveEdit]}" onto public java.lang.Integer com.micropower.manager.controller.WarnTimePeriodController.saveEdit(com.micropower.manager.model.pojo.WarntimeperiodPojo)
2017-09-18 11:25:02.949 [main] INFO  org.springframework.web.servlet.mvc.method.annotation.RequestMappingHandlerAdapter - Looking for @ControllerAdvice: org.springframework.web.context.support.GenericWebApplicationContext@70beb599: startup date [Mon Sep 18 11:24:59 CST 2017]; root of context hierarchy
2017-09-18 11:25:03.008 [main] INFO  org.springframework.web.servlet.mvc.method.annotation.RequestMappingHandlerAdapter - Looking for @ControllerAdvice: org.springframework.web.context.support.GenericWebApplicationContext@70beb599: startup date [Mon Sep 18 11:24:59 CST 2017]; root of context hierarchy
2017-09-18 11:25:03.099 [main] INFO  org.springframework.web.servlet.view.velocity.VelocityConfigurer - ClasspathResourceLoader with name 'springMacro' added to configured VelocityEngine
2017-09-18 11:25:03.336 [main] INFO  org.springframework.web.servlet.view.velocity.VelocityViewResolver - Using VelocityToolboxView instead of default VelocityView due to specified toolboxConfigLocation
2017-09-18 11:25:03.452 [main] INFO  org.springframework.mock.web.MockServletContext - Initializing Spring FrameworkServlet ''
2017-09-18 11:25:03.452 [main] INFO  org.springframework.test.web.servlet.TestDispatcherServlet - FrameworkServlet '': initialization started
2017-09-18 11:25:03.475 [main] INFO  org.springframework.test.web.servlet.TestDispatcherServlet - FrameworkServlet '': initialization completed in 23 ms
2017-09-18 11:25:03.779 [Thread-3] INFO  org.springframework.web.context.support.GenericWebApplicationContext - Closing org.springframework.web.context.support.GenericWebApplicationContext@70beb599: startup date [Mon Sep 18 11:24:59 CST 2017]; root of context hierarchy
2017-09-18 11:25:03.782 [Thread-3] INFO  org.springframework.cache.ehcache.EhCacheManagerFactoryBean - Shutting down EhCache CacheManager
2017-09-18 11:25:03.789 [Thread-3] INFO  org.springframework.scheduling.concurrent.ThreadPoolTaskScheduler - Shutting down ExecutorService 'qbScheduler'
